                                      1 ;--------------------------------------------------------
                                      2 ; File Created by SDCC : free open source ISO C Compiler 
                                      3 ; Version 4.2.2 #13350 (MINGW64)
                                      4 ;--------------------------------------------------------
                                      5 	.module Character
                                      6 	.optsdcc -msm83
                                      7 	
                                      8 ;--------------------------------------------------------
                                      9 ; Public variables in this module
                                     10 ;--------------------------------------------------------
                                     11 	.globl _numberOfDirectionsCharacterCanMoveIn
                                     12 	.globl _directionsCharacterCanMoveIn
                                     13 	.globl _GetDirectionsCharacterCanMoveIn
                                     14 	.globl _CanCharacterMoveInThisDirection
                                     15 	.globl _TryChangeDirection
                                     16 	.globl _MoveForward
                                     17 	.globl _DrawCharacter
                                     18 ;--------------------------------------------------------
                                     19 ; special function registers
                                     20 ;--------------------------------------------------------
                                     21 ;--------------------------------------------------------
                                     22 ; ram data
                                     23 ;--------------------------------------------------------
                                     24 	.area _DATA
                                     25 ;--------------------------------------------------------
                                     26 ; ram data
                                     27 ;--------------------------------------------------------
                                     28 	.area _INITIALIZED
      000000                         29 _directionsCharacterCanMoveIn::
      000000                         30 	.ds 4
      000004                         31 _numberOfDirectionsCharacterCanMoveIn::
      000004                         32 	.ds 1
                                     33 ;--------------------------------------------------------
                                     34 ; absolute external ram data
                                     35 ;--------------------------------------------------------
                                     36 	.area _DABS (ABS)
                                     37 ;--------------------------------------------------------
                                     38 ; global & static initialisations
                                     39 ;--------------------------------------------------------
                                     40 	.area _HOME
                                     41 	.area _GSINIT
                                     42 	.area _GSFINAL
                                     43 	.area _GSINIT
                                     44 ;--------------------------------------------------------
                                     45 ; Home
                                     46 ;--------------------------------------------------------
                                     47 	.area _HOME
                                     48 	.area _HOME
                                     49 ;--------------------------------------------------------
                                     50 ; code
                                     51 ;--------------------------------------------------------
                                     52 	.area _CODE
                                     53 ;D:\Github\Gameboy-Homebrew\GBDK-Tutorials\Games\Pacman-From-Scratch\source\default\Gameplay\Character.c:11: void GetDirectionsCharacterCanMoveIn(Character *character,uint8_t allowReverse){
                                     54 ;	---------------------------------
                                     55 ; Function GetDirectionsCharacterCanMoveIn
                                     56 ; ---------------------------------
      000000                         57 _GetDirectionsCharacterCanMoveIn::
                                     58 ;D:\Github\Gameboy-Homebrew\GBDK-Tutorials\Games\Pacman-From-Scratch\source\default\Gameplay\Character.c:12: }
      000000 C9               [16]   59 	ret
                                     60 ;D:\Github\Gameboy-Homebrew\GBDK-Tutorials\Games\Pacman-From-Scratch\source\default\Gameplay\Character.c:14: uint8_t CanCharacterMoveInThisDirection(Character *character, uint8_t direction){
                                     61 ;	---------------------------------
                                     62 ; Function CanCharacterMoveInThisDirection
                                     63 ; ---------------------------------
      000001                         64 _CanCharacterMoveInThisDirection::
                                     65 ;D:\Github\Gameboy-Homebrew\GBDK-Tutorials\Games\Pacman-From-Scratch\source\default\Gameplay\Character.c:16: return 0;
      000001 AF               [ 4]   66 	xor	a, a
                                     67 ;D:\Github\Gameboy-Homebrew\GBDK-Tutorials\Games\Pacman-From-Scratch\source\default\Gameplay\Character.c:17: }
      000002 C9               [16]   68 	ret
                                     69 ;D:\Github\Gameboy-Homebrew\GBDK-Tutorials\Games\Pacman-From-Scratch\source\default\Gameplay\Character.c:20: void TryChangeDirection(Character *character, uint8_t nextDirection){
                                     70 ;	---------------------------------
                                     71 ; Function TryChangeDirection
                                     72 ; ---------------------------------
      000003                         73 _TryChangeDirection::
                                     74 ;D:\Github\Gameboy-Homebrew\GBDK-Tutorials\Games\Pacman-From-Scratch\source\default\Gameplay\Character.c:21: }
      000003 C9               [16]   75 	ret
                                     76 ;D:\Github\Gameboy-Homebrew\GBDK-Tutorials\Games\Pacman-From-Scratch\source\default\Gameplay\Character.c:23: uint8_t MoveForward(Character *character, uint8_t speed){
                                     77 ;	---------------------------------
                                     78 ; Function MoveForward
                                     79 ; ---------------------------------
      000004                         80 _MoveForward::
                                     81 ;D:\Github\Gameboy-Homebrew\GBDK-Tutorials\Games\Pacman-From-Scratch\source\default\Gameplay\Character.c:24: return 0;
      000004 AF               [ 4]   82 	xor	a, a
                                     83 ;D:\Github\Gameboy-Homebrew\GBDK-Tutorials\Games\Pacman-From-Scratch\source\default\Gameplay\Character.c:25: }
      000005 C9               [16]   84 	ret
                                     85 ;D:\Github\Gameboy-Homebrew\GBDK-Tutorials\Games\Pacman-From-Scratch\source\default\Gameplay\Character.c:27: void DrawCharacter(Character *character, metasprite_t const *metasprites, uint8_t baseSprite, uint8_t baseTile){
                                     86 ;	---------------------------------
                                     87 ; Function DrawCharacter
                                     88 ; ---------------------------------
      000006                         89 _DrawCharacter::
                                     90 ;D:\Github\Gameboy-Homebrew\GBDK-Tutorials\Games\Pacman-From-Scratch\source\default\Gameplay\Character.c:28: }
      000006 E1               [12]   91 	pop	hl
      000007 F1               [12]   92 	pop	af
      000008 E9               [ 4]   93 	jp	(hl)
                                     94 	.area _CODE
                                     95 	.area _INITIALIZER
      000000                         96 __xinit__directionsCharacterCanMoveIn:
      000000 00                      97 	.db #0x00	; 0
      000001 00                      98 	.db #0x00	; 0
      000002 00                      99 	.db #0x00	; 0
      000003 00                     100 	.db #0x00	; 0
      000004                        101 __xinit__numberOfDirectionsCharacterCanMoveIn:
      000004 00                     102 	.db #0x00	; 0
                                    103 	.area _CABS (ABS)
