                                      1 ;--------------------------------------------------------
                                      2 ; File Created by SDCC : free open source ISO C Compiler 
                                      3 ; Version 4.2.2 #13350 (MINGW64)
                                      4 ;--------------------------------------------------------
                                      5 	.module PacmanEatenRight
                                      6 	.optsdcc -msm83
                                      7 	
                                      8 ;--------------------------------------------------------
                                      9 ; Public variables in this module
                                     10 ;--------------------------------------------------------
                                     11 	.globl _PacmanEatenRight_metasprites
                                     12 	.globl _PacmanEatenRight_metasprite7
                                     13 	.globl _PacmanEatenRight_metasprite6
                                     14 	.globl _PacmanEatenRight_metasprite5
                                     15 	.globl _PacmanEatenRight_metasprite4
                                     16 	.globl _PacmanEatenRight_metasprite3
                                     17 	.globl _PacmanEatenRight_metasprite2
                                     18 	.globl _PacmanEatenRight_metasprite1
                                     19 	.globl _PacmanEatenRight_metasprite0
                                     20 	.globl _PacmanEatenRight_tiles
                                     21 	.globl _PacmanEatenRight_palettes
                                     22 	.globl b___func_PacmanEatenRight
                                     23 	.globl ___func_PacmanEatenRight
                                     24 ;--------------------------------------------------------
                                     25 ; special function registers
                                     26 ;--------------------------------------------------------
                                     27 ;--------------------------------------------------------
                                     28 ; ram data
                                     29 ;--------------------------------------------------------
                                     30 	.area _DATA
                                     31 ;--------------------------------------------------------
                                     32 ; ram data
                                     33 ;--------------------------------------------------------
                                     34 	.area _INITIALIZED
                                     35 ;--------------------------------------------------------
                                     36 ; absolute external ram data
                                     37 ;--------------------------------------------------------
                                     38 	.area _DABS (ABS)
                                     39 ;--------------------------------------------------------
                                     40 ; global & static initialisations
                                     41 ;--------------------------------------------------------
                                     42 	.area _HOME
                                     43 	.area _GSINIT
                                     44 	.area _GSFINAL
                                     45 	.area _GSINIT
                                     46 ;--------------------------------------------------------
                                     47 ; Home
                                     48 ;--------------------------------------------------------
                                     49 	.area _HOME
                                     50 	.area _HOME
                                     51 ;--------------------------------------------------------
                                     52 ; code
                                     53 ;--------------------------------------------------------
                                     54 	.area _CODE
                                     55 ;D:\Github\Gameboy-Homebrew\GBDK-Tutorials\Games\Pacman-From-Scratch\source\gen\default\graphics\PacmanEatenRight.c:7: BANKREF(PacmanEatenRight)
                                     56 ;	---------------------------------
                                     57 ; Function __func_PacmanEatenRight
                                     58 ; ---------------------------------
                           000000    59 	b___func_PacmanEatenRight	= 0
      000000                         60 ___func_PacmanEatenRight::
                                     61 	.local b___func_PacmanEatenRight 
                           000000    62 	___bank_PacmanEatenRight = b___func_PacmanEatenRight 
                                     63 	.globl ___bank_PacmanEatenRight 
                                     64 	.area _CODE
      000000                         65 _PacmanEatenRight_palettes:
      000000 00 41                   66 	.dw #0x4100
      000002 FF 03                   67 	.dw #0x03ff
      000004 FF 7F                   68 	.dw #0x7fff
      000006 00 00                   69 	.dw #0x0000
      000008 00 00                   70 	.dw #0x0000
      00000A 00 7F                   71 	.dw #0x7f00
      00000C 00 68                   72 	.dw #0x6800
      00000E FF 7F                   73 	.dw #0x7fff
      000010 00 00                   74 	.dw #0x0000
      000012 1F 00                   75 	.dw #0x001f
      000014 00 68                   76 	.dw #0x6800
      000016 FF 7F                   77 	.dw #0x7fff
      000018 00 00                   78 	.dw #0x0000
      00001A 3F 4E                   79 	.dw #0x4e3f
      00001C 00 68                   80 	.dw #0x6800
      00001E FF 7F                   81 	.dw #0x7fff
      000020 00 00                   82 	.dw #0x0000
      000022 5F 02                   83 	.dw #0x025f
      000024 00 68                   84 	.dw #0x6800
      000026 FF 7F                   85 	.dw #0x7fff
      000028                         86 _PacmanEatenRight_tiles:
      000028 01                      87 	.db #0x01	; 1
      000029 01                      88 	.db #0x01	; 1
      00002A 03                      89 	.db #0x03	; 3
      00002B 02                      90 	.db #0x02	; 2
      00002C 07                      91 	.db #0x07	; 7
      00002D 04                      92 	.db #0x04	; 4
      00002E 07                      93 	.db #0x07	; 7
      00002F 04                      94 	.db #0x04	; 4
      000030 0F                      95 	.db #0x0f	; 15
      000031 08                      96 	.db #0x08	; 8
      000032 0F                      97 	.db #0x0f	; 15
      000033 08                      98 	.db #0x08	; 8
      000034 0F                      99 	.db #0x0f	; 15
      000035 09                     100 	.db #0x09	; 9
      000036 07                     101 	.db #0x07	; 7
      000037 05                     102 	.db #0x05	; 5
      000038 07                     103 	.db #0x07	; 7
      000039 05                     104 	.db #0x05	; 5
      00003A 0F                     105 	.db #0x0f	; 15
      00003B 09                     106 	.db #0x09	; 9
      00003C 0F                     107 	.db #0x0f	; 15
      00003D 08                     108 	.db #0x08	; 8
      00003E 0F                     109 	.db #0x0f	; 15
      00003F 08                     110 	.db #0x08	; 8
      000040 07                     111 	.db #0x07	; 7
      000041 04                     112 	.db #0x04	; 4
      000042 07                     113 	.db #0x07	; 7
      000043 04                     114 	.db #0x04	; 4
      000044 03                     115 	.db #0x03	; 3
      000045 02                     116 	.db #0x02	; 2
      000046 01                     117 	.db #0x01	; 1
      000047 01                     118 	.db #0x01	; 1
      000048 C0                     119 	.db #0xc0	; 192
      000049 C0                     120 	.db #0xc0	; 192
      00004A C0                     121 	.db #0xc0	; 192
      00004B 40                     122 	.db #0x40	; 64
      00004C C0                     123 	.db #0xc0	; 192
      00004D C0                     124 	.db #0xc0	; 192
      00004E 80                     125 	.db #0x80	; 128
      00004F 80                     126 	.db #0x80	; 128
      000050 80                     127 	.db #0x80	; 128
      000051 80                     128 	.db #0x80	; 128
      000052 80                     129 	.db #0x80	; 128
      000053 80                     130 	.db #0x80	; 128
      000054 00                     131 	.db #0x00	; 0
      000055 00                     132 	.db #0x00	; 0
      000056 00                     133 	.db #0x00	; 0
      000057 00                     134 	.db #0x00	; 0
      000058 00                     135 	.db #0x00	; 0
      000059 00                     136 	.db #0x00	; 0
      00005A 00                     137 	.db #0x00	; 0
      00005B 00                     138 	.db #0x00	; 0
      00005C 80                     139 	.db #0x80	; 128
      00005D 80                     140 	.db #0x80	; 128
      00005E 80                     141 	.db #0x80	; 128
      00005F 80                     142 	.db #0x80	; 128
      000060 80                     143 	.db #0x80	; 128
      000061 80                     144 	.db #0x80	; 128
      000062 C0                     145 	.db #0xc0	; 192
      000063 40                     146 	.db #0x40	; 64
      000064 C0                     147 	.db #0xc0	; 192
      000065 40                     148 	.db #0x40	; 64
      000066 C0                     149 	.db #0xc0	; 192
      000067 C0                     150 	.db #0xc0	; 192
      000068 03                     151 	.db #0x03	; 3
      000069 03                     152 	.db #0x03	; 3
      00006A 07                     153 	.db #0x07	; 7
      00006B 04                     154 	.db #0x04	; 4
      00006C 07                     155 	.db #0x07	; 7
      00006D 04                     156 	.db #0x04	; 4
      00006E 0F                     157 	.db #0x0f	; 15
      00006F 08                     158 	.db #0x08	; 8
      000070 0F                     159 	.db #0x0f	; 15
      000071 09                     160 	.db #0x09	; 9
      000072 0F                     161 	.db #0x0f	; 15
      000073 09                     162 	.db #0x09	; 9
      000074 0F                     163 	.db #0x0f	; 15
      000075 09                     164 	.db #0x09	; 9
      000076 07                     165 	.db #0x07	; 7
      000077 05                     166 	.db #0x05	; 5
      000078 07                     167 	.db #0x07	; 7
      000079 05                     168 	.db #0x05	; 5
      00007A 0F                     169 	.db #0x0f	; 15
      00007B 09                     170 	.db #0x09	; 9
      00007C 0F                     171 	.db #0x0f	; 15
      00007D 09                     172 	.db #0x09	; 9
      00007E 0F                     173 	.db #0x0f	; 15
      00007F 09                     174 	.db #0x09	; 9
      000080 0F                     175 	.db #0x0f	; 15
      000081 08                     176 	.db #0x08	; 8
      000082 07                     177 	.db #0x07	; 7
      000083 04                     178 	.db #0x04	; 4
      000084 07                     179 	.db #0x07	; 7
      000085 04                     180 	.db #0x04	; 4
      000086 03                     181 	.db #0x03	; 3
      000087 03                     182 	.db #0x03	; 3
      000088 80                     183 	.db #0x80	; 128
      000089 80                     184 	.db #0x80	; 128
      00008A 80                     185 	.db #0x80	; 128
      00008B 80                     186 	.db #0x80	; 128
      00008C 80                     187 	.db #0x80	; 128
      00008D 80                     188 	.db #0x80	; 128
      00008E 80                     189 	.db #0x80	; 128
      00008F 80                     190 	.db #0x80	; 128
      000090 00                     191 	.db #0x00	; 0
      000091 00                     192 	.db #0x00	; 0
      000092 00                     193 	.db #0x00	; 0
      000093 00                     194 	.db #0x00	; 0
      000094 00                     195 	.db #0x00	; 0
      000095 00                     196 	.db #0x00	; 0
      000096 00                     197 	.db #0x00	; 0
      000097 00                     198 	.db #0x00	; 0
      000098 00                     199 	.db #0x00	; 0
      000099 00                     200 	.db #0x00	; 0
      00009A 00                     201 	.db #0x00	; 0
      00009B 00                     202 	.db #0x00	; 0
      00009C 00                     203 	.db #0x00	; 0
      00009D 00                     204 	.db #0x00	; 0
      00009E 00                     205 	.db #0x00	; 0
      00009F 00                     206 	.db #0x00	; 0
      0000A0 80                     207 	.db #0x80	; 128
      0000A1 80                     208 	.db #0x80	; 128
      0000A2 80                     209 	.db #0x80	; 128
      0000A3 80                     210 	.db #0x80	; 128
      0000A4 80                     211 	.db #0x80	; 128
      0000A5 80                     212 	.db #0x80	; 128
      0000A6 80                     213 	.db #0x80	; 128
      0000A7 80                     214 	.db #0x80	; 128
      0000A8 06                     215 	.db #0x06	; 6
      0000A9 06                     216 	.db #0x06	; 6
      0000AA 0E                     217 	.db #0x0e	; 14
      0000AB 0A                     218 	.db #0x0a	; 10
      0000AC 0E                     219 	.db #0x0e	; 14
      0000AD 0A                     220 	.db #0x0a	; 10
      0000AE 1E                     221 	.db #0x1e	; 30
      0000AF 12                     222 	.db #0x12	; 18
      0000B0 1F                     223 	.db #0x1f	; 31
      0000B1 11                     224 	.db #0x11	; 17
      0000B2 1F                     225 	.db #0x1f	; 31
      0000B3 11                     226 	.db #0x11	; 17
      0000B4 1F                     227 	.db #0x1f	; 31
      0000B5 11                     228 	.db #0x11	; 17
      0000B6 0F                     229 	.db #0x0f	; 15
      0000B7 09                     230 	.db #0x09	; 9
      0000B8 0F                     231 	.db #0x0f	; 15
      0000B9 09                     232 	.db #0x09	; 9
      0000BA 1F                     233 	.db #0x1f	; 31
      0000BB 11                     234 	.db #0x11	; 17
      0000BC 1F                     235 	.db #0x1f	; 31
      0000BD 11                     236 	.db #0x11	; 17
      0000BE 1F                     237 	.db #0x1f	; 31
      0000BF 11                     238 	.db #0x11	; 17
      0000C0 1E                     239 	.db #0x1e	; 30
      0000C1 12                     240 	.db #0x12	; 18
      0000C2 0E                     241 	.db #0x0e	; 14
      0000C3 0A                     242 	.db #0x0a	; 10
      0000C4 0E                     243 	.db #0x0e	; 14
      0000C5 0A                     244 	.db #0x0a	; 10
      0000C6 06                     245 	.db #0x06	; 6
      0000C7 06                     246 	.db #0x06	; 6
      0000C8 08                     247 	.db #0x08	; 8
      0000C9 08                     248 	.db #0x08	; 8
      0000CA 1C                     249 	.db #0x1c	; 28
      0000CB 14                     250 	.db #0x14	; 20
      0000CC 1C                     251 	.db #0x1c	; 28
      0000CD 14                     252 	.db #0x14	; 20
      0000CE 3C                     253 	.db #0x3c	; 60
      0000CF 24                     254 	.db #0x24	; 36
      0000D0 3E                     255 	.db #0x3e	; 62
      0000D1 22                     256 	.db #0x22	; 34
      0000D2 3E                     257 	.db #0x3e	; 62
      0000D3 22                     258 	.db #0x22	; 34
      0000D4 1F                     259 	.db #0x1f	; 31
      0000D5 11                     260 	.db #0x11	; 17
      0000D6 0F                     261 	.db #0x0f	; 15
      0000D7 09                     262 	.db #0x09	; 9
      0000D8 0F                     263 	.db #0x0f	; 15
      0000D9 09                     264 	.db #0x09	; 9
      0000DA 1F                     265 	.db #0x1f	; 31
      0000DB 11                     266 	.db #0x11	; 17
      0000DC 3E                     267 	.db #0x3e	; 62
      0000DD 22                     268 	.db #0x22	; 34
      0000DE 3E                     269 	.db #0x3e	; 62
      0000DF 22                     270 	.db #0x22	; 34
      0000E0 3C                     271 	.db #0x3c	; 60
      0000E1 24                     272 	.db #0x24	; 36
      0000E2 1C                     273 	.db #0x1c	; 28
      0000E3 14                     274 	.db #0x14	; 20
      0000E4 1C                     275 	.db #0x1c	; 28
      0000E5 14                     276 	.db #0x14	; 20
      0000E6 08                     277 	.db #0x08	; 8
      0000E7 08                     278 	.db #0x08	; 8
      0000E8 00                     279 	.db #0x00	; 0
      0000E9 00                     280 	.db #0x00	; 0
      0000EA 30                     281 	.db #0x30	; 48	'0'
      0000EB 30                     282 	.db #0x30	; 48	'0'
      0000EC 70                     283 	.db #0x70	; 112	'p'
      0000ED 50                     284 	.db #0x50	; 80	'P'
      0000EE 78                     285 	.db #0x78	; 120	'x'
      0000EF 48                     286 	.db #0x48	; 72	'H'
      0000F0 7C                     287 	.db #0x7c	; 124
      0000F1 44                     288 	.db #0x44	; 68	'D'
      0000F2 7C                     289 	.db #0x7c	; 124
      0000F3 44                     290 	.db #0x44	; 68	'D'
      0000F4 3E                     291 	.db #0x3e	; 62
      0000F5 22                     292 	.db #0x22	; 34
      0000F6 1F                     293 	.db #0x1f	; 31
      0000F7 11                     294 	.db #0x11	; 17
      0000F8 1F                     295 	.db #0x1f	; 31
      0000F9 11                     296 	.db #0x11	; 17
      0000FA 3E                     297 	.db #0x3e	; 62
      0000FB 22                     298 	.db #0x22	; 34
      0000FC 7C                     299 	.db #0x7c	; 124
      0000FD 44                     300 	.db #0x44	; 68	'D'
      0000FE 7C                     301 	.db #0x7c	; 124
      0000FF 44                     302 	.db #0x44	; 68	'D'
      000100 78                     303 	.db #0x78	; 120	'x'
      000101 48                     304 	.db #0x48	; 72	'H'
      000102 70                     305 	.db #0x70	; 112	'p'
      000103 50                     306 	.db #0x50	; 80	'P'
      000104 30                     307 	.db #0x30	; 48	'0'
      000105 30                     308 	.db #0x30	; 48	'0'
      000106 00                     309 	.db #0x00	; 0
      000107 00                     310 	.db #0x00	; 0
      000108 00                     311 	.db #0x00	; 0
      000109 00                     312 	.db #0x00	; 0
      00010A 00                     313 	.db #0x00	; 0
      00010B 00                     314 	.db #0x00	; 0
      00010C 00                     315 	.db #0x00	; 0
      00010D 00                     316 	.db #0x00	; 0
      00010E 20                     317 	.db #0x20	; 32
      00010F 20                     318 	.db #0x20	; 32
      000110 70                     319 	.db #0x70	; 112	'p'
      000111 50                     320 	.db #0x50	; 80	'P'
      000112 7C                     321 	.db #0x7c	; 124
      000113 4C                     322 	.db #0x4c	; 76	'L'
      000114 7E                     323 	.db #0x7e	; 126
      000115 42                     324 	.db #0x42	; 66	'B'
      000116 3F                     325 	.db #0x3f	; 63
      000117 21                     326 	.db #0x21	; 33
      000118 3F                     327 	.db #0x3f	; 63
      000119 21                     328 	.db #0x21	; 33
      00011A 7E                     329 	.db #0x7e	; 126
      00011B 42                     330 	.db #0x42	; 66	'B'
      00011C 7C                     331 	.db #0x7c	; 124
      00011D 4C                     332 	.db #0x4c	; 76	'L'
      00011E 70                     333 	.db #0x70	; 112	'p'
      00011F 50                     334 	.db #0x50	; 80	'P'
      000120 20                     335 	.db #0x20	; 32
      000121 20                     336 	.db #0x20	; 32
      000122 00                     337 	.db #0x00	; 0
      000123 00                     338 	.db #0x00	; 0
      000124 00                     339 	.db #0x00	; 0
      000125 00                     340 	.db #0x00	; 0
      000126 00                     341 	.db #0x00	; 0
      000127 00                     342 	.db #0x00	; 0
      000128 00                     343 	.db #0x00	; 0
      000129 00                     344 	.db #0x00	; 0
      00012A 00                     345 	.db #0x00	; 0
      00012B 00                     346 	.db #0x00	; 0
      00012C 00                     347 	.db #0x00	; 0
      00012D 00                     348 	.db #0x00	; 0
      00012E 00                     349 	.db #0x00	; 0
      00012F 00                     350 	.db #0x00	; 0
      000130 00                     351 	.db #0x00	; 0
      000131 00                     352 	.db #0x00	; 0
      000132 10                     353 	.db #0x10	; 16
      000133 10                     354 	.db #0x10	; 16
      000134 3E                     355 	.db #0x3e	; 62
      000135 2E                     356 	.db #0x2e	; 46
      000136 1F                     357 	.db #0x1f	; 31
      000137 11                     358 	.db #0x11	; 17
      000138 1F                     359 	.db #0x1f	; 31
      000139 11                     360 	.db #0x11	; 17
      00013A 3E                     361 	.db #0x3e	; 62
      00013B 2E                     362 	.db #0x2e	; 46
      00013C 10                     363 	.db #0x10	; 16
      00013D 10                     364 	.db #0x10	; 16
      00013E 00                     365 	.db #0x00	; 0
      00013F 00                     366 	.db #0x00	; 0
      000140 00                     367 	.db #0x00	; 0
      000141 00                     368 	.db #0x00	; 0
      000142 00                     369 	.db #0x00	; 0
      000143 00                     370 	.db #0x00	; 0
      000144 00                     371 	.db #0x00	; 0
      000145 00                     372 	.db #0x00	; 0
      000146 00                     373 	.db #0x00	; 0
      000147 00                     374 	.db #0x00	; 0
      000148 00                     375 	.db #0x00	; 0
      000149 00                     376 	.db #0x00	; 0
      00014A 00                     377 	.db #0x00	; 0
      00014B 00                     378 	.db #0x00	; 0
      00014C 00                     379 	.db #0x00	; 0
      00014D 00                     380 	.db #0x00	; 0
      00014E 04                     381 	.db #0x04	; 4
      00014F 00                     382 	.db #0x00	; 0
      000150 02                     383 	.db #0x02	; 2
      000151 00                     384 	.db #0x00	; 0
      000152 10                     385 	.db #0x10	; 16
      000153 00                     386 	.db #0x00	; 0
      000154 08                     387 	.db #0x08	; 8
      000155 00                     388 	.db #0x00	; 0
      000156 00                     389 	.db #0x00	; 0
      000157 00                     390 	.db #0x00	; 0
      000158 30                     391 	.db #0x30	; 48	'0'
      000159 00                     392 	.db #0x00	; 0
      00015A 00                     393 	.db #0x00	; 0
      00015B 00                     394 	.db #0x00	; 0
      00015C 08                     395 	.db #0x08	; 8
      00015D 00                     396 	.db #0x00	; 0
      00015E 12                     397 	.db #0x12	; 18
      00015F 00                     398 	.db #0x00	; 0
      000160 04                     399 	.db #0x04	; 4
      000161 00                     400 	.db #0x00	; 0
      000162 00                     401 	.db #0x00	; 0
      000163 00                     402 	.db #0x00	; 0
      000164 00                     403 	.db #0x00	; 0
      000165 00                     404 	.db #0x00	; 0
      000166 00                     405 	.db #0x00	; 0
      000167 00                     406 	.db #0x00	; 0
      000168 00                     407 	.db #0x00	; 0
      000169 00                     408 	.db #0x00	; 0
      00016A 00                     409 	.db #0x00	; 0
      00016B 00                     410 	.db #0x00	; 0
      00016C 00                     411 	.db #0x00	; 0
      00016D 00                     412 	.db #0x00	; 0
      00016E 20                     413 	.db #0x20	; 32
      00016F 00                     414 	.db #0x00	; 0
      000170 48                     415 	.db #0x48	; 72	'H'
      000171 00                     416 	.db #0x00	; 0
      000172 10                     417 	.db #0x10	; 16
      000173 00                     418 	.db #0x00	; 0
      000174 00                     419 	.db #0x00	; 0
      000175 00                     420 	.db #0x00	; 0
      000176 0C                     421 	.db #0x0c	; 12
      000177 00                     422 	.db #0x00	; 0
      000178 00                     423 	.db #0x00	; 0
      000179 00                     424 	.db #0x00	; 0
      00017A 10                     425 	.db #0x10	; 16
      00017B 00                     426 	.db #0x00	; 0
      00017C 08                     427 	.db #0x08	; 8
      00017D 00                     428 	.db #0x00	; 0
      00017E 40                     429 	.db #0x40	; 64
      00017F 00                     430 	.db #0x00	; 0
      000180 20                     431 	.db #0x20	; 32
      000181 00                     432 	.db #0x00	; 0
      000182 00                     433 	.db #0x00	; 0
      000183 00                     434 	.db #0x00	; 0
      000184 00                     435 	.db #0x00	; 0
      000185 00                     436 	.db #0x00	; 0
      000186 00                     437 	.db #0x00	; 0
      000187 00                     438 	.db #0x00	; 0
      000188                        439 _PacmanEatenRight_metasprite0:
      000188 F8                     440 	.db #0xf8	; -8
      000189 F8                     441 	.db #0xf8	; -8
      00018A 00                     442 	.db #0x00	; 0
      00018B 00                     443 	.db #0x00	; 0
      00018C 00                     444 	.db #0x00	;  0
      00018D 08                     445 	.db #0x08	;  8
      00018E 02                     446 	.db #0x02	; 2
      00018F 00                     447 	.db #0x00	; 0
      000190 80                     448 	.db #0x80	; -128
      000191 00                     449 	.db #0x00	;  0
      000192 00                     450 	.db #0x00	; 0
      000193 00                     451 	.db #0x00	; 0
      000194                        452 _PacmanEatenRight_metasprite1:
      000194 F8                     453 	.db #0xf8	; -8
      000195 F8                     454 	.db #0xf8	; -8
      000196 04                     455 	.db #0x04	; 4
      000197 00                     456 	.db #0x00	; 0
      000198 00                     457 	.db #0x00	;  0
      000199 08                     458 	.db #0x08	;  8
      00019A 06                     459 	.db #0x06	; 6
      00019B 00                     460 	.db #0x00	; 0
      00019C 80                     461 	.db #0x80	; -128
      00019D 00                     462 	.db #0x00	;  0
      00019E 00                     463 	.db #0x00	; 0
      00019F 00                     464 	.db #0x00	; 0
      0001A0                        465 _PacmanEatenRight_metasprite2:
      0001A0 F8                     466 	.db #0xf8	; -8
      0001A1 F8                     467 	.db #0xf8	; -8
      0001A2 08                     468 	.db #0x08	; 8
      0001A3 00                     469 	.db #0x00	; 0
      0001A4 80                     470 	.db #0x80	; -128
      0001A5 00                     471 	.db #0x00	;  0
      0001A6 00                     472 	.db #0x00	; 0
      0001A7 00                     473 	.db #0x00	; 0
      0001A8                        474 _PacmanEatenRight_metasprite3:
      0001A8 F8                     475 	.db #0xf8	; -8
      0001A9 F8                     476 	.db #0xf8	; -8
      0001AA 0A                     477 	.db #0x0a	; 10
      0001AB 00                     478 	.db #0x00	; 0
      0001AC 80                     479 	.db #0x80	; -128
      0001AD 00                     480 	.db #0x00	;  0
      0001AE 00                     481 	.db #0x00	; 0
      0001AF 00                     482 	.db #0x00	; 0
      0001B0                        483 _PacmanEatenRight_metasprite4:
      0001B0 F8                     484 	.db #0xf8	; -8
      0001B1 F8                     485 	.db #0xf8	; -8
      0001B2 0C                     486 	.db #0x0c	; 12
      0001B3 00                     487 	.db #0x00	; 0
      0001B4 80                     488 	.db #0x80	; -128
      0001B5 00                     489 	.db #0x00	;  0
      0001B6 00                     490 	.db #0x00	; 0
      0001B7 00                     491 	.db #0x00	; 0
      0001B8                        492 _PacmanEatenRight_metasprite5:
      0001B8 F8                     493 	.db #0xf8	; -8
      0001B9 F8                     494 	.db #0xf8	; -8
      0001BA 0E                     495 	.db #0x0e	; 14
      0001BB 00                     496 	.db #0x00	; 0
      0001BC 80                     497 	.db #0x80	; -128
      0001BD 00                     498 	.db #0x00	;  0
      0001BE 00                     499 	.db #0x00	; 0
      0001BF 00                     500 	.db #0x00	; 0
      0001C0                        501 _PacmanEatenRight_metasprite6:
      0001C0 F8                     502 	.db #0xf8	; -8
      0001C1 F8                     503 	.db #0xf8	; -8
      0001C2 10                     504 	.db #0x10	; 16
      0001C3 00                     505 	.db #0x00	; 0
      0001C4 80                     506 	.db #0x80	; -128
      0001C5 00                     507 	.db #0x00	;  0
      0001C6 00                     508 	.db #0x00	; 0
      0001C7 00                     509 	.db #0x00	; 0
      0001C8                        510 _PacmanEatenRight_metasprite7:
      0001C8 F8                     511 	.db #0xf8	; -8
      0001C9 F8                     512 	.db #0xf8	; -8
      0001CA 12                     513 	.db #0x12	; 18
      0001CB 00                     514 	.db #0x00	; 0
      0001CC 00                     515 	.db #0x00	;  0
      0001CD 08                     516 	.db #0x08	;  8
      0001CE 14                     517 	.db #0x14	; 20
      0001CF 00                     518 	.db #0x00	; 0
      0001D0 80                     519 	.db #0x80	; -128
      0001D1 00                     520 	.db #0x00	;  0
      0001D2 00                     521 	.db #0x00	; 0
      0001D3 00                     522 	.db #0x00	; 0
      0001D4                        523 _PacmanEatenRight_metasprites:
      0001D4r88r01                  524 	.dw _PacmanEatenRight_metasprite0
      0001D6r94r01                  525 	.dw _PacmanEatenRight_metasprite1
      0001D8rA0r01                  526 	.dw _PacmanEatenRight_metasprite2
      0001DArA8r01                  527 	.dw _PacmanEatenRight_metasprite3
      0001DCrB0r01                  528 	.dw _PacmanEatenRight_metasprite4
      0001DErB8r01                  529 	.dw _PacmanEatenRight_metasprite5
      0001E0rC0r01                  530 	.dw _PacmanEatenRight_metasprite6
      0001E2rC8r01                  531 	.dw _PacmanEatenRight_metasprite7
                                    532 	.area _INITIALIZER
                                    533 	.area _CABS (ABS)
