                                      1 ;--------------------------------------------------------
                                      2 ; File Created by SDCC : free open source ISO C Compiler 
                                      3 ; Version 4.2.2 #13350 (MINGW64)
                                      4 ;--------------------------------------------------------
                                      5 	.module BlackSquare
                                      6 	.optsdcc -msm83
                                      7 	
                                      8 ;--------------------------------------------------------
                                      9 ; Public variables in this module
                                     10 ;--------------------------------------------------------
                                     11 	.globl _BlackSquare_map_attributes
                                     12 	.globl _BlackSquare_map
                                     13 	.globl _BlackSquare_tiles
                                     14 	.globl _BlackSquare_palettes
                                     15 	.globl b___func_BlackSquare
                                     16 	.globl ___func_BlackSquare
                                     17 ;--------------------------------------------------------
                                     18 ; special function registers
                                     19 ;--------------------------------------------------------
                                     20 ;--------------------------------------------------------
                                     21 ; ram data
                                     22 ;--------------------------------------------------------
                                     23 	.area _DATA
                                     24 ;--------------------------------------------------------
                                     25 ; ram data
                                     26 ;--------------------------------------------------------
                                     27 	.area _INITIALIZED
                                     28 ;--------------------------------------------------------
                                     29 ; absolute external ram data
                                     30 ;--------------------------------------------------------
                                     31 	.area _DABS (ABS)
                                     32 ;--------------------------------------------------------
                                     33 ; global & static initialisations
                                     34 ;--------------------------------------------------------
                                     35 	.area _HOME
                                     36 	.area _GSINIT
                                     37 	.area _GSFINAL
                                     38 	.area _GSINIT
                                     39 ;--------------------------------------------------------
                                     40 ; Home
                                     41 ;--------------------------------------------------------
                                     42 	.area _HOME
                                     43 	.area _HOME
                                     44 ;--------------------------------------------------------
                                     45 ; code
                                     46 ;--------------------------------------------------------
                                     47 	.area _CODE
                                     48 ;D:\Github\Gameboy-Homebrew\GBDK-Tutorials\Games\Pacman-From-Scratch\source\gen\default\graphics\BlackSquare.c:7: BANKREF(BlackSquare)
                                     49 ;	---------------------------------
                                     50 ; Function __func_BlackSquare
                                     51 ; ---------------------------------
                           000000    52 	b___func_BlackSquare	= 0
      000000                         53 ___func_BlackSquare::
                                     54 	.local b___func_BlackSquare 
                           000000    55 	___bank_BlackSquare = b___func_BlackSquare 
                                     56 	.globl ___bank_BlackSquare 
                                     57 	.area _CODE
      000000                         58 _BlackSquare_palettes:
      000000 00 00                   59 	.dw #0x0000
      000002 00 68                   60 	.dw #0x6800
      000004 1F 46                   61 	.dw #0x461f
      000006 1F 03                   62 	.dw #0x031f
      000008 00 00                   63 	.dw #0x0000
      00000A 31 46                   64 	.dw #0x4631
      00000C 1A 00                   65 	.dw #0x001a
      00000E FF 7F                   66 	.dw #0x7fff
      000010 00 00                   67 	.dw #0x0000
      000012 FF 7F                   68 	.dw #0x7fff
      000014 1F 46                   69 	.dw #0x461f
      000016 1A 00                   70 	.dw #0x001a
      000018 00 68                   71 	.dw #0x6800
      00001A 00 00                   72 	.dw #0x0000
      00001C 00 00                   73 	.dw #0x0000
      00001E FF 7F                   74 	.dw #0x7fff
      000020 00 68                   75 	.dw #0x6800
      000022 00 00                   76 	.dw #0x0000
      000024 00 00                   77 	.dw #0x0000
      000026 1A 00                   78 	.dw #0x001a
      000028                         79 _BlackSquare_tiles:
      000028 FF                      80 	.db #0xff	; 255
      000029 00                      81 	.db #0x00	; 0
      00002A FF                      82 	.db #0xff	; 255
      00002B 00                      83 	.db #0x00	; 0
      00002C FF                      84 	.db #0xff	; 255
      00002D 00                      85 	.db #0x00	; 0
      00002E FF                      86 	.db #0xff	; 255
      00002F 00                      87 	.db #0x00	; 0
      000030 FF                      88 	.db #0xff	; 255
      000031 00                      89 	.db #0x00	; 0
      000032 FF                      90 	.db #0xff	; 255
      000033 00                      91 	.db #0x00	; 0
      000034 FF                      92 	.db #0xff	; 255
      000035 00                      93 	.db #0x00	; 0
      000036 FF                      94 	.db #0xff	; 255
      000037 00                      95 	.db #0x00	; 0
      000038                         96 _BlackSquare_map:
      000038 00                      97 	.db #0x00	; 0
      000039                         98 _BlackSquare_map_attributes:
      000039 04                      99 	.db #0x04	; 4
                                    100 	.area _INITIALIZER
                                    101 	.area _CABS (ABS)
