                                      1 ;--------------------------------------------------------
                                      2 ; File Created by SDCC : free open source ISO C Compiler 
                                      3 ; Version 4.2.2 #13350 (MINGW64)
                                      4 ;--------------------------------------------------------
                                      5 	.module Map
                                      6 	.optsdcc -msm83
                                      7 	
                                      8 ;--------------------------------------------------------
                                      9 ; Public variables in this module
                                     10 ;--------------------------------------------------------
                                     11 	.globl _Map_map_attributes
                                     12 	.globl _Map_map
                                     13 	.globl _Map_tiles
                                     14 	.globl _Map_palettes
                                     15 	.globl b___func_Map
                                     16 	.globl ___func_Map
                                     17 ;--------------------------------------------------------
                                     18 ; special function registers
                                     19 ;--------------------------------------------------------
                                     20 ;--------------------------------------------------------
                                     21 ; ram data
                                     22 ;--------------------------------------------------------
                                     23 	.area _DATA
                                     24 ;--------------------------------------------------------
                                     25 ; ram data
                                     26 ;--------------------------------------------------------
                                     27 	.area _INITIALIZED
                                     28 ;--------------------------------------------------------
                                     29 ; absolute external ram data
                                     30 ;--------------------------------------------------------
                                     31 	.area _DABS (ABS)
                                     32 ;--------------------------------------------------------
                                     33 ; global & static initialisations
                                     34 ;--------------------------------------------------------
                                     35 	.area _HOME
                                     36 	.area _GSINIT
                                     37 	.area _GSFINAL
                                     38 	.area _GSINIT
                                     39 ;--------------------------------------------------------
                                     40 ; Home
                                     41 ;--------------------------------------------------------
                                     42 	.area _HOME
                                     43 	.area _HOME
                                     44 ;--------------------------------------------------------
                                     45 ; code
                                     46 ;--------------------------------------------------------
                                     47 	.area _CODE
                                     48 ;D:\Github\Gameboy-Homebrew\GBDK-Tutorials\Games\Pacman-From-Scratch\source\gen\default\graphics\Map.c:7: BANKREF(Map)
                                     49 ;	---------------------------------
                                     50 ; Function __func_Map
                                     51 ; ---------------------------------
                           000000    52 	b___func_Map	= 0
      000000                         53 ___func_Map::
                                     54 	.local b___func_Map 
                           000000    55 	___bank_Map = b___func_Map 
                                     56 	.globl ___bank_Map 
                                     57 	.area _CODE
      000000                         58 _Map_palettes:
      000000 00 00                   59 	.dw #0x0000
      000002 00 68                   60 	.dw #0x6800
      000004 1F 46                   61 	.dw #0x461f
      000006 1F 03                   62 	.dw #0x031f
      000008 00 00                   63 	.dw #0x0000
      00000A 31 46                   64 	.dw #0x4631
      00000C 1A 00                   65 	.dw #0x001a
      00000E FF 7F                   66 	.dw #0x7fff
      000010 00 00                   67 	.dw #0x0000
      000012 FF 7F                   68 	.dw #0x7fff
      000014 1F 46                   69 	.dw #0x461f
      000016 1A 00                   70 	.dw #0x001a
      000018 00 68                   71 	.dw #0x6800
      00001A 00 00                   72 	.dw #0x0000
      00001C 00 00                   73 	.dw #0x0000
      00001E FF 7F                   74 	.dw #0x7fff
      000020 00 68                   75 	.dw #0x6800
      000022 00 00                   76 	.dw #0x0000
      000024 00 00                   77 	.dw #0x0000
      000026 1A 00                   78 	.dw #0x001a
      000028                         79 _Map_tiles:
      000028 00                      80 	.db #0x00	; 0
      000029 00                      81 	.db #0x00	; 0
      00002A 00                      82 	.db #0x00	; 0
      00002B 00                      83 	.db #0x00	; 0
      00002C 0F                      84 	.db #0x0f	; 15
      00002D 00                      85 	.db #0x00	; 0
      00002E 10                      86 	.db #0x10	; 16
      00002F 00                      87 	.db #0x00	; 0
      000030 20                      88 	.db #0x20	; 32
      000031 00                      89 	.db #0x00	; 0
      000032 23                      90 	.db #0x23	; 35
      000033 00                      91 	.db #0x00	; 0
      000034 24                      92 	.db #0x24	; 36
      000035 00                      93 	.db #0x00	; 0
      000036 24                      94 	.db #0x24	; 36
      000037 00                      95 	.db #0x00	; 0
      000038 00                      96 	.db #0x00	; 0
      000039 00                      97 	.db #0x00	; 0
      00003A 00                      98 	.db #0x00	; 0
      00003B 00                      99 	.db #0x00	; 0
      00003C FF                     100 	.db #0xff	; 255
      00003D 00                     101 	.db #0x00	; 0
      00003E 00                     102 	.db #0x00	; 0
      00003F 00                     103 	.db #0x00	; 0
      000040 00                     104 	.db #0x00	; 0
      000041 00                     105 	.db #0x00	; 0
      000042 FF                     106 	.db #0xff	; 255
      000043 00                     107 	.db #0x00	; 0
      000044 00                     108 	.db #0x00	; 0
      000045 00                     109 	.db #0x00	; 0
      000046 00                     110 	.db #0x00	; 0
      000047 00                     111 	.db #0x00	; 0
      000048 00                     112 	.db #0x00	; 0
      000049 00                     113 	.db #0x00	; 0
      00004A 00                     114 	.db #0x00	; 0
      00004B 00                     115 	.db #0x00	; 0
      00004C FF                     116 	.db #0xff	; 255
      00004D 00                     117 	.db #0x00	; 0
      00004E 00                     118 	.db #0x00	; 0
      00004F 00                     119 	.db #0x00	; 0
      000050 00                     120 	.db #0x00	; 0
      000051 00                     121 	.db #0x00	; 0
      000052 C3                     122 	.db #0xc3	; 195
      000053 00                     123 	.db #0x00	; 0
      000054 24                     124 	.db #0x24	; 36
      000055 00                     125 	.db #0x00	; 0
      000056 24                     126 	.db #0x24	; 36
      000057 00                     127 	.db #0x00	; 0
      000058 00                     128 	.db #0x00	; 0
      000059 00                     129 	.db #0x00	; 0
      00005A 00                     130 	.db #0x00	; 0
      00005B 00                     131 	.db #0x00	; 0
      00005C F0                     132 	.db #0xf0	; 240
      00005D 00                     133 	.db #0x00	; 0
      00005E 08                     134 	.db #0x08	; 8
      00005F 00                     135 	.db #0x00	; 0
      000060 04                     136 	.db #0x04	; 4
      000061 00                     137 	.db #0x00	; 0
      000062 C4                     138 	.db #0xc4	; 196
      000063 00                     139 	.db #0x00	; 0
      000064 24                     140 	.db #0x24	; 36
      000065 00                     141 	.db #0x00	; 0
      000066 24                     142 	.db #0x24	; 36
      000067 00                     143 	.db #0x00	; 0
      000068 24                     144 	.db #0x24	; 36
      000069 00                     145 	.db #0x00	; 0
      00006A 24                     146 	.db #0x24	; 36
      00006B 00                     147 	.db #0x00	; 0
      00006C 24                     148 	.db #0x24	; 36
      00006D 00                     149 	.db #0x00	; 0
      00006E 24                     150 	.db #0x24	; 36
      00006F 00                     151 	.db #0x00	; 0
      000070 24                     152 	.db #0x24	; 36
      000071 00                     153 	.db #0x00	; 0
      000072 24                     154 	.db #0x24	; 36
      000073 00                     155 	.db #0x00	; 0
      000074 24                     156 	.db #0x24	; 36
      000075 00                     157 	.db #0x00	; 0
      000076 24                     158 	.db #0x24	; 36
      000077 00                     159 	.db #0x00	; 0
      000078 00                     160 	.db #0x00	; 0
      000079 00                     161 	.db #0x00	; 0
      00007A 00                     162 	.db #0x00	; 0
      00007B 00                     163 	.db #0x00	; 0
      00007C 00                     164 	.db #0x00	; 0
      00007D 00                     165 	.db #0x00	; 0
      00007E 00                     166 	.db #0x00	; 0
      00007F 00                     167 	.db #0x00	; 0
      000080 00                     168 	.db #0x00	; 0
      000081 00                     169 	.db #0x00	; 0
      000082 00                     170 	.db #0x00	; 0
      000083 00                     171 	.db #0x00	; 0
      000084 00                     172 	.db #0x00	; 0
      000085 00                     173 	.db #0x00	; 0
      000086 00                     174 	.db #0x00	; 0
      000087 00                     175 	.db #0x00	; 0
      000088 24                     176 	.db #0x24	; 36
      000089 00                     177 	.db #0x00	; 0
      00008A 24                     178 	.db #0x24	; 36
      00008B 00                     179 	.db #0x00	; 0
      00008C 23                     180 	.db #0x23	; 35
      00008D 00                     181 	.db #0x00	; 0
      00008E 20                     182 	.db #0x20	; 32
      00008F 00                     183 	.db #0x00	; 0
      000090 10                     184 	.db #0x10	; 16
      000091 00                     185 	.db #0x00	; 0
      000092 0F                     186 	.db #0x0f	; 15
      000093 00                     187 	.db #0x00	; 0
      000094 00                     188 	.db #0x00	; 0
      000095 00                     189 	.db #0x00	; 0
      000096 00                     190 	.db #0x00	; 0
      000097 00                     191 	.db #0x00	; 0
      000098 24                     192 	.db #0x24	; 36
      000099 00                     193 	.db #0x00	; 0
      00009A 24                     194 	.db #0x24	; 36
      00009B 00                     195 	.db #0x00	; 0
      00009C C4                     196 	.db #0xc4	; 196
      00009D 00                     197 	.db #0x00	; 0
      00009E 04                     198 	.db #0x04	; 4
      00009F 00                     199 	.db #0x00	; 0
      0000A0 08                     200 	.db #0x08	; 8
      0000A1 00                     201 	.db #0x00	; 0
      0000A2 F0                     202 	.db #0xf0	; 240
      0000A3 00                     203 	.db #0x00	; 0
      0000A4 00                     204 	.db #0x00	; 0
      0000A5 00                     205 	.db #0x00	; 0
      0000A6 00                     206 	.db #0x00	; 0
      0000A7 00                     207 	.db #0x00	; 0
      0000A8 24                     208 	.db #0x24	; 36
      0000A9 00                     209 	.db #0x00	; 0
      0000AA 24                     210 	.db #0x24	; 36
      0000AB 00                     211 	.db #0x00	; 0
      0000AC 24                     212 	.db #0x24	; 36
      0000AD 00                     213 	.db #0x00	; 0
      0000AE 24                     214 	.db #0x24	; 36
      0000AF 00                     215 	.db #0x00	; 0
      0000B0 18                     216 	.db #0x18	; 24
      0000B1 00                     217 	.db #0x00	; 0
      0000B2 00                     218 	.db #0x00	; 0
      0000B3 00                     219 	.db #0x00	; 0
      0000B4 00                     220 	.db #0x00	; 0
      0000B5 00                     221 	.db #0x00	; 0
      0000B6 00                     222 	.db #0x00	; 0
      0000B7 00                     223 	.db #0x00	; 0
      0000B8 00                     224 	.db #0x00	; 0
      0000B9 00                     225 	.db #0x00	; 0
      0000BA 00                     226 	.db #0x00	; 0
      0000BB 00                     227 	.db #0x00	; 0
      0000BC 00                     228 	.db #0x00	; 0
      0000BD 00                     229 	.db #0x00	; 0
      0000BE 18                     230 	.db #0x18	; 24
      0000BF 00                     231 	.db #0x00	; 0
      0000C0 24                     232 	.db #0x24	; 36
      0000C1 00                     233 	.db #0x00	; 0
      0000C2 24                     234 	.db #0x24	; 36
      0000C3 00                     235 	.db #0x00	; 0
      0000C4 24                     236 	.db #0x24	; 36
      0000C5 00                     237 	.db #0x00	; 0
      0000C6 24                     238 	.db #0x24	; 36
      0000C7 00                     239 	.db #0x00	; 0
      0000C8 24                     240 	.db #0x24	; 36
      0000C9 00                     241 	.db #0x00	; 0
      0000CA 24                     242 	.db #0x24	; 36
      0000CB 00                     243 	.db #0x00	; 0
      0000CC 23                     244 	.db #0x23	; 35
      0000CD 00                     245 	.db #0x00	; 0
      0000CE 20                     246 	.db #0x20	; 32
      0000CF 00                     247 	.db #0x00	; 0
      0000D0 20                     248 	.db #0x20	; 32
      0000D1 00                     249 	.db #0x00	; 0
      0000D2 23                     250 	.db #0x23	; 35
      0000D3 00                     251 	.db #0x00	; 0
      0000D4 24                     252 	.db #0x24	; 36
      0000D5 00                     253 	.db #0x00	; 0
      0000D6 24                     254 	.db #0x24	; 36
      0000D7 00                     255 	.db #0x00	; 0
      0000D8 00                     256 	.db #0x00	; 0
      0000D9 00                     257 	.db #0x00	; 0
      0000DA 00                     258 	.db #0x00	; 0
      0000DB 00                     259 	.db #0x00	; 0
      0000DC F0                     260 	.db #0xf0	; 240
      0000DD 00                     261 	.db #0x00	; 0
      0000DE 08                     262 	.db #0x08	; 8
      0000DF 00                     263 	.db #0x00	; 0
      0000E0 08                     264 	.db #0x08	; 8
      0000E1 00                     265 	.db #0x00	; 0
      0000E2 F0                     266 	.db #0xf0	; 240
      0000E3 00                     267 	.db #0x00	; 0
      0000E4 00                     268 	.db #0x00	; 0
      0000E5 00                     269 	.db #0x00	; 0
      0000E6 00                     270 	.db #0x00	; 0
      0000E7 00                     271 	.db #0x00	; 0
      0000E8 00                     272 	.db #0x00	; 0
      0000E9 00                     273 	.db #0x00	; 0
      0000EA 00                     274 	.db #0x00	; 0
      0000EB 00                     275 	.db #0x00	; 0
      0000EC 0F                     276 	.db #0x0f	; 15
      0000ED 00                     277 	.db #0x00	; 0
      0000EE 10                     278 	.db #0x10	; 16
      0000EF 00                     279 	.db #0x00	; 0
      0000F0 10                     280 	.db #0x10	; 16
      0000F1 00                     281 	.db #0x00	; 0
      0000F2 0F                     282 	.db #0x0f	; 15
      0000F3 00                     283 	.db #0x00	; 0
      0000F4 00                     284 	.db #0x00	; 0
      0000F5 00                     285 	.db #0x00	; 0
      0000F6 00                     286 	.db #0x00	; 0
      0000F7 00                     287 	.db #0x00	; 0
      0000F8 24                     288 	.db #0x24	; 36
      0000F9 00                     289 	.db #0x00	; 0
      0000FA 24                     290 	.db #0x24	; 36
      0000FB 00                     291 	.db #0x00	; 0
      0000FC C4                     292 	.db #0xc4	; 196
      0000FD 00                     293 	.db #0x00	; 0
      0000FE 04                     294 	.db #0x04	; 4
      0000FF 00                     295 	.db #0x00	; 0
      000100 04                     296 	.db #0x04	; 4
      000101 00                     297 	.db #0x00	; 0
      000102 C4                     298 	.db #0xc4	; 196
      000103 00                     299 	.db #0x00	; 0
      000104 24                     300 	.db #0x24	; 36
      000105 00                     301 	.db #0x00	; 0
      000106 24                     302 	.db #0x24	; 36
      000107 00                     303 	.db #0x00	; 0
      000108 00                     304 	.db #0x00	; 0
      000109 00                     305 	.db #0x00	; 0
      00010A 00                     306 	.db #0x00	; 0
      00010B 00                     307 	.db #0x00	; 0
      00010C F0                     308 	.db #0xf0	; 240
      00010D 00                     309 	.db #0x00	; 0
      00010E 08                     310 	.db #0x08	; 8
      00010F 00                     311 	.db #0x00	; 0
      000110 08                     312 	.db #0x08	; 8
      000111 07                     313 	.db #0x07	; 7
      000112 F0                     314 	.db #0xf0	; 240
      000113 00                     315 	.db #0x00	; 0
      000114 00                     316 	.db #0x00	; 0
      000115 00                     317 	.db #0x00	; 0
      000116 00                     318 	.db #0x00	; 0
      000117 00                     319 	.db #0x00	; 0
      000118 00                     320 	.db #0x00	; 0
      000119 00                     321 	.db #0x00	; 0
      00011A 00                     322 	.db #0x00	; 0
      00011B 00                     323 	.db #0x00	; 0
      00011C 00                     324 	.db #0x00	; 0
      00011D 00                     325 	.db #0x00	; 0
      00011E 00                     326 	.db #0x00	; 0
      00011F 00                     327 	.db #0x00	; 0
      000120 00                     328 	.db #0x00	; 0
      000121 FF                     329 	.db #0xff	; 255
      000122 00                     330 	.db #0x00	; 0
      000123 00                     331 	.db #0x00	; 0
      000124 00                     332 	.db #0x00	; 0
      000125 00                     333 	.db #0x00	; 0
      000126 00                     334 	.db #0x00	; 0
      000127 00                     335 	.db #0x00	; 0
      000128 00                     336 	.db #0x00	; 0
      000129 00                     337 	.db #0x00	; 0
      00012A 00                     338 	.db #0x00	; 0
      00012B 00                     339 	.db #0x00	; 0
      00012C 0F                     340 	.db #0x0f	; 15
      00012D 00                     341 	.db #0x00	; 0
      00012E 10                     342 	.db #0x10	; 16
      00012F 00                     343 	.db #0x00	; 0
      000130 10                     344 	.db #0x10	; 16
      000131 E0                     345 	.db #0xe0	; 224
      000132 0F                     346 	.db #0x0f	; 15
      000133 00                     347 	.db #0x00	; 0
      000134 00                     348 	.db #0x00	; 0
      000135 00                     349 	.db #0x00	; 0
      000136 00                     350 	.db #0x00	; 0
      000137 00                     351 	.db #0x00	; 0
      000138 24                     352 	.db #0x24	; 36
      000139 00                     353 	.db #0x00	; 0
      00013A 24                     354 	.db #0x24	; 36
      00013B 00                     355 	.db #0x00	; 0
      00013C C3                     356 	.db #0xc3	; 195
      00013D 00                     357 	.db #0x00	; 0
      00013E 00                     358 	.db #0x00	; 0
      00013F 00                     359 	.db #0x00	; 0
      000140 00                     360 	.db #0x00	; 0
      000141 00                     361 	.db #0x00	; 0
      000142 FF                     362 	.db #0xff	; 255
      000143 00                     363 	.db #0x00	; 0
      000144 00                     364 	.db #0x00	; 0
      000145 00                     365 	.db #0x00	; 0
      000146 00                     366 	.db #0x00	; 0
      000147 00                     367 	.db #0x00	; 0
      000148                        368 _Map_map:
      000148 00                     369 	.db #0x00	; 0
      000149 01                     370 	.db #0x01	; 1
      00014A 01                     371 	.db #0x01	; 1
      00014B 01                     372 	.db #0x01	; 1
      00014C 01                     373 	.db #0x01	; 1
      00014D 01                     374 	.db #0x01	; 1
      00014E 01                     375 	.db #0x01	; 1
      00014F 01                     376 	.db #0x01	; 1
      000150 01                     377 	.db #0x01	; 1
      000151 01                     378 	.db #0x01	; 1
      000152 02                     379 	.db #0x02	; 2
      000153 01                     380 	.db #0x01	; 1
      000154 01                     381 	.db #0x01	; 1
      000155 01                     382 	.db #0x01	; 1
      000156 01                     383 	.db #0x01	; 1
      000157 01                     384 	.db #0x01	; 1
      000158 01                     385 	.db #0x01	; 1
      000159 01                     386 	.db #0x01	; 1
      00015A 01                     387 	.db #0x01	; 1
      00015B 01                     388 	.db #0x01	; 1
      00015C 03                     389 	.db #0x03	; 3
      00015D 04                     390 	.db #0x04	; 4
      00015E 05                     391 	.db #0x05	; 5
      00015F 05                     392 	.db #0x05	; 5
      000160 05                     393 	.db #0x05	; 5
      000161 05                     394 	.db #0x05	; 5
      000162 05                     395 	.db #0x05	; 5
      000163 05                     396 	.db #0x05	; 5
      000164 05                     397 	.db #0x05	; 5
      000165 05                     398 	.db #0x05	; 5
      000166 05                     399 	.db #0x05	; 5
      000167 04                     400 	.db #0x04	; 4
      000168 05                     401 	.db #0x05	; 5
      000169 05                     402 	.db #0x05	; 5
      00016A 05                     403 	.db #0x05	; 5
      00016B 05                     404 	.db #0x05	; 5
      00016C 05                     405 	.db #0x05	; 5
      00016D 05                     406 	.db #0x05	; 5
      00016E 05                     407 	.db #0x05	; 5
      00016F 05                     408 	.db #0x05	; 5
      000170 05                     409 	.db #0x05	; 5
      000171 04                     410 	.db #0x04	; 4
      000172 04                     411 	.db #0x04	; 4
      000173 05                     412 	.db #0x05	; 5
      000174 00                     413 	.db #0x00	; 0
      000175 01                     414 	.db #0x01	; 1
      000176 03                     415 	.db #0x03	; 3
      000177 05                     416 	.db #0x05	; 5
      000178 00                     417 	.db #0x00	; 0
      000179 01                     418 	.db #0x01	; 1
      00017A 03                     419 	.db #0x03	; 3
      00017B 05                     420 	.db #0x05	; 5
      00017C 04                     421 	.db #0x04	; 4
      00017D 05                     422 	.db #0x05	; 5
      00017E 00                     423 	.db #0x00	; 0
      00017F 01                     424 	.db #0x01	; 1
      000180 03                     425 	.db #0x03	; 3
      000181 05                     426 	.db #0x05	; 5
      000182 00                     427 	.db #0x00	; 0
      000183 01                     428 	.db #0x01	; 1
      000184 03                     429 	.db #0x03	; 3
      000185 05                     430 	.db #0x05	; 5
      000186 04                     431 	.db #0x04	; 4
      000187 04                     432 	.db #0x04	; 4
      000188 05                     433 	.db #0x05	; 5
      000189 04                     434 	.db #0x04	; 4
      00018A 05                     435 	.db #0x05	; 5
      00018B 04                     436 	.db #0x04	; 4
      00018C 05                     437 	.db #0x05	; 5
      00018D 04                     438 	.db #0x04	; 4
      00018E 05                     439 	.db #0x05	; 5
      00018F 04                     440 	.db #0x04	; 4
      000190 05                     441 	.db #0x05	; 5
      000191 04                     442 	.db #0x04	; 4
      000192 05                     443 	.db #0x05	; 5
      000193 04                     444 	.db #0x04	; 4
      000194 05                     445 	.db #0x05	; 5
      000195 04                     446 	.db #0x04	; 4
      000196 05                     447 	.db #0x05	; 5
      000197 04                     448 	.db #0x04	; 4
      000198 05                     449 	.db #0x05	; 5
      000199 04                     450 	.db #0x04	; 4
      00019A 05                     451 	.db #0x05	; 5
      00019B 04                     452 	.db #0x04	; 4
      00019C 04                     453 	.db #0x04	; 4
      00019D 05                     454 	.db #0x05	; 5
      00019E 06                     455 	.db #0x06	; 6
      00019F 01                     456 	.db #0x01	; 1
      0001A0 07                     457 	.db #0x07	; 7
      0001A1 05                     458 	.db #0x05	; 5
      0001A2 06                     459 	.db #0x06	; 6
      0001A3 01                     460 	.db #0x01	; 1
      0001A4 07                     461 	.db #0x07	; 7
      0001A5 05                     462 	.db #0x05	; 5
      0001A6 08                     463 	.db #0x08	; 8
      0001A7 05                     464 	.db #0x05	; 5
      0001A8 06                     465 	.db #0x06	; 6
      0001A9 01                     466 	.db #0x01	; 1
      0001AA 07                     467 	.db #0x07	; 7
      0001AB 05                     468 	.db #0x05	; 5
      0001AC 06                     469 	.db #0x06	; 6
      0001AD 01                     470 	.db #0x01	; 1
      0001AE 07                     471 	.db #0x07	; 7
      0001AF 05                     472 	.db #0x05	; 5
      0001B0 04                     473 	.db #0x04	; 4
      0001B1 04                     474 	.db #0x04	; 4
      0001B2 05                     475 	.db #0x05	; 5
      0001B3 05                     476 	.db #0x05	; 5
      0001B4 05                     477 	.db #0x05	; 5
      0001B5 05                     478 	.db #0x05	; 5
      0001B6 05                     479 	.db #0x05	; 5
      0001B7 05                     480 	.db #0x05	; 5
      0001B8 05                     481 	.db #0x05	; 5
      0001B9 05                     482 	.db #0x05	; 5
      0001BA 05                     483 	.db #0x05	; 5
      0001BB 05                     484 	.db #0x05	; 5
      0001BC 05                     485 	.db #0x05	; 5
      0001BD 05                     486 	.db #0x05	; 5
      0001BE 05                     487 	.db #0x05	; 5
      0001BF 05                     488 	.db #0x05	; 5
      0001C0 05                     489 	.db #0x05	; 5
      0001C1 05                     490 	.db #0x05	; 5
      0001C2 05                     491 	.db #0x05	; 5
      0001C3 05                     492 	.db #0x05	; 5
      0001C4 05                     493 	.db #0x05	; 5
      0001C5 04                     494 	.db #0x04	; 4
      0001C6 04                     495 	.db #0x04	; 4
      0001C7 05                     496 	.db #0x05	; 5
      0001C8 00                     497 	.db #0x00	; 0
      0001C9 01                     498 	.db #0x01	; 1
      0001CA 03                     499 	.db #0x03	; 3
      0001CB 05                     500 	.db #0x05	; 5
      0001CC 09                     501 	.db #0x09	; 9
      0001CD 05                     502 	.db #0x05	; 5
      0001CE 00                     503 	.db #0x00	; 0
      0001CF 01                     504 	.db #0x01	; 1
      0001D0 01                     505 	.db #0x01	; 1
      0001D1 01                     506 	.db #0x01	; 1
      0001D2 03                     507 	.db #0x03	; 3
      0001D3 05                     508 	.db #0x05	; 5
      0001D4 09                     509 	.db #0x09	; 9
      0001D5 05                     510 	.db #0x05	; 5
      0001D6 00                     511 	.db #0x00	; 0
      0001D7 01                     512 	.db #0x01	; 1
      0001D8 03                     513 	.db #0x03	; 3
      0001D9 05                     514 	.db #0x05	; 5
      0001DA 04                     515 	.db #0x04	; 4
      0001DB 04                     516 	.db #0x04	; 4
      0001DC 05                     517 	.db #0x05	; 5
      0001DD 06                     518 	.db #0x06	; 6
      0001DE 01                     519 	.db #0x01	; 1
      0001DF 07                     520 	.db #0x07	; 7
      0001E0 05                     521 	.db #0x05	; 5
      0001E1 04                     522 	.db #0x04	; 4
      0001E2 05                     523 	.db #0x05	; 5
      0001E3 06                     524 	.db #0x06	; 6
      0001E4 01                     525 	.db #0x01	; 1
      0001E5 02                     526 	.db #0x02	; 2
      0001E6 01                     527 	.db #0x01	; 1
      0001E7 07                     528 	.db #0x07	; 7
      0001E8 05                     529 	.db #0x05	; 5
      0001E9 04                     530 	.db #0x04	; 4
      0001EA 05                     531 	.db #0x05	; 5
      0001EB 06                     532 	.db #0x06	; 6
      0001EC 01                     533 	.db #0x01	; 1
      0001ED 07                     534 	.db #0x07	; 7
      0001EE 05                     535 	.db #0x05	; 5
      0001EF 04                     536 	.db #0x04	; 4
      0001F0 04                     537 	.db #0x04	; 4
      0001F1 05                     538 	.db #0x05	; 5
      0001F2 05                     539 	.db #0x05	; 5
      0001F3 05                     540 	.db #0x05	; 5
      0001F4 05                     541 	.db #0x05	; 5
      0001F5 05                     542 	.db #0x05	; 5
      0001F6 04                     543 	.db #0x04	; 4
      0001F7 05                     544 	.db #0x05	; 5
      0001F8 05                     545 	.db #0x05	; 5
      0001F9 05                     546 	.db #0x05	; 5
      0001FA 04                     547 	.db #0x04	; 4
      0001FB 05                     548 	.db #0x05	; 5
      0001FC 05                     549 	.db #0x05	; 5
      0001FD 05                     550 	.db #0x05	; 5
      0001FE 04                     551 	.db #0x04	; 4
      0001FF 05                     552 	.db #0x05	; 5
      000200 05                     553 	.db #0x05	; 5
      000201 05                     554 	.db #0x05	; 5
      000202 05                     555 	.db #0x05	; 5
      000203 05                     556 	.db #0x05	; 5
      000204 04                     557 	.db #0x04	; 4
      000205 06                     558 	.db #0x06	; 6
      000206 01                     559 	.db #0x01	; 1
      000207 01                     560 	.db #0x01	; 1
      000208 01                     561 	.db #0x01	; 1
      000209 03                     562 	.db #0x03	; 3
      00020A 05                     563 	.db #0x05	; 5
      00020B 0A                     564 	.db #0x0a	; 10
      00020C 01                     565 	.db #0x01	; 1
      00020D 0B                     566 	.db #0x0b	; 11
      00020E 05                     567 	.db #0x05	; 5
      00020F 08                     568 	.db #0x08	; 8
      000210 05                     569 	.db #0x05	; 5
      000211 0C                     570 	.db #0x0c	; 12
      000212 01                     571 	.db #0x01	; 1
      000213 0D                     572 	.db #0x0d	; 13
      000214 05                     573 	.db #0x05	; 5
      000215 00                     574 	.db #0x00	; 0
      000216 01                     575 	.db #0x01	; 1
      000217 01                     576 	.db #0x01	; 1
      000218 01                     577 	.db #0x01	; 1
      000219 07                     578 	.db #0x07	; 7
      00021A 05                     579 	.db #0x05	; 5
      00021B 05                     580 	.db #0x05	; 5
      00021C 05                     581 	.db #0x05	; 5
      00021D 05                     582 	.db #0x05	; 5
      00021E 04                     583 	.db #0x04	; 4
      00021F 05                     584 	.db #0x05	; 5
      000220 04                     585 	.db #0x04	; 4
      000221 05                     586 	.db #0x05	; 5
      000222 05                     587 	.db #0x05	; 5
      000223 05                     588 	.db #0x05	; 5
      000224 05                     589 	.db #0x05	; 5
      000225 05                     590 	.db #0x05	; 5
      000226 05                     591 	.db #0x05	; 5
      000227 05                     592 	.db #0x05	; 5
      000228 04                     593 	.db #0x04	; 4
      000229 05                     594 	.db #0x05	; 5
      00022A 04                     595 	.db #0x04	; 4
      00022B 05                     596 	.db #0x05	; 5
      00022C 05                     597 	.db #0x05	; 5
      00022D 05                     598 	.db #0x05	; 5
      00022E 05                     599 	.db #0x05	; 5
      00022F 05                     600 	.db #0x05	; 5
      000230 05                     601 	.db #0x05	; 5
      000231 05                     602 	.db #0x05	; 5
      000232 05                     603 	.db #0x05	; 5
      000233 04                     604 	.db #0x04	; 4
      000234 05                     605 	.db #0x05	; 5
      000235 04                     606 	.db #0x04	; 4
      000236 05                     607 	.db #0x05	; 5
      000237 00                     608 	.db #0x00	; 0
      000238 0E                     609 	.db #0x0e	; 14
      000239 0F                     610 	.db #0x0f	; 15
      00023A 10                     611 	.db #0x10	; 16
      00023B 03                     612 	.db #0x03	; 3
      00023C 05                     613 	.db #0x05	; 5
      00023D 04                     614 	.db #0x04	; 4
      00023E 05                     615 	.db #0x05	; 5
      00023F 04                     616 	.db #0x04	; 4
      000240 05                     617 	.db #0x05	; 5
      000241 05                     618 	.db #0x05	; 5
      000242 05                     619 	.db #0x05	; 5
      000243 05                     620 	.db #0x05	; 5
      000244 0C                     621 	.db #0x0c	; 12
      000245 01                     622 	.db #0x01	; 1
      000246 01                     623 	.db #0x01	; 1
      000247 01                     624 	.db #0x01	; 1
      000248 07                     625 	.db #0x07	; 7
      000249 05                     626 	.db #0x05	; 5
      00024A 08                     627 	.db #0x08	; 8
      00024B 05                     628 	.db #0x05	; 5
      00024C 04                     629 	.db #0x04	; 4
      00024D 05                     630 	.db #0x05	; 5
      00024E 05                     631 	.db #0x05	; 5
      00024F 05                     632 	.db #0x05	; 5
      000250 04                     633 	.db #0x04	; 4
      000251 05                     634 	.db #0x05	; 5
      000252 08                     635 	.db #0x08	; 8
      000253 05                     636 	.db #0x05	; 5
      000254 06                     637 	.db #0x06	; 6
      000255 01                     638 	.db #0x01	; 1
      000256 01                     639 	.db #0x01	; 1
      000257 01                     640 	.db #0x01	; 1
      000258 0B                     641 	.db #0x0b	; 11
      000259 05                     642 	.db #0x05	; 5
      00025A 05                     643 	.db #0x05	; 5
      00025B 05                     644 	.db #0x05	; 5
      00025C 05                     645 	.db #0x05	; 5
      00025D 05                     646 	.db #0x05	; 5
      00025E 05                     647 	.db #0x05	; 5
      00025F 05                     648 	.db #0x05	; 5
      000260 05                     649 	.db #0x05	; 5
      000261 04                     650 	.db #0x04	; 4
      000262 05                     651 	.db #0x05	; 5
      000263 05                     652 	.db #0x05	; 5
      000264 05                     653 	.db #0x05	; 5
      000265 04                     654 	.db #0x04	; 4
      000266 05                     655 	.db #0x05	; 5
      000267 05                     656 	.db #0x05	; 5
      000268 05                     657 	.db #0x05	; 5
      000269 05                     658 	.db #0x05	; 5
      00026A 05                     659 	.db #0x05	; 5
      00026B 05                     660 	.db #0x05	; 5
      00026C 05                     661 	.db #0x05	; 5
      00026D 05                     662 	.db #0x05	; 5
      00026E 0C                     663 	.db #0x0c	; 12
      00026F 01                     664 	.db #0x01	; 1
      000270 01                     665 	.db #0x01	; 1
      000271 01                     666 	.db #0x01	; 1
      000272 03                     667 	.db #0x03	; 3
      000273 05                     668 	.db #0x05	; 5
      000274 09                     669 	.db #0x09	; 9
      000275 05                     670 	.db #0x05	; 5
      000276 06                     671 	.db #0x06	; 6
      000277 01                     672 	.db #0x01	; 1
      000278 01                     673 	.db #0x01	; 1
      000279 01                     674 	.db #0x01	; 1
      00027A 07                     675 	.db #0x07	; 7
      00027B 05                     676 	.db #0x05	; 5
      00027C 09                     677 	.db #0x09	; 9
      00027D 05                     678 	.db #0x05	; 5
      00027E 00                     679 	.db #0x00	; 0
      00027F 01                     680 	.db #0x01	; 1
      000280 01                     681 	.db #0x01	; 1
      000281 01                     682 	.db #0x01	; 1
      000282 0B                     683 	.db #0x0b	; 11
      000283 05                     684 	.db #0x05	; 5
      000284 05                     685 	.db #0x05	; 5
      000285 05                     686 	.db #0x05	; 5
      000286 05                     687 	.db #0x05	; 5
      000287 04                     688 	.db #0x04	; 4
      000288 05                     689 	.db #0x05	; 5
      000289 04                     690 	.db #0x04	; 4
      00028A 05                     691 	.db #0x05	; 5
      00028B 05                     692 	.db #0x05	; 5
      00028C 05                     693 	.db #0x05	; 5
      00028D 05                     694 	.db #0x05	; 5
      00028E 05                     695 	.db #0x05	; 5
      00028F 05                     696 	.db #0x05	; 5
      000290 05                     697 	.db #0x05	; 5
      000291 04                     698 	.db #0x04	; 4
      000292 05                     699 	.db #0x05	; 5
      000293 04                     700 	.db #0x04	; 4
      000294 05                     701 	.db #0x05	; 5
      000295 05                     702 	.db #0x05	; 5
      000296 05                     703 	.db #0x05	; 5
      000297 05                     704 	.db #0x05	; 5
      000298 05                     705 	.db #0x05	; 5
      000299 05                     706 	.db #0x05	; 5
      00029A 05                     707 	.db #0x05	; 5
      00029B 05                     708 	.db #0x05	; 5
      00029C 04                     709 	.db #0x04	; 4
      00029D 05                     710 	.db #0x05	; 5
      00029E 04                     711 	.db #0x04	; 4
      00029F 05                     712 	.db #0x05	; 5
      0002A0 00                     713 	.db #0x00	; 0
      0002A1 01                     714 	.db #0x01	; 1
      0002A2 01                     715 	.db #0x01	; 1
      0002A3 01                     716 	.db #0x01	; 1
      0002A4 03                     717 	.db #0x03	; 3
      0002A5 05                     718 	.db #0x05	; 5
      0002A6 04                     719 	.db #0x04	; 4
      0002A7 05                     720 	.db #0x05	; 5
      0002A8 04                     721 	.db #0x04	; 4
      0002A9 05                     722 	.db #0x05	; 5
      0002AA 05                     723 	.db #0x05	; 5
      0002AB 05                     724 	.db #0x05	; 5
      0002AC 05                     725 	.db #0x05	; 5
      0002AD 00                     726 	.db #0x00	; 0
      0002AE 01                     727 	.db #0x01	; 1
      0002AF 01                     728 	.db #0x01	; 1
      0002B0 01                     729 	.db #0x01	; 1
      0002B1 07                     730 	.db #0x07	; 7
      0002B2 05                     731 	.db #0x05	; 5
      0002B3 08                     732 	.db #0x08	; 8
      0002B4 05                     733 	.db #0x05	; 5
      0002B5 06                     734 	.db #0x06	; 6
      0002B6 01                     735 	.db #0x01	; 1
      0002B7 02                     736 	.db #0x02	; 2
      0002B8 01                     737 	.db #0x01	; 1
      0002B9 07                     738 	.db #0x07	; 7
      0002BA 05                     739 	.db #0x05	; 5
      0002BB 08                     740 	.db #0x08	; 8
      0002BC 05                     741 	.db #0x05	; 5
      0002BD 06                     742 	.db #0x06	; 6
      0002BE 01                     743 	.db #0x01	; 1
      0002BF 01                     744 	.db #0x01	; 1
      0002C0 01                     745 	.db #0x01	; 1
      0002C1 03                     746 	.db #0x03	; 3
      0002C2 04                     747 	.db #0x04	; 4
      0002C3 05                     748 	.db #0x05	; 5
      0002C4 05                     749 	.db #0x05	; 5
      0002C5 05                     750 	.db #0x05	; 5
      0002C6 05                     751 	.db #0x05	; 5
      0002C7 05                     752 	.db #0x05	; 5
      0002C8 05                     753 	.db #0x05	; 5
      0002C9 05                     754 	.db #0x05	; 5
      0002CA 05                     755 	.db #0x05	; 5
      0002CB 05                     756 	.db #0x05	; 5
      0002CC 04                     757 	.db #0x04	; 4
      0002CD 05                     758 	.db #0x05	; 5
      0002CE 05                     759 	.db #0x05	; 5
      0002CF 05                     760 	.db #0x05	; 5
      0002D0 05                     761 	.db #0x05	; 5
      0002D1 05                     762 	.db #0x05	; 5
      0002D2 05                     763 	.db #0x05	; 5
      0002D3 05                     764 	.db #0x05	; 5
      0002D4 05                     765 	.db #0x05	; 5
      0002D5 05                     766 	.db #0x05	; 5
      0002D6 04                     767 	.db #0x04	; 4
      0002D7 04                     768 	.db #0x04	; 4
      0002D8 05                     769 	.db #0x05	; 5
      0002D9 0C                     770 	.db #0x0c	; 12
      0002DA 01                     771 	.db #0x01	; 1
      0002DB 03                     772 	.db #0x03	; 3
      0002DC 05                     773 	.db #0x05	; 5
      0002DD 0C                     774 	.db #0x0c	; 12
      0002DE 01                     775 	.db #0x01	; 1
      0002DF 0B                     776 	.db #0x0b	; 11
      0002E0 05                     777 	.db #0x05	; 5
      0002E1 08                     778 	.db #0x08	; 8
      0002E2 05                     779 	.db #0x05	; 5
      0002E3 0C                     780 	.db #0x0c	; 12
      0002E4 01                     781 	.db #0x01	; 1
      0002E5 0B                     782 	.db #0x0b	; 11
      0002E6 05                     783 	.db #0x05	; 5
      0002E7 00                     784 	.db #0x00	; 0
      0002E8 01                     785 	.db #0x01	; 1
      0002E9 0B                     786 	.db #0x0b	; 11
      0002EA 05                     787 	.db #0x05	; 5
      0002EB 04                     788 	.db #0x04	; 4
      0002EC 04                     789 	.db #0x04	; 4
      0002ED 05                     790 	.db #0x05	; 5
      0002EE 05                     791 	.db #0x05	; 5
      0002EF 05                     792 	.db #0x05	; 5
      0002F0 04                     793 	.db #0x04	; 4
      0002F1 05                     794 	.db #0x05	; 5
      0002F2 05                     795 	.db #0x05	; 5
      0002F3 05                     796 	.db #0x05	; 5
      0002F4 05                     797 	.db #0x05	; 5
      0002F5 05                     798 	.db #0x05	; 5
      0002F6 05                     799 	.db #0x05	; 5
      0002F7 05                     800 	.db #0x05	; 5
      0002F8 05                     801 	.db #0x05	; 5
      0002F9 05                     802 	.db #0x05	; 5
      0002FA 05                     803 	.db #0x05	; 5
      0002FB 05                     804 	.db #0x05	; 5
      0002FC 04                     805 	.db #0x04	; 4
      0002FD 05                     806 	.db #0x05	; 5
      0002FE 05                     807 	.db #0x05	; 5
      0002FF 05                     808 	.db #0x05	; 5
      000300 04                     809 	.db #0x04	; 4
      000301 0A                     810 	.db #0x0a	; 10
      000302 01                     811 	.db #0x01	; 1
      000303 03                     812 	.db #0x03	; 3
      000304 05                     813 	.db #0x05	; 5
      000305 04                     814 	.db #0x04	; 4
      000306 05                     815 	.db #0x05	; 5
      000307 09                     816 	.db #0x09	; 9
      000308 05                     817 	.db #0x05	; 5
      000309 00                     818 	.db #0x00	; 0
      00030A 01                     819 	.db #0x01	; 1
      00030B 01                     820 	.db #0x01	; 1
      00030C 01                     821 	.db #0x01	; 1
      00030D 03                     822 	.db #0x03	; 3
      00030E 05                     823 	.db #0x05	; 5
      00030F 09                     824 	.db #0x09	; 9
      000310 05                     825 	.db #0x05	; 5
      000311 04                     826 	.db #0x04	; 4
      000312 05                     827 	.db #0x05	; 5
      000313 00                     828 	.db #0x00	; 0
      000314 01                     829 	.db #0x01	; 1
      000315 0D                     830 	.db #0x0d	; 13
      000316 0A                     831 	.db #0x0a	; 10
      000317 01                     832 	.db #0x01	; 1
      000318 07                     833 	.db #0x07	; 7
      000319 05                     834 	.db #0x05	; 5
      00031A 08                     835 	.db #0x08	; 8
      00031B 05                     836 	.db #0x05	; 5
      00031C 04                     837 	.db #0x04	; 4
      00031D 05                     838 	.db #0x05	; 5
      00031E 06                     839 	.db #0x06	; 6
      00031F 01                     840 	.db #0x01	; 1
      000320 02                     841 	.db #0x02	; 2
      000321 01                     842 	.db #0x01	; 1
      000322 07                     843 	.db #0x07	; 7
      000323 05                     844 	.db #0x05	; 5
      000324 04                     845 	.db #0x04	; 4
      000325 05                     846 	.db #0x05	; 5
      000326 08                     847 	.db #0x08	; 8
      000327 05                     848 	.db #0x05	; 5
      000328 06                     849 	.db #0x06	; 6
      000329 01                     850 	.db #0x01	; 1
      00032A 0D                     851 	.db #0x0d	; 13
      00032B 04                     852 	.db #0x04	; 4
      00032C 05                     853 	.db #0x05	; 5
      00032D 05                     854 	.db #0x05	; 5
      00032E 05                     855 	.db #0x05	; 5
      00032F 05                     856 	.db #0x05	; 5
      000330 05                     857 	.db #0x05	; 5
      000331 04                     858 	.db #0x04	; 4
      000332 05                     859 	.db #0x05	; 5
      000333 05                     860 	.db #0x05	; 5
      000334 05                     861 	.db #0x05	; 5
      000335 04                     862 	.db #0x04	; 4
      000336 05                     863 	.db #0x05	; 5
      000337 05                     864 	.db #0x05	; 5
      000338 05                     865 	.db #0x05	; 5
      000339 04                     866 	.db #0x04	; 4
      00033A 05                     867 	.db #0x05	; 5
      00033B 05                     868 	.db #0x05	; 5
      00033C 05                     869 	.db #0x05	; 5
      00033D 05                     870 	.db #0x05	; 5
      00033E 05                     871 	.db #0x05	; 5
      00033F 04                     872 	.db #0x04	; 4
      000340 04                     873 	.db #0x04	; 4
      000341 05                     874 	.db #0x05	; 5
      000342 0C                     875 	.db #0x0c	; 12
      000343 01                     876 	.db #0x01	; 1
      000344 01                     877 	.db #0x01	; 1
      000345 01                     878 	.db #0x01	; 1
      000346 11                     879 	.db #0x11	; 17
      000347 01                     880 	.db #0x01	; 1
      000348 0B                     881 	.db #0x0b	; 11
      000349 05                     882 	.db #0x05	; 5
      00034A 08                     883 	.db #0x08	; 8
      00034B 05                     884 	.db #0x05	; 5
      00034C 0C                     885 	.db #0x0c	; 12
      00034D 01                     886 	.db #0x01	; 1
      00034E 11                     887 	.db #0x11	; 17
      00034F 01                     888 	.db #0x01	; 1
      000350 01                     889 	.db #0x01	; 1
      000351 01                     890 	.db #0x01	; 1
      000352 0B                     891 	.db #0x0b	; 11
      000353 05                     892 	.db #0x05	; 5
      000354 04                     893 	.db #0x04	; 4
      000355 04                     894 	.db #0x04	; 4
      000356 05                     895 	.db #0x05	; 5
      000357 05                     896 	.db #0x05	; 5
      000358 05                     897 	.db #0x05	; 5
      000359 05                     898 	.db #0x05	; 5
      00035A 05                     899 	.db #0x05	; 5
      00035B 05                     900 	.db #0x05	; 5
      00035C 05                     901 	.db #0x05	; 5
      00035D 05                     902 	.db #0x05	; 5
      00035E 05                     903 	.db #0x05	; 5
      00035F 05                     904 	.db #0x05	; 5
      000360 05                     905 	.db #0x05	; 5
      000361 05                     906 	.db #0x05	; 5
      000362 05                     907 	.db #0x05	; 5
      000363 05                     908 	.db #0x05	; 5
      000364 05                     909 	.db #0x05	; 5
      000365 05                     910 	.db #0x05	; 5
      000366 05                     911 	.db #0x05	; 5
      000367 05                     912 	.db #0x05	; 5
      000368 05                     913 	.db #0x05	; 5
      000369 04                     914 	.db #0x04	; 4
      00036A 06                     915 	.db #0x06	; 6
      00036B 01                     916 	.db #0x01	; 1
      00036C 01                     917 	.db #0x01	; 1
      00036D 01                     918 	.db #0x01	; 1
      00036E 01                     919 	.db #0x01	; 1
      00036F 01                     920 	.db #0x01	; 1
      000370 01                     921 	.db #0x01	; 1
      000371 01                     922 	.db #0x01	; 1
      000372 01                     923 	.db #0x01	; 1
      000373 01                     924 	.db #0x01	; 1
      000374 01                     925 	.db #0x01	; 1
      000375 01                     926 	.db #0x01	; 1
      000376 01                     927 	.db #0x01	; 1
      000377 01                     928 	.db #0x01	; 1
      000378 01                     929 	.db #0x01	; 1
      000379 01                     930 	.db #0x01	; 1
      00037A 01                     931 	.db #0x01	; 1
      00037B 01                     932 	.db #0x01	; 1
      00037C 01                     933 	.db #0x01	; 1
      00037D 01                     934 	.db #0x01	; 1
      00037E 07                     935 	.db #0x07	; 7
      00037F                        936 _Map_map_attributes:
      00037F 00                     937 	.db #0x00	; 0
      000380 00                     938 	.db #0x00	; 0
      000381 00                     939 	.db #0x00	; 0
      000382 00                     940 	.db #0x00	; 0
      000383 00                     941 	.db #0x00	; 0
      000384 00                     942 	.db #0x00	; 0
      000385 00                     943 	.db #0x00	; 0
      000386 00                     944 	.db #0x00	; 0
      000387 00                     945 	.db #0x00	; 0
      000388 00                     946 	.db #0x00	; 0
      000389 00                     947 	.db #0x00	; 0
      00038A 00                     948 	.db #0x00	; 0
      00038B 00                     949 	.db #0x00	; 0
      00038C 00                     950 	.db #0x00	; 0
      00038D 00                     951 	.db #0x00	; 0
      00038E 00                     952 	.db #0x00	; 0
      00038F 00                     953 	.db #0x00	; 0
      000390 00                     954 	.db #0x00	; 0
      000391 00                     955 	.db #0x00	; 0
      000392 00                     956 	.db #0x00	; 0
      000393 00                     957 	.db #0x00	; 0
      000394 00                     958 	.db #0x00	; 0
      000395 00                     959 	.db #0x00	; 0
      000396 00                     960 	.db #0x00	; 0
      000397 00                     961 	.db #0x00	; 0
      000398 00                     962 	.db #0x00	; 0
      000399 00                     963 	.db #0x00	; 0
      00039A 00                     964 	.db #0x00	; 0
      00039B 00                     965 	.db #0x00	; 0
      00039C 00                     966 	.db #0x00	; 0
      00039D 00                     967 	.db #0x00	; 0
      00039E 00                     968 	.db #0x00	; 0
      00039F 00                     969 	.db #0x00	; 0
      0003A0 00                     970 	.db #0x00	; 0
      0003A1 00                     971 	.db #0x00	; 0
      0003A2 00                     972 	.db #0x00	; 0
      0003A3 00                     973 	.db #0x00	; 0
      0003A4 00                     974 	.db #0x00	; 0
      0003A5 00                     975 	.db #0x00	; 0
      0003A6 00                     976 	.db #0x00	; 0
      0003A7 00                     977 	.db #0x00	; 0
      0003A8 00                     978 	.db #0x00	; 0
      0003A9 00                     979 	.db #0x00	; 0
      0003AA 00                     980 	.db #0x00	; 0
      0003AB 00                     981 	.db #0x00	; 0
      0003AC 00                     982 	.db #0x00	; 0
      0003AD 00                     983 	.db #0x00	; 0
      0003AE 00                     984 	.db #0x00	; 0
      0003AF 00                     985 	.db #0x00	; 0
      0003B0 00                     986 	.db #0x00	; 0
      0003B1 00                     987 	.db #0x00	; 0
      0003B2 00                     988 	.db #0x00	; 0
      0003B3 00                     989 	.db #0x00	; 0
      0003B4 00                     990 	.db #0x00	; 0
      0003B5 00                     991 	.db #0x00	; 0
      0003B6 00                     992 	.db #0x00	; 0
      0003B7 00                     993 	.db #0x00	; 0
      0003B8 00                     994 	.db #0x00	; 0
      0003B9 00                     995 	.db #0x00	; 0
      0003BA 00                     996 	.db #0x00	; 0
      0003BB 00                     997 	.db #0x00	; 0
      0003BC 00                     998 	.db #0x00	; 0
      0003BD 00                     999 	.db #0x00	; 0
      0003BE 00                    1000 	.db #0x00	; 0
      0003BF 00                    1001 	.db #0x00	; 0
      0003C0 00                    1002 	.db #0x00	; 0
      0003C1 00                    1003 	.db #0x00	; 0
      0003C2 00                    1004 	.db #0x00	; 0
      0003C3 00                    1005 	.db #0x00	; 0
      0003C4 00                    1006 	.db #0x00	; 0
      0003C5 00                    1007 	.db #0x00	; 0
      0003C6 00                    1008 	.db #0x00	; 0
      0003C7 00                    1009 	.db #0x00	; 0
      0003C8 00                    1010 	.db #0x00	; 0
      0003C9 00                    1011 	.db #0x00	; 0
      0003CA 00                    1012 	.db #0x00	; 0
      0003CB 00                    1013 	.db #0x00	; 0
      0003CC 00                    1014 	.db #0x00	; 0
      0003CD 00                    1015 	.db #0x00	; 0
      0003CE 00                    1016 	.db #0x00	; 0
      0003CF 00                    1017 	.db #0x00	; 0
      0003D0 00                    1018 	.db #0x00	; 0
      0003D1 00                    1019 	.db #0x00	; 0
      0003D2 00                    1020 	.db #0x00	; 0
      0003D3 00                    1021 	.db #0x00	; 0
      0003D4 00                    1022 	.db #0x00	; 0
      0003D5 00                    1023 	.db #0x00	; 0
      0003D6 00                    1024 	.db #0x00	; 0
      0003D7 00                    1025 	.db #0x00	; 0
      0003D8 00                    1026 	.db #0x00	; 0
      0003D9 00                    1027 	.db #0x00	; 0
      0003DA 00                    1028 	.db #0x00	; 0
      0003DB 00                    1029 	.db #0x00	; 0
      0003DC 00                    1030 	.db #0x00	; 0
      0003DD 00                    1031 	.db #0x00	; 0
      0003DE 00                    1032 	.db #0x00	; 0
      0003DF 00                    1033 	.db #0x00	; 0
      0003E0 00                    1034 	.db #0x00	; 0
      0003E1 00                    1035 	.db #0x00	; 0
      0003E2 00                    1036 	.db #0x00	; 0
      0003E3 00                    1037 	.db #0x00	; 0
      0003E4 00                    1038 	.db #0x00	; 0
      0003E5 00                    1039 	.db #0x00	; 0
      0003E6 00                    1040 	.db #0x00	; 0
      0003E7 00                    1041 	.db #0x00	; 0
      0003E8 00                    1042 	.db #0x00	; 0
      0003E9 00                    1043 	.db #0x00	; 0
      0003EA 00                    1044 	.db #0x00	; 0
      0003EB 00                    1045 	.db #0x00	; 0
      0003EC 00                    1046 	.db #0x00	; 0
      0003ED 00                    1047 	.db #0x00	; 0
      0003EE 00                    1048 	.db #0x00	; 0
      0003EF 00                    1049 	.db #0x00	; 0
      0003F0 00                    1050 	.db #0x00	; 0
      0003F1 00                    1051 	.db #0x00	; 0
      0003F2 00                    1052 	.db #0x00	; 0
      0003F3 00                    1053 	.db #0x00	; 0
      0003F4 00                    1054 	.db #0x00	; 0
      0003F5 00                    1055 	.db #0x00	; 0
      0003F6 00                    1056 	.db #0x00	; 0
      0003F7 00                    1057 	.db #0x00	; 0
      0003F8 00                    1058 	.db #0x00	; 0
      0003F9 00                    1059 	.db #0x00	; 0
      0003FA 00                    1060 	.db #0x00	; 0
      0003FB 00                    1061 	.db #0x00	; 0
      0003FC 00                    1062 	.db #0x00	; 0
      0003FD 00                    1063 	.db #0x00	; 0
      0003FE 00                    1064 	.db #0x00	; 0
      0003FF 00                    1065 	.db #0x00	; 0
      000400 00                    1066 	.db #0x00	; 0
      000401 00                    1067 	.db #0x00	; 0
      000402 00                    1068 	.db #0x00	; 0
      000403 00                    1069 	.db #0x00	; 0
      000404 00                    1070 	.db #0x00	; 0
      000405 00                    1071 	.db #0x00	; 0
      000406 00                    1072 	.db #0x00	; 0
      000407 00                    1073 	.db #0x00	; 0
      000408 00                    1074 	.db #0x00	; 0
      000409 00                    1075 	.db #0x00	; 0
      00040A 00                    1076 	.db #0x00	; 0
      00040B 00                    1077 	.db #0x00	; 0
      00040C 00                    1078 	.db #0x00	; 0
      00040D 00                    1079 	.db #0x00	; 0
      00040E 00                    1080 	.db #0x00	; 0
      00040F 00                    1081 	.db #0x00	; 0
      000410 00                    1082 	.db #0x00	; 0
      000411 00                    1083 	.db #0x00	; 0
      000412 00                    1084 	.db #0x00	; 0
      000413 00                    1085 	.db #0x00	; 0
      000414 00                    1086 	.db #0x00	; 0
      000415 00                    1087 	.db #0x00	; 0
      000416 00                    1088 	.db #0x00	; 0
      000417 00                    1089 	.db #0x00	; 0
      000418 00                    1090 	.db #0x00	; 0
      000419 00                    1091 	.db #0x00	; 0
      00041A 00                    1092 	.db #0x00	; 0
      00041B 00                    1093 	.db #0x00	; 0
      00041C 00                    1094 	.db #0x00	; 0
      00041D 00                    1095 	.db #0x00	; 0
      00041E 00                    1096 	.db #0x00	; 0
      00041F 00                    1097 	.db #0x00	; 0
      000420 00                    1098 	.db #0x00	; 0
      000421 00                    1099 	.db #0x00	; 0
      000422 00                    1100 	.db #0x00	; 0
      000423 00                    1101 	.db #0x00	; 0
      000424 00                    1102 	.db #0x00	; 0
      000425 00                    1103 	.db #0x00	; 0
      000426 00                    1104 	.db #0x00	; 0
      000427 00                    1105 	.db #0x00	; 0
      000428 00                    1106 	.db #0x00	; 0
      000429 00                    1107 	.db #0x00	; 0
      00042A 00                    1108 	.db #0x00	; 0
      00042B 00                    1109 	.db #0x00	; 0
      00042C 00                    1110 	.db #0x00	; 0
      00042D 00                    1111 	.db #0x00	; 0
      00042E 00                    1112 	.db #0x00	; 0
      00042F 00                    1113 	.db #0x00	; 0
      000430 00                    1114 	.db #0x00	; 0
      000431 00                    1115 	.db #0x00	; 0
      000432 00                    1116 	.db #0x00	; 0
      000433 00                    1117 	.db #0x00	; 0
      000434 00                    1118 	.db #0x00	; 0
      000435 00                    1119 	.db #0x00	; 0
      000436 00                    1120 	.db #0x00	; 0
      000437 00                    1121 	.db #0x00	; 0
      000438 00                    1122 	.db #0x00	; 0
      000439 00                    1123 	.db #0x00	; 0
      00043A 00                    1124 	.db #0x00	; 0
      00043B 00                    1125 	.db #0x00	; 0
      00043C 00                    1126 	.db #0x00	; 0
      00043D 00                    1127 	.db #0x00	; 0
      00043E 00                    1128 	.db #0x00	; 0
      00043F 00                    1129 	.db #0x00	; 0
      000440 00                    1130 	.db #0x00	; 0
      000441 00                    1131 	.db #0x00	; 0
      000442 00                    1132 	.db #0x00	; 0
      000443 00                    1133 	.db #0x00	; 0
      000444 00                    1134 	.db #0x00	; 0
      000445 00                    1135 	.db #0x00	; 0
      000446 00                    1136 	.db #0x00	; 0
      000447 00                    1137 	.db #0x00	; 0
      000448 00                    1138 	.db #0x00	; 0
      000449 00                    1139 	.db #0x00	; 0
      00044A 00                    1140 	.db #0x00	; 0
      00044B 00                    1141 	.db #0x00	; 0
      00044C 00                    1142 	.db #0x00	; 0
      00044D 00                    1143 	.db #0x00	; 0
      00044E 00                    1144 	.db #0x00	; 0
      00044F 00                    1145 	.db #0x00	; 0
      000450 00                    1146 	.db #0x00	; 0
      000451 00                    1147 	.db #0x00	; 0
      000452 00                    1148 	.db #0x00	; 0
      000453 00                    1149 	.db #0x00	; 0
      000454 00                    1150 	.db #0x00	; 0
      000455 00                    1151 	.db #0x00	; 0
      000456 00                    1152 	.db #0x00	; 0
      000457 00                    1153 	.db #0x00	; 0
      000458 00                    1154 	.db #0x00	; 0
      000459 00                    1155 	.db #0x00	; 0
      00045A 00                    1156 	.db #0x00	; 0
      00045B 00                    1157 	.db #0x00	; 0
      00045C 00                    1158 	.db #0x00	; 0
      00045D 00                    1159 	.db #0x00	; 0
      00045E 00                    1160 	.db #0x00	; 0
      00045F 00                    1161 	.db #0x00	; 0
      000460 00                    1162 	.db #0x00	; 0
      000461 00                    1163 	.db #0x00	; 0
      000462 00                    1164 	.db #0x00	; 0
      000463 00                    1165 	.db #0x00	; 0
      000464 00                    1166 	.db #0x00	; 0
      000465 00                    1167 	.db #0x00	; 0
      000466 00                    1168 	.db #0x00	; 0
      000467 00                    1169 	.db #0x00	; 0
      000468 00                    1170 	.db #0x00	; 0
      000469 00                    1171 	.db #0x00	; 0
      00046A 00                    1172 	.db #0x00	; 0
      00046B 00                    1173 	.db #0x00	; 0
      00046C 00                    1174 	.db #0x00	; 0
      00046D 00                    1175 	.db #0x00	; 0
      00046E 00                    1176 	.db #0x00	; 0
      00046F 00                    1177 	.db #0x00	; 0
      000470 00                    1178 	.db #0x00	; 0
      000471 00                    1179 	.db #0x00	; 0
      000472 00                    1180 	.db #0x00	; 0
      000473 00                    1181 	.db #0x00	; 0
      000474 00                    1182 	.db #0x00	; 0
      000475 00                    1183 	.db #0x00	; 0
      000476 00                    1184 	.db #0x00	; 0
      000477 00                    1185 	.db #0x00	; 0
      000478 00                    1186 	.db #0x00	; 0
      000479 00                    1187 	.db #0x00	; 0
      00047A 00                    1188 	.db #0x00	; 0
      00047B 00                    1189 	.db #0x00	; 0
      00047C 00                    1190 	.db #0x00	; 0
      00047D 00                    1191 	.db #0x00	; 0
      00047E 00                    1192 	.db #0x00	; 0
      00047F 00                    1193 	.db #0x00	; 0
      000480 00                    1194 	.db #0x00	; 0
      000481 00                    1195 	.db #0x00	; 0
      000482 00                    1196 	.db #0x00	; 0
      000483 00                    1197 	.db #0x00	; 0
      000484 00                    1198 	.db #0x00	; 0
      000485 00                    1199 	.db #0x00	; 0
      000486 00                    1200 	.db #0x00	; 0
      000487 00                    1201 	.db #0x00	; 0
      000488 00                    1202 	.db #0x00	; 0
      000489 00                    1203 	.db #0x00	; 0
      00048A 00                    1204 	.db #0x00	; 0
      00048B 00                    1205 	.db #0x00	; 0
      00048C 00                    1206 	.db #0x00	; 0
      00048D 00                    1207 	.db #0x00	; 0
      00048E 00                    1208 	.db #0x00	; 0
      00048F 00                    1209 	.db #0x00	; 0
      000490 00                    1210 	.db #0x00	; 0
      000491 00                    1211 	.db #0x00	; 0
      000492 00                    1212 	.db #0x00	; 0
      000493 00                    1213 	.db #0x00	; 0
      000494 00                    1214 	.db #0x00	; 0
      000495 00                    1215 	.db #0x00	; 0
      000496 00                    1216 	.db #0x00	; 0
      000497 00                    1217 	.db #0x00	; 0
      000498 00                    1218 	.db #0x00	; 0
      000499 00                    1219 	.db #0x00	; 0
      00049A 00                    1220 	.db #0x00	; 0
      00049B 00                    1221 	.db #0x00	; 0
      00049C 00                    1222 	.db #0x00	; 0
      00049D 00                    1223 	.db #0x00	; 0
      00049E 00                    1224 	.db #0x00	; 0
      00049F 00                    1225 	.db #0x00	; 0
      0004A0 00                    1226 	.db #0x00	; 0
      0004A1 00                    1227 	.db #0x00	; 0
      0004A2 00                    1228 	.db #0x00	; 0
      0004A3 00                    1229 	.db #0x00	; 0
      0004A4 00                    1230 	.db #0x00	; 0
      0004A5 00                    1231 	.db #0x00	; 0
      0004A6 00                    1232 	.db #0x00	; 0
      0004A7 00                    1233 	.db #0x00	; 0
      0004A8 00                    1234 	.db #0x00	; 0
      0004A9 00                    1235 	.db #0x00	; 0
      0004AA 00                    1236 	.db #0x00	; 0
      0004AB 00                    1237 	.db #0x00	; 0
      0004AC 00                    1238 	.db #0x00	; 0
      0004AD 00                    1239 	.db #0x00	; 0
      0004AE 00                    1240 	.db #0x00	; 0
      0004AF 00                    1241 	.db #0x00	; 0
      0004B0 00                    1242 	.db #0x00	; 0
      0004B1 00                    1243 	.db #0x00	; 0
      0004B2 00                    1244 	.db #0x00	; 0
      0004B3 00                    1245 	.db #0x00	; 0
      0004B4 00                    1246 	.db #0x00	; 0
      0004B5 00                    1247 	.db #0x00	; 0
      0004B6 00                    1248 	.db #0x00	; 0
      0004B7 00                    1249 	.db #0x00	; 0
      0004B8 00                    1250 	.db #0x00	; 0
      0004B9 00                    1251 	.db #0x00	; 0
      0004BA 00                    1252 	.db #0x00	; 0
      0004BB 00                    1253 	.db #0x00	; 0
      0004BC 00                    1254 	.db #0x00	; 0
      0004BD 00                    1255 	.db #0x00	; 0
      0004BE 00                    1256 	.db #0x00	; 0
      0004BF 00                    1257 	.db #0x00	; 0
      0004C0 00                    1258 	.db #0x00	; 0
      0004C1 00                    1259 	.db #0x00	; 0
      0004C2 00                    1260 	.db #0x00	; 0
      0004C3 00                    1261 	.db #0x00	; 0
      0004C4 00                    1262 	.db #0x00	; 0
      0004C5 00                    1263 	.db #0x00	; 0
      0004C6 00                    1264 	.db #0x00	; 0
      0004C7 00                    1265 	.db #0x00	; 0
      0004C8 00                    1266 	.db #0x00	; 0
      0004C9 00                    1267 	.db #0x00	; 0
      0004CA 00                    1268 	.db #0x00	; 0
      0004CB 00                    1269 	.db #0x00	; 0
      0004CC 00                    1270 	.db #0x00	; 0
      0004CD 00                    1271 	.db #0x00	; 0
      0004CE 00                    1272 	.db #0x00	; 0
      0004CF 00                    1273 	.db #0x00	; 0
      0004D0 00                    1274 	.db #0x00	; 0
      0004D1 00                    1275 	.db #0x00	; 0
      0004D2 00                    1276 	.db #0x00	; 0
      0004D3 00                    1277 	.db #0x00	; 0
      0004D4 00                    1278 	.db #0x00	; 0
      0004D5 00                    1279 	.db #0x00	; 0
      0004D6 00                    1280 	.db #0x00	; 0
      0004D7 00                    1281 	.db #0x00	; 0
      0004D8 00                    1282 	.db #0x00	; 0
      0004D9 00                    1283 	.db #0x00	; 0
      0004DA 00                    1284 	.db #0x00	; 0
      0004DB 00                    1285 	.db #0x00	; 0
      0004DC 00                    1286 	.db #0x00	; 0
      0004DD 00                    1287 	.db #0x00	; 0
      0004DE 00                    1288 	.db #0x00	; 0
      0004DF 00                    1289 	.db #0x00	; 0
      0004E0 00                    1290 	.db #0x00	; 0
      0004E1 00                    1291 	.db #0x00	; 0
      0004E2 00                    1292 	.db #0x00	; 0
      0004E3 00                    1293 	.db #0x00	; 0
      0004E4 00                    1294 	.db #0x00	; 0
      0004E5 00                    1295 	.db #0x00	; 0
      0004E6 00                    1296 	.db #0x00	; 0
      0004E7 00                    1297 	.db #0x00	; 0
      0004E8 00                    1298 	.db #0x00	; 0
      0004E9 00                    1299 	.db #0x00	; 0
      0004EA 00                    1300 	.db #0x00	; 0
      0004EB 00                    1301 	.db #0x00	; 0
      0004EC 00                    1302 	.db #0x00	; 0
      0004ED 00                    1303 	.db #0x00	; 0
      0004EE 00                    1304 	.db #0x00	; 0
      0004EF 00                    1305 	.db #0x00	; 0
      0004F0 00                    1306 	.db #0x00	; 0
      0004F1 00                    1307 	.db #0x00	; 0
      0004F2 00                    1308 	.db #0x00	; 0
      0004F3 00                    1309 	.db #0x00	; 0
      0004F4 00                    1310 	.db #0x00	; 0
      0004F5 00                    1311 	.db #0x00	; 0
      0004F6 00                    1312 	.db #0x00	; 0
      0004F7 00                    1313 	.db #0x00	; 0
      0004F8 00                    1314 	.db #0x00	; 0
      0004F9 00                    1315 	.db #0x00	; 0
      0004FA 00                    1316 	.db #0x00	; 0
      0004FB 00                    1317 	.db #0x00	; 0
      0004FC 00                    1318 	.db #0x00	; 0
      0004FD 00                    1319 	.db #0x00	; 0
      0004FE 00                    1320 	.db #0x00	; 0
      0004FF 00                    1321 	.db #0x00	; 0
      000500 00                    1322 	.db #0x00	; 0
      000501 00                    1323 	.db #0x00	; 0
      000502 00                    1324 	.db #0x00	; 0
      000503 00                    1325 	.db #0x00	; 0
      000504 00                    1326 	.db #0x00	; 0
      000505 00                    1327 	.db #0x00	; 0
      000506 00                    1328 	.db #0x00	; 0
      000507 00                    1329 	.db #0x00	; 0
      000508 00                    1330 	.db #0x00	; 0
      000509 00                    1331 	.db #0x00	; 0
      00050A 00                    1332 	.db #0x00	; 0
      00050B 00                    1333 	.db #0x00	; 0
      00050C 00                    1334 	.db #0x00	; 0
      00050D 00                    1335 	.db #0x00	; 0
      00050E 00                    1336 	.db #0x00	; 0
      00050F 00                    1337 	.db #0x00	; 0
      000510 00                    1338 	.db #0x00	; 0
      000511 00                    1339 	.db #0x00	; 0
      000512 00                    1340 	.db #0x00	; 0
      000513 00                    1341 	.db #0x00	; 0
      000514 00                    1342 	.db #0x00	; 0
      000515 00                    1343 	.db #0x00	; 0
      000516 00                    1344 	.db #0x00	; 0
      000517 00                    1345 	.db #0x00	; 0
      000518 00                    1346 	.db #0x00	; 0
      000519 00                    1347 	.db #0x00	; 0
      00051A 00                    1348 	.db #0x00	; 0
      00051B 00                    1349 	.db #0x00	; 0
      00051C 00                    1350 	.db #0x00	; 0
      00051D 00                    1351 	.db #0x00	; 0
      00051E 00                    1352 	.db #0x00	; 0
      00051F 00                    1353 	.db #0x00	; 0
      000520 00                    1354 	.db #0x00	; 0
      000521 00                    1355 	.db #0x00	; 0
      000522 00                    1356 	.db #0x00	; 0
      000523 00                    1357 	.db #0x00	; 0
      000524 00                    1358 	.db #0x00	; 0
      000525 00                    1359 	.db #0x00	; 0
      000526 00                    1360 	.db #0x00	; 0
      000527 00                    1361 	.db #0x00	; 0
      000528 00                    1362 	.db #0x00	; 0
      000529 00                    1363 	.db #0x00	; 0
      00052A 00                    1364 	.db #0x00	; 0
      00052B 00                    1365 	.db #0x00	; 0
      00052C 00                    1366 	.db #0x00	; 0
      00052D 00                    1367 	.db #0x00	; 0
      00052E 00                    1368 	.db #0x00	; 0
      00052F 00                    1369 	.db #0x00	; 0
      000530 00                    1370 	.db #0x00	; 0
      000531 00                    1371 	.db #0x00	; 0
      000532 00                    1372 	.db #0x00	; 0
      000533 00                    1373 	.db #0x00	; 0
      000534 00                    1374 	.db #0x00	; 0
      000535 00                    1375 	.db #0x00	; 0
      000536 00                    1376 	.db #0x00	; 0
      000537 00                    1377 	.db #0x00	; 0
      000538 00                    1378 	.db #0x00	; 0
      000539 00                    1379 	.db #0x00	; 0
      00053A 00                    1380 	.db #0x00	; 0
      00053B 00                    1381 	.db #0x00	; 0
      00053C 00                    1382 	.db #0x00	; 0
      00053D 00                    1383 	.db #0x00	; 0
      00053E 00                    1384 	.db #0x00	; 0
      00053F 00                    1385 	.db #0x00	; 0
      000540 00                    1386 	.db #0x00	; 0
      000541 00                    1387 	.db #0x00	; 0
      000542 00                    1388 	.db #0x00	; 0
      000543 00                    1389 	.db #0x00	; 0
      000544 00                    1390 	.db #0x00	; 0
      000545 00                    1391 	.db #0x00	; 0
      000546 00                    1392 	.db #0x00	; 0
      000547 00                    1393 	.db #0x00	; 0
      000548 00                    1394 	.db #0x00	; 0
      000549 00                    1395 	.db #0x00	; 0
      00054A 00                    1396 	.db #0x00	; 0
      00054B 00                    1397 	.db #0x00	; 0
      00054C 00                    1398 	.db #0x00	; 0
      00054D 00                    1399 	.db #0x00	; 0
      00054E 00                    1400 	.db #0x00	; 0
      00054F 00                    1401 	.db #0x00	; 0
      000550 00                    1402 	.db #0x00	; 0
      000551 00                    1403 	.db #0x00	; 0
      000552 00                    1404 	.db #0x00	; 0
      000553 00                    1405 	.db #0x00	; 0
      000554 00                    1406 	.db #0x00	; 0
      000555 00                    1407 	.db #0x00	; 0
      000556 00                    1408 	.db #0x00	; 0
      000557 00                    1409 	.db #0x00	; 0
      000558 00                    1410 	.db #0x00	; 0
      000559 00                    1411 	.db #0x00	; 0
      00055A 00                    1412 	.db #0x00	; 0
      00055B 00                    1413 	.db #0x00	; 0
      00055C 00                    1414 	.db #0x00	; 0
      00055D 00                    1415 	.db #0x00	; 0
      00055E 00                    1416 	.db #0x00	; 0
      00055F 00                    1417 	.db #0x00	; 0
      000560 00                    1418 	.db #0x00	; 0
      000561 00                    1419 	.db #0x00	; 0
      000562 00                    1420 	.db #0x00	; 0
      000563 00                    1421 	.db #0x00	; 0
      000564 00                    1422 	.db #0x00	; 0
      000565 00                    1423 	.db #0x00	; 0
      000566 00                    1424 	.db #0x00	; 0
      000567 00                    1425 	.db #0x00	; 0
      000568 00                    1426 	.db #0x00	; 0
      000569 00                    1427 	.db #0x00	; 0
      00056A 00                    1428 	.db #0x00	; 0
      00056B 00                    1429 	.db #0x00	; 0
      00056C 00                    1430 	.db #0x00	; 0
      00056D 00                    1431 	.db #0x00	; 0
      00056E 00                    1432 	.db #0x00	; 0
      00056F 00                    1433 	.db #0x00	; 0
      000570 00                    1434 	.db #0x00	; 0
      000571 00                    1435 	.db #0x00	; 0
      000572 00                    1436 	.db #0x00	; 0
      000573 00                    1437 	.db #0x00	; 0
      000574 00                    1438 	.db #0x00	; 0
      000575 00                    1439 	.db #0x00	; 0
      000576 00                    1440 	.db #0x00	; 0
      000577 00                    1441 	.db #0x00	; 0
      000578 00                    1442 	.db #0x00	; 0
      000579 00                    1443 	.db #0x00	; 0
      00057A 00                    1444 	.db #0x00	; 0
      00057B 00                    1445 	.db #0x00	; 0
      00057C 00                    1446 	.db #0x00	; 0
      00057D 00                    1447 	.db #0x00	; 0
      00057E 00                    1448 	.db #0x00	; 0
      00057F 00                    1449 	.db #0x00	; 0
      000580 00                    1450 	.db #0x00	; 0
      000581 00                    1451 	.db #0x00	; 0
      000582 00                    1452 	.db #0x00	; 0
      000583 00                    1453 	.db #0x00	; 0
      000584 00                    1454 	.db #0x00	; 0
      000585 00                    1455 	.db #0x00	; 0
      000586 00                    1456 	.db #0x00	; 0
      000587 00                    1457 	.db #0x00	; 0
      000588 00                    1458 	.db #0x00	; 0
      000589 00                    1459 	.db #0x00	; 0
      00058A 00                    1460 	.db #0x00	; 0
      00058B 00                    1461 	.db #0x00	; 0
      00058C 00                    1462 	.db #0x00	; 0
      00058D 00                    1463 	.db #0x00	; 0
      00058E 00                    1464 	.db #0x00	; 0
      00058F 00                    1465 	.db #0x00	; 0
      000590 00                    1466 	.db #0x00	; 0
      000591 00                    1467 	.db #0x00	; 0
      000592 00                    1468 	.db #0x00	; 0
      000593 00                    1469 	.db #0x00	; 0
      000594 00                    1470 	.db #0x00	; 0
      000595 00                    1471 	.db #0x00	; 0
      000596 00                    1472 	.db #0x00	; 0
      000597 00                    1473 	.db #0x00	; 0
      000598 00                    1474 	.db #0x00	; 0
      000599 00                    1475 	.db #0x00	; 0
      00059A 00                    1476 	.db #0x00	; 0
      00059B 00                    1477 	.db #0x00	; 0
      00059C 00                    1478 	.db #0x00	; 0
      00059D 00                    1479 	.db #0x00	; 0
      00059E 00                    1480 	.db #0x00	; 0
      00059F 00                    1481 	.db #0x00	; 0
      0005A0 00                    1482 	.db #0x00	; 0
      0005A1 00                    1483 	.db #0x00	; 0
      0005A2 00                    1484 	.db #0x00	; 0
      0005A3 00                    1485 	.db #0x00	; 0
      0005A4 00                    1486 	.db #0x00	; 0
      0005A5 00                    1487 	.db #0x00	; 0
      0005A6 00                    1488 	.db #0x00	; 0
      0005A7 00                    1489 	.db #0x00	; 0
      0005A8 00                    1490 	.db #0x00	; 0
      0005A9 00                    1491 	.db #0x00	; 0
      0005AA 00                    1492 	.db #0x00	; 0
      0005AB 00                    1493 	.db #0x00	; 0
      0005AC 00                    1494 	.db #0x00	; 0
      0005AD 00                    1495 	.db #0x00	; 0
      0005AE 00                    1496 	.db #0x00	; 0
      0005AF 00                    1497 	.db #0x00	; 0
      0005B0 00                    1498 	.db #0x00	; 0
      0005B1 00                    1499 	.db #0x00	; 0
      0005B2 00                    1500 	.db #0x00	; 0
      0005B3 00                    1501 	.db #0x00	; 0
      0005B4 00                    1502 	.db #0x00	; 0
      0005B5 00                    1503 	.db #0x00	; 0
                                   1504 	.area _INITIALIZER
                                   1505 	.area _CABS (ABS)
