                                      1 ;--------------------------------------------------------
                                      2 ; File Created by SDCC : free open source ISO C Compiler 
                                      3 ; Version 4.2.2 #13350 (MINGW64)
                                      4 ;--------------------------------------------------------
                                      5 	.module PacmanEatenDown
                                      6 	.optsdcc -msm83
                                      7 	
                                      8 ;--------------------------------------------------------
                                      9 ; Public variables in this module
                                     10 ;--------------------------------------------------------
                                     11 	.globl _PacmanEatenDown_metasprites
                                     12 	.globl _PacmanEatenDown_metasprite7
                                     13 	.globl _PacmanEatenDown_metasprite6
                                     14 	.globl _PacmanEatenDown_metasprite5
                                     15 	.globl _PacmanEatenDown_metasprite4
                                     16 	.globl _PacmanEatenDown_metasprite3
                                     17 	.globl _PacmanEatenDown_metasprite2
                                     18 	.globl _PacmanEatenDown_metasprite1
                                     19 	.globl _PacmanEatenDown_metasprite0
                                     20 	.globl _PacmanEatenDown_tiles
                                     21 	.globl _PacmanEatenDown_palettes
                                     22 	.globl b___func_PacmanEatenDown
                                     23 	.globl ___func_PacmanEatenDown
                                     24 ;--------------------------------------------------------
                                     25 ; special function registers
                                     26 ;--------------------------------------------------------
                                     27 ;--------------------------------------------------------
                                     28 ; ram data
                                     29 ;--------------------------------------------------------
                                     30 	.area _DATA
                                     31 ;--------------------------------------------------------
                                     32 ; ram data
                                     33 ;--------------------------------------------------------
                                     34 	.area _INITIALIZED
                                     35 ;--------------------------------------------------------
                                     36 ; absolute external ram data
                                     37 ;--------------------------------------------------------
                                     38 	.area _DABS (ABS)
                                     39 ;--------------------------------------------------------
                                     40 ; global & static initialisations
                                     41 ;--------------------------------------------------------
                                     42 	.area _HOME
                                     43 	.area _GSINIT
                                     44 	.area _GSFINAL
                                     45 	.area _GSINIT
                                     46 ;--------------------------------------------------------
                                     47 ; Home
                                     48 ;--------------------------------------------------------
                                     49 	.area _HOME
                                     50 	.area _HOME
                                     51 ;--------------------------------------------------------
                                     52 ; code
                                     53 ;--------------------------------------------------------
                                     54 	.area _CODE
                                     55 ;D:\Github\Gameboy-Homebrew\GBDK-Tutorials\Games\Pacman-From-Scratch\source\gen\default\graphics\PacmanEatenDown.c:7: BANKREF(PacmanEatenDown)
                                     56 ;	---------------------------------
                                     57 ; Function __func_PacmanEatenDown
                                     58 ; ---------------------------------
                           000000    59 	b___func_PacmanEatenDown	= 0
      000000                         60 ___func_PacmanEatenDown::
                                     61 	.local b___func_PacmanEatenDown 
                           000000    62 	___bank_PacmanEatenDown = b___func_PacmanEatenDown 
                                     63 	.globl ___bank_PacmanEatenDown 
                                     64 	.area _CODE
      000000                         65 _PacmanEatenDown_palettes:
      000000 00 41                   66 	.dw #0x4100
      000002 FF 03                   67 	.dw #0x03ff
      000004 FF 7F                   68 	.dw #0x7fff
      000006 00 00                   69 	.dw #0x0000
      000008 00 00                   70 	.dw #0x0000
      00000A 00 7F                   71 	.dw #0x7f00
      00000C 00 68                   72 	.dw #0x6800
      00000E FF 7F                   73 	.dw #0x7fff
      000010 00 00                   74 	.dw #0x0000
      000012 1F 00                   75 	.dw #0x001f
      000014 00 68                   76 	.dw #0x6800
      000016 FF 7F                   77 	.dw #0x7fff
      000018 00 00                   78 	.dw #0x0000
      00001A 3F 4E                   79 	.dw #0x4e3f
      00001C 00 68                   80 	.dw #0x6800
      00001E FF 7F                   81 	.dw #0x7fff
      000020 00 00                   82 	.dw #0x0000
      000022 5F 02                   83 	.dw #0x025f
      000024 00 68                   84 	.dw #0x6800
      000026 FF 7F                   85 	.dw #0x7fff
      000028                         86 _PacmanEatenDown_tiles:
      000028 00                      87 	.db #0x00	; 0
      000029 00                      88 	.db #0x00	; 0
      00002A 00                      89 	.db #0x00	; 0
      00002B 00                      90 	.db #0x00	; 0
      00002C 00                      91 	.db #0x00	; 0
      00002D 00                      92 	.db #0x00	; 0
      00002E 00                      93 	.db #0x00	; 0
      00002F 00                      94 	.db #0x00	; 0
      000030 00                      95 	.db #0x00	; 0
      000031 00                      96 	.db #0x00	; 0
      000032 0E                      97 	.db #0x0e	; 14
      000033 00                      98 	.db #0x00	; 0
      000034 3F                      99 	.db #0x3f	; 63
      000035 00                     100 	.db #0x00	; 0
      000036 7C                     101 	.db #0x7c	; 124
      000037 00                     102 	.db #0x00	; 0
      000038 60                     103 	.db #0x60	; 96
      000039 00                     104 	.db #0x00	; 0
      00003A 00                     105 	.db #0x00	; 0
      00003B 00                     106 	.db #0x00	; 0
      00003C 00                     107 	.db #0x00	; 0
      00003D 00                     108 	.db #0x00	; 0
      00003E 00                     109 	.db #0x00	; 0
      00003F 00                     110 	.db #0x00	; 0
      000040 00                     111 	.db #0x00	; 0
      000041 00                     112 	.db #0x00	; 0
      000042 00                     113 	.db #0x00	; 0
      000043 00                     114 	.db #0x00	; 0
      000044 00                     115 	.db #0x00	; 0
      000045 00                     116 	.db #0x00	; 0
      000046 00                     117 	.db #0x00	; 0
      000047 00                     118 	.db #0x00	; 0
      000048 00                     119 	.db #0x00	; 0
      000049 00                     120 	.db #0x00	; 0
      00004A 00                     121 	.db #0x00	; 0
      00004B 00                     122 	.db #0x00	; 0
      00004C 00                     123 	.db #0x00	; 0
      00004D 00                     124 	.db #0x00	; 0
      00004E 00                     125 	.db #0x00	; 0
      00004F 00                     126 	.db #0x00	; 0
      000050 00                     127 	.db #0x00	; 0
      000051 00                     128 	.db #0x00	; 0
      000052 70                     129 	.db #0x70	; 112	'p'
      000053 00                     130 	.db #0x00	; 0
      000054 FC                     131 	.db #0xfc	; 252
      000055 00                     132 	.db #0x00	; 0
      000056 3E                     133 	.db #0x3e	; 62
      000057 00                     134 	.db #0x00	; 0
      000058 02                     135 	.db #0x02	; 2
      000059 00                     136 	.db #0x00	; 0
      00005A 00                     137 	.db #0x00	; 0
      00005B 00                     138 	.db #0x00	; 0
      00005C 00                     139 	.db #0x00	; 0
      00005D 00                     140 	.db #0x00	; 0
      00005E 00                     141 	.db #0x00	; 0
      00005F 00                     142 	.db #0x00	; 0
      000060 00                     143 	.db #0x00	; 0
      000061 00                     144 	.db #0x00	; 0
      000062 00                     145 	.db #0x00	; 0
      000063 00                     146 	.db #0x00	; 0
      000064 00                     147 	.db #0x00	; 0
      000065 00                     148 	.db #0x00	; 0
      000066 00                     149 	.db #0x00	; 0
      000067 00                     150 	.db #0x00	; 0
      000068 00                     151 	.db #0x00	; 0
      000069 00                     152 	.db #0x00	; 0
      00006A 00                     153 	.db #0x00	; 0
      00006B 00                     154 	.db #0x00	; 0
      00006C 00                     155 	.db #0x00	; 0
      00006D 00                     156 	.db #0x00	; 0
      00006E 00                     157 	.db #0x00	; 0
      00006F 00                     158 	.db #0x00	; 0
      000070 00                     159 	.db #0x00	; 0
      000071 00                     160 	.db #0x00	; 0
      000072 1E                     161 	.db #0x1e	; 30
      000073 00                     162 	.db #0x00	; 0
      000074 7F                     163 	.db #0x7f	; 127
      000075 00                     164 	.db #0x00	; 0
      000076 70                     165 	.db #0x70	; 112	'p'
      000077 00                     166 	.db #0x00	; 0
      000078 00                     167 	.db #0x00	; 0
      000079 00                     168 	.db #0x00	; 0
      00007A 00                     169 	.db #0x00	; 0
      00007B 00                     170 	.db #0x00	; 0
      00007C 00                     171 	.db #0x00	; 0
      00007D 00                     172 	.db #0x00	; 0
      00007E 00                     173 	.db #0x00	; 0
      00007F 00                     174 	.db #0x00	; 0
      000080 00                     175 	.db #0x00	; 0
      000081 00                     176 	.db #0x00	; 0
      000082 00                     177 	.db #0x00	; 0
      000083 00                     178 	.db #0x00	; 0
      000084 00                     179 	.db #0x00	; 0
      000085 00                     180 	.db #0x00	; 0
      000086 00                     181 	.db #0x00	; 0
      000087 00                     182 	.db #0x00	; 0
      000088 00                     183 	.db #0x00	; 0
      000089 00                     184 	.db #0x00	; 0
      00008A 00                     185 	.db #0x00	; 0
      00008B 00                     186 	.db #0x00	; 0
      00008C 00                     187 	.db #0x00	; 0
      00008D 00                     188 	.db #0x00	; 0
      00008E 00                     189 	.db #0x00	; 0
      00008F 00                     190 	.db #0x00	; 0
      000090 00                     191 	.db #0x00	; 0
      000091 00                     192 	.db #0x00	; 0
      000092 78                     193 	.db #0x78	; 120	'x'
      000093 00                     194 	.db #0x00	; 0
      000094 FE                     195 	.db #0xfe	; 254
      000095 00                     196 	.db #0x00	; 0
      000096 0E                     197 	.db #0x0e	; 14
      000097 00                     198 	.db #0x00	; 0
      000098 00                     199 	.db #0x00	; 0
      000099 00                     200 	.db #0x00	; 0
      00009A 00                     201 	.db #0x00	; 0
      00009B 00                     202 	.db #0x00	; 0
      00009C 00                     203 	.db #0x00	; 0
      00009D 00                     204 	.db #0x00	; 0
      00009E 00                     205 	.db #0x00	; 0
      00009F 00                     206 	.db #0x00	; 0
      0000A0 00                     207 	.db #0x00	; 0
      0000A1 00                     208 	.db #0x00	; 0
      0000A2 00                     209 	.db #0x00	; 0
      0000A3 00                     210 	.db #0x00	; 0
      0000A4 00                     211 	.db #0x00	; 0
      0000A5 00                     212 	.db #0x00	; 0
      0000A6 00                     213 	.db #0x00	; 0
      0000A7 00                     214 	.db #0x00	; 0
      0000A8 00                     215 	.db #0x00	; 0
      0000A9 00                     216 	.db #0x00	; 0
      0000AA 00                     217 	.db #0x00	; 0
      0000AB 00                     218 	.db #0x00	; 0
      0000AC 00                     219 	.db #0x00	; 0
      0000AD 00                     220 	.db #0x00	; 0
      0000AE 00                     221 	.db #0x00	; 0
      0000AF 00                     222 	.db #0x00	; 0
      0000B0 1E                     223 	.db #0x1e	; 30
      0000B1 00                     224 	.db #0x00	; 0
      0000B2 7F                     225 	.db #0x7f	; 127
      0000B3 00                     226 	.db #0x00	; 0
      0000B4 0F                     227 	.db #0x0f	; 15
      0000B5 00                     228 	.db #0x00	; 0
      0000B6 00                     229 	.db #0x00	; 0
      0000B7 00                     230 	.db #0x00	; 0
      0000B8 00                     231 	.db #0x00	; 0
      0000B9 00                     232 	.db #0x00	; 0
      0000BA 00                     233 	.db #0x00	; 0
      0000BB 00                     234 	.db #0x00	; 0
      0000BC 00                     235 	.db #0x00	; 0
      0000BD 00                     236 	.db #0x00	; 0
      0000BE 00                     237 	.db #0x00	; 0
      0000BF 00                     238 	.db #0x00	; 0
      0000C0 00                     239 	.db #0x00	; 0
      0000C1 00                     240 	.db #0x00	; 0
      0000C2 00                     241 	.db #0x00	; 0
      0000C3 00                     242 	.db #0x00	; 0
      0000C4 00                     243 	.db #0x00	; 0
      0000C5 00                     244 	.db #0x00	; 0
      0000C6 00                     245 	.db #0x00	; 0
      0000C7 00                     246 	.db #0x00	; 0
      0000C8 00                     247 	.db #0x00	; 0
      0000C9 00                     248 	.db #0x00	; 0
      0000CA 00                     249 	.db #0x00	; 0
      0000CB 00                     250 	.db #0x00	; 0
      0000CC 00                     251 	.db #0x00	; 0
      0000CD 00                     252 	.db #0x00	; 0
      0000CE 00                     253 	.db #0x00	; 0
      0000CF 00                     254 	.db #0x00	; 0
      0000D0 78                     255 	.db #0x78	; 120	'x'
      0000D1 00                     256 	.db #0x00	; 0
      0000D2 FE                     257 	.db #0xfe	; 254
      0000D3 00                     258 	.db #0x00	; 0
      0000D4 F0                     259 	.db #0xf0	; 240
      0000D5 00                     260 	.db #0x00	; 0
      0000D6 00                     261 	.db #0x00	; 0
      0000D7 00                     262 	.db #0x00	; 0
      0000D8 00                     263 	.db #0x00	; 0
      0000D9 00                     264 	.db #0x00	; 0
      0000DA 00                     265 	.db #0x00	; 0
      0000DB 00                     266 	.db #0x00	; 0
      0000DC 00                     267 	.db #0x00	; 0
      0000DD 00                     268 	.db #0x00	; 0
      0000DE 00                     269 	.db #0x00	; 0
      0000DF 00                     270 	.db #0x00	; 0
      0000E0 00                     271 	.db #0x00	; 0
      0000E1 00                     272 	.db #0x00	; 0
      0000E2 00                     273 	.db #0x00	; 0
      0000E3 00                     274 	.db #0x00	; 0
      0000E4 00                     275 	.db #0x00	; 0
      0000E5 00                     276 	.db #0x00	; 0
      0000E6 00                     277 	.db #0x00	; 0
      0000E7 00                     278 	.db #0x00	; 0
      0000E8 00                     279 	.db #0x00	; 0
      0000E9 00                     280 	.db #0x00	; 0
      0000EA 00                     281 	.db #0x00	; 0
      0000EB 00                     282 	.db #0x00	; 0
      0000EC 00                     283 	.db #0x00	; 0
      0000ED 00                     284 	.db #0x00	; 0
      0000EE 1C                     285 	.db #0x1c	; 28
      0000EF 00                     286 	.db #0x00	; 0
      0000F0 7E                     287 	.db #0x7e	; 126
      0000F1 00                     288 	.db #0x00	; 0
      0000F2 0F                     289 	.db #0x0f	; 15
      0000F3 00                     290 	.db #0x00	; 0
      0000F4 03                     291 	.db #0x03	; 3
      0000F5 00                     292 	.db #0x00	; 0
      0000F6 00                     293 	.db #0x00	; 0
      0000F7 00                     294 	.db #0x00	; 0
      0000F8 00                     295 	.db #0x00	; 0
      0000F9 00                     296 	.db #0x00	; 0
      0000FA 00                     297 	.db #0x00	; 0
      0000FB 00                     298 	.db #0x00	; 0
      0000FC 00                     299 	.db #0x00	; 0
      0000FD 00                     300 	.db #0x00	; 0
      0000FE 00                     301 	.db #0x00	; 0
      0000FF 00                     302 	.db #0x00	; 0
      000100 00                     303 	.db #0x00	; 0
      000101 00                     304 	.db #0x00	; 0
      000102 00                     305 	.db #0x00	; 0
      000103 00                     306 	.db #0x00	; 0
      000104 00                     307 	.db #0x00	; 0
      000105 00                     308 	.db #0x00	; 0
      000106 00                     309 	.db #0x00	; 0
      000107 00                     310 	.db #0x00	; 0
      000108 00                     311 	.db #0x00	; 0
      000109 00                     312 	.db #0x00	; 0
      00010A 00                     313 	.db #0x00	; 0
      00010B 00                     314 	.db #0x00	; 0
      00010C 00                     315 	.db #0x00	; 0
      00010D 00                     316 	.db #0x00	; 0
      00010E 38                     317 	.db #0x38	; 56	'8'
      00010F 00                     318 	.db #0x00	; 0
      000110 7E                     319 	.db #0x7e	; 126
      000111 00                     320 	.db #0x00	; 0
      000112 F0                     321 	.db #0xf0	; 240
      000113 00                     322 	.db #0x00	; 0
      000114 C0                     323 	.db #0xc0	; 192
      000115 00                     324 	.db #0x00	; 0
      000116 00                     325 	.db #0x00	; 0
      000117 00                     326 	.db #0x00	; 0
      000118 00                     327 	.db #0x00	; 0
      000119 00                     328 	.db #0x00	; 0
      00011A 00                     329 	.db #0x00	; 0
      00011B 00                     330 	.db #0x00	; 0
      00011C 00                     331 	.db #0x00	; 0
      00011D 00                     332 	.db #0x00	; 0
      00011E 00                     333 	.db #0x00	; 0
      00011F 00                     334 	.db #0x00	; 0
      000120 00                     335 	.db #0x00	; 0
      000121 00                     336 	.db #0x00	; 0
      000122 00                     337 	.db #0x00	; 0
      000123 00                     338 	.db #0x00	; 0
      000124 00                     339 	.db #0x00	; 0
      000125 00                     340 	.db #0x00	; 0
      000126 00                     341 	.db #0x00	; 0
      000127 00                     342 	.db #0x00	; 0
      000128 00                     343 	.db #0x00	; 0
      000129 00                     344 	.db #0x00	; 0
      00012A 00                     345 	.db #0x00	; 0
      00012B 00                     346 	.db #0x00	; 0
      00012C 3C                     347 	.db #0x3c	; 60
      00012D 00                     348 	.db #0x00	; 0
      00012E 1E                     349 	.db #0x1e	; 30
      00012F 00                     350 	.db #0x00	; 0
      000130 0F                     351 	.db #0x0f	; 15
      000131 00                     352 	.db #0x00	; 0
      000132 03                     353 	.db #0x03	; 3
      000133 00                     354 	.db #0x00	; 0
      000134 01                     355 	.db #0x01	; 1
      000135 00                     356 	.db #0x00	; 0
      000136 00                     357 	.db #0x00	; 0
      000137 00                     358 	.db #0x00	; 0
      000138 00                     359 	.db #0x00	; 0
      000139 00                     360 	.db #0x00	; 0
      00013A 00                     361 	.db #0x00	; 0
      00013B 00                     362 	.db #0x00	; 0
      00013C 00                     363 	.db #0x00	; 0
      00013D 00                     364 	.db #0x00	; 0
      00013E 00                     365 	.db #0x00	; 0
      00013F 00                     366 	.db #0x00	; 0
      000140 00                     367 	.db #0x00	; 0
      000141 00                     368 	.db #0x00	; 0
      000142 00                     369 	.db #0x00	; 0
      000143 00                     370 	.db #0x00	; 0
      000144 00                     371 	.db #0x00	; 0
      000145 00                     372 	.db #0x00	; 0
      000146 00                     373 	.db #0x00	; 0
      000147 00                     374 	.db #0x00	; 0
      000148 00                     375 	.db #0x00	; 0
      000149 00                     376 	.db #0x00	; 0
      00014A 00                     377 	.db #0x00	; 0
      00014B 00                     378 	.db #0x00	; 0
      00014C 3C                     379 	.db #0x3c	; 60
      00014D 00                     380 	.db #0x00	; 0
      00014E 78                     381 	.db #0x78	; 120	'x'
      00014F 00                     382 	.db #0x00	; 0
      000150 F0                     383 	.db #0xf0	; 240
      000151 00                     384 	.db #0x00	; 0
      000152 C0                     385 	.db #0xc0	; 192
      000153 00                     386 	.db #0x00	; 0
      000154 80                     387 	.db #0x80	; 128
      000155 00                     388 	.db #0x00	; 0
      000156 00                     389 	.db #0x00	; 0
      000157 00                     390 	.db #0x00	; 0
      000158 00                     391 	.db #0x00	; 0
      000159 00                     392 	.db #0x00	; 0
      00015A 00                     393 	.db #0x00	; 0
      00015B 00                     394 	.db #0x00	; 0
      00015C 00                     395 	.db #0x00	; 0
      00015D 00                     396 	.db #0x00	; 0
      00015E 00                     397 	.db #0x00	; 0
      00015F 00                     398 	.db #0x00	; 0
      000160 00                     399 	.db #0x00	; 0
      000161 00                     400 	.db #0x00	; 0
      000162 00                     401 	.db #0x00	; 0
      000163 00                     402 	.db #0x00	; 0
      000164 00                     403 	.db #0x00	; 0
      000165 00                     404 	.db #0x00	; 0
      000166 00                     405 	.db #0x00	; 0
      000167 00                     406 	.db #0x00	; 0
      000168 00                     407 	.db #0x00	; 0
      000169 00                     408 	.db #0x00	; 0
      00016A 00                     409 	.db #0x00	; 0
      00016B 00                     410 	.db #0x00	; 0
      00016C 0E                     411 	.db #0x0e	; 14
      00016D 00                     412 	.db #0x00	; 0
      00016E 07                     413 	.db #0x07	; 7
      00016F 00                     414 	.db #0x00	; 0
      000170 03                     415 	.db #0x03	; 3
      000171 00                     416 	.db #0x00	; 0
      000172 03                     417 	.db #0x03	; 3
      000173 00                     418 	.db #0x00	; 0
      000174 01                     419 	.db #0x01	; 1
      000175 00                     420 	.db #0x00	; 0
      000176 00                     421 	.db #0x00	; 0
      000177 00                     422 	.db #0x00	; 0
      000178 00                     423 	.db #0x00	; 0
      000179 00                     424 	.db #0x00	; 0
      00017A 00                     425 	.db #0x00	; 0
      00017B 00                     426 	.db #0x00	; 0
      00017C 00                     427 	.db #0x00	; 0
      00017D 00                     428 	.db #0x00	; 0
      00017E 00                     429 	.db #0x00	; 0
      00017F 00                     430 	.db #0x00	; 0
      000180 00                     431 	.db #0x00	; 0
      000181 00                     432 	.db #0x00	; 0
      000182 00                     433 	.db #0x00	; 0
      000183 00                     434 	.db #0x00	; 0
      000184 00                     435 	.db #0x00	; 0
      000185 00                     436 	.db #0x00	; 0
      000186 00                     437 	.db #0x00	; 0
      000187 00                     438 	.db #0x00	; 0
      000188 00                     439 	.db #0x00	; 0
      000189 00                     440 	.db #0x00	; 0
      00018A 00                     441 	.db #0x00	; 0
      00018B 00                     442 	.db #0x00	; 0
      00018C 70                     443 	.db #0x70	; 112	'p'
      00018D 00                     444 	.db #0x00	; 0
      00018E E0                     445 	.db #0xe0	; 224
      00018F 00                     446 	.db #0x00	; 0
      000190 C0                     447 	.db #0xc0	; 192
      000191 00                     448 	.db #0x00	; 0
      000192 C0                     449 	.db #0xc0	; 192
      000193 00                     450 	.db #0x00	; 0
      000194 80                     451 	.db #0x80	; 128
      000195 00                     452 	.db #0x00	; 0
      000196 00                     453 	.db #0x00	; 0
      000197 00                     454 	.db #0x00	; 0
      000198 00                     455 	.db #0x00	; 0
      000199 00                     456 	.db #0x00	; 0
      00019A 00                     457 	.db #0x00	; 0
      00019B 00                     458 	.db #0x00	; 0
      00019C 00                     459 	.db #0x00	; 0
      00019D 00                     460 	.db #0x00	; 0
      00019E 00                     461 	.db #0x00	; 0
      00019F 00                     462 	.db #0x00	; 0
      0001A0 00                     463 	.db #0x00	; 0
      0001A1 00                     464 	.db #0x00	; 0
      0001A2 00                     465 	.db #0x00	; 0
      0001A3 00                     466 	.db #0x00	; 0
      0001A4 00                     467 	.db #0x00	; 0
      0001A5 00                     468 	.db #0x00	; 0
      0001A6 00                     469 	.db #0x00	; 0
      0001A7 00                     470 	.db #0x00	; 0
      0001A8 00                     471 	.db #0x00	; 0
      0001A9 00                     472 	.db #0x00	; 0
      0001AA 00                     473 	.db #0x00	; 0
      0001AB 00                     474 	.db #0x00	; 0
      0001AC 00                     475 	.db #0x00	; 0
      0001AD 00                     476 	.db #0x00	; 0
      0001AE 02                     477 	.db #0x02	; 2
      0001AF 00                     478 	.db #0x00	; 0
      0001B0 01                     479 	.db #0x01	; 1
      0001B1 00                     480 	.db #0x00	; 0
      0001B2 01                     481 	.db #0x01	; 1
      0001B3 00                     482 	.db #0x00	; 0
      0001B4 01                     483 	.db #0x01	; 1
      0001B5 00                     484 	.db #0x00	; 0
      0001B6 00                     485 	.db #0x00	; 0
      0001B7 00                     486 	.db #0x00	; 0
      0001B8 00                     487 	.db #0x00	; 0
      0001B9 00                     488 	.db #0x00	; 0
      0001BA 00                     489 	.db #0x00	; 0
      0001BB 00                     490 	.db #0x00	; 0
      0001BC 00                     491 	.db #0x00	; 0
      0001BD 00                     492 	.db #0x00	; 0
      0001BE 00                     493 	.db #0x00	; 0
      0001BF 00                     494 	.db #0x00	; 0
      0001C0 00                     495 	.db #0x00	; 0
      0001C1 00                     496 	.db #0x00	; 0
      0001C2 00                     497 	.db #0x00	; 0
      0001C3 00                     498 	.db #0x00	; 0
      0001C4 00                     499 	.db #0x00	; 0
      0001C5 00                     500 	.db #0x00	; 0
      0001C6 00                     501 	.db #0x00	; 0
      0001C7 00                     502 	.db #0x00	; 0
      0001C8 00                     503 	.db #0x00	; 0
      0001C9 00                     504 	.db #0x00	; 0
      0001CA 00                     505 	.db #0x00	; 0
      0001CB 00                     506 	.db #0x00	; 0
      0001CC 00                     507 	.db #0x00	; 0
      0001CD 00                     508 	.db #0x00	; 0
      0001CE 40                     509 	.db #0x40	; 64
      0001CF 00                     510 	.db #0x00	; 0
      0001D0 80                     511 	.db #0x80	; 128
      0001D1 00                     512 	.db #0x00	; 0
      0001D2 80                     513 	.db #0x80	; 128
      0001D3 00                     514 	.db #0x00	; 0
      0001D4 80                     515 	.db #0x80	; 128
      0001D5 00                     516 	.db #0x00	; 0
      0001D6 00                     517 	.db #0x00	; 0
      0001D7 00                     518 	.db #0x00	; 0
      0001D8 00                     519 	.db #0x00	; 0
      0001D9 00                     520 	.db #0x00	; 0
      0001DA 00                     521 	.db #0x00	; 0
      0001DB 00                     522 	.db #0x00	; 0
      0001DC 00                     523 	.db #0x00	; 0
      0001DD 00                     524 	.db #0x00	; 0
      0001DE 00                     525 	.db #0x00	; 0
      0001DF 00                     526 	.db #0x00	; 0
      0001E0 00                     527 	.db #0x00	; 0
      0001E1 00                     528 	.db #0x00	; 0
      0001E2 00                     529 	.db #0x00	; 0
      0001E3 00                     530 	.db #0x00	; 0
      0001E4 00                     531 	.db #0x00	; 0
      0001E5 00                     532 	.db #0x00	; 0
      0001E6 00                     533 	.db #0x00	; 0
      0001E7 00                     534 	.db #0x00	; 0
      0001E8 00                     535 	.db #0x00	; 0
      0001E9 00                     536 	.db #0x00	; 0
      0001EA 00                     537 	.db #0x00	; 0
      0001EB 00                     538 	.db #0x00	; 0
      0001EC 00                     539 	.db #0x00	; 0
      0001ED 00                     540 	.db #0x00	; 0
      0001EE 04                     541 	.db #0x04	; 4
      0001EF 00                     542 	.db #0x00	; 0
      0001F0 02                     543 	.db #0x02	; 2
      0001F1 00                     544 	.db #0x00	; 0
      0001F2 10                     545 	.db #0x10	; 16
      0001F3 00                     546 	.db #0x00	; 0
      0001F4 08                     547 	.db #0x08	; 8
      0001F5 00                     548 	.db #0x00	; 0
      0001F6 00                     549 	.db #0x00	; 0
      0001F7 00                     550 	.db #0x00	; 0
      0001F8 30                     551 	.db #0x30	; 48	'0'
      0001F9 00                     552 	.db #0x00	; 0
      0001FA 00                     553 	.db #0x00	; 0
      0001FB 00                     554 	.db #0x00	; 0
      0001FC 08                     555 	.db #0x08	; 8
      0001FD 00                     556 	.db #0x00	; 0
      0001FE 12                     557 	.db #0x12	; 18
      0001FF 00                     558 	.db #0x00	; 0
      000200 04                     559 	.db #0x04	; 4
      000201 00                     560 	.db #0x00	; 0
      000202 00                     561 	.db #0x00	; 0
      000203 00                     562 	.db #0x00	; 0
      000204 00                     563 	.db #0x00	; 0
      000205 00                     564 	.db #0x00	; 0
      000206 00                     565 	.db #0x00	; 0
      000207 00                     566 	.db #0x00	; 0
      000208 00                     567 	.db #0x00	; 0
      000209 00                     568 	.db #0x00	; 0
      00020A 00                     569 	.db #0x00	; 0
      00020B 00                     570 	.db #0x00	; 0
      00020C 00                     571 	.db #0x00	; 0
      00020D 00                     572 	.db #0x00	; 0
      00020E 20                     573 	.db #0x20	; 32
      00020F 00                     574 	.db #0x00	; 0
      000210 48                     575 	.db #0x48	; 72	'H'
      000211 00                     576 	.db #0x00	; 0
      000212 10                     577 	.db #0x10	; 16
      000213 00                     578 	.db #0x00	; 0
      000214 00                     579 	.db #0x00	; 0
      000215 00                     580 	.db #0x00	; 0
      000216 0C                     581 	.db #0x0c	; 12
      000217 00                     582 	.db #0x00	; 0
      000218 00                     583 	.db #0x00	; 0
      000219 00                     584 	.db #0x00	; 0
      00021A 10                     585 	.db #0x10	; 16
      00021B 00                     586 	.db #0x00	; 0
      00021C 08                     587 	.db #0x08	; 8
      00021D 00                     588 	.db #0x00	; 0
      00021E 40                     589 	.db #0x40	; 64
      00021F 00                     590 	.db #0x00	; 0
      000220 20                     591 	.db #0x20	; 32
      000221 00                     592 	.db #0x00	; 0
      000222 00                     593 	.db #0x00	; 0
      000223 00                     594 	.db #0x00	; 0
      000224 00                     595 	.db #0x00	; 0
      000225 00                     596 	.db #0x00	; 0
      000226 00                     597 	.db #0x00	; 0
      000227 00                     598 	.db #0x00	; 0
      000228                        599 _PacmanEatenDown_metasprite0:
      000228 F8                     600 	.db #0xf8	; -8
      000229 F8                     601 	.db #0xf8	; -8
      00022A 00                     602 	.db #0x00	; 0
      00022B 00                     603 	.db #0x00	; 0
      00022C 00                     604 	.db #0x00	;  0
      00022D 08                     605 	.db #0x08	;  8
      00022E 02                     606 	.db #0x02	; 2
      00022F 00                     607 	.db #0x00	; 0
      000230 80                     608 	.db #0x80	; -128
      000231 00                     609 	.db #0x00	;  0
      000232 00                     610 	.db #0x00	; 0
      000233 00                     611 	.db #0x00	; 0
      000234                        612 _PacmanEatenDown_metasprite1:
      000234 F8                     613 	.db #0xf8	; -8
      000235 F8                     614 	.db #0xf8	; -8
      000236 04                     615 	.db #0x04	; 4
      000237 00                     616 	.db #0x00	; 0
      000238 00                     617 	.db #0x00	;  0
      000239 08                     618 	.db #0x08	;  8
      00023A 06                     619 	.db #0x06	; 6
      00023B 00                     620 	.db #0x00	; 0
      00023C 80                     621 	.db #0x80	; -128
      00023D 00                     622 	.db #0x00	;  0
      00023E 00                     623 	.db #0x00	; 0
      00023F 00                     624 	.db #0x00	; 0
      000240                        625 _PacmanEatenDown_metasprite2:
      000240 F8                     626 	.db #0xf8	; -8
      000241 F8                     627 	.db #0xf8	; -8
      000242 08                     628 	.db #0x08	; 8
      000243 00                     629 	.db #0x00	; 0
      000244 00                     630 	.db #0x00	;  0
      000245 08                     631 	.db #0x08	;  8
      000246 0A                     632 	.db #0x0a	; 10
      000247 00                     633 	.db #0x00	; 0
      000248 80                     634 	.db #0x80	; -128
      000249 00                     635 	.db #0x00	;  0
      00024A 00                     636 	.db #0x00	; 0
      00024B 00                     637 	.db #0x00	; 0
      00024C                        638 _PacmanEatenDown_metasprite3:
      00024C F8                     639 	.db #0xf8	; -8
      00024D F8                     640 	.db #0xf8	; -8
      00024E 0C                     641 	.db #0x0c	; 12
      00024F 00                     642 	.db #0x00	; 0
      000250 00                     643 	.db #0x00	;  0
      000251 08                     644 	.db #0x08	;  8
      000252 0E                     645 	.db #0x0e	; 14
      000253 00                     646 	.db #0x00	; 0
      000254 80                     647 	.db #0x80	; -128
      000255 00                     648 	.db #0x00	;  0
      000256 00                     649 	.db #0x00	; 0
      000257 00                     650 	.db #0x00	; 0
      000258                        651 _PacmanEatenDown_metasprite4:
      000258 F8                     652 	.db #0xf8	; -8
      000259 F8                     653 	.db #0xf8	; -8
      00025A 10                     654 	.db #0x10	; 16
      00025B 00                     655 	.db #0x00	; 0
      00025C 00                     656 	.db #0x00	;  0
      00025D 08                     657 	.db #0x08	;  8
      00025E 12                     658 	.db #0x12	; 18
      00025F 00                     659 	.db #0x00	; 0
      000260 80                     660 	.db #0x80	; -128
      000261 00                     661 	.db #0x00	;  0
      000262 00                     662 	.db #0x00	; 0
      000263 00                     663 	.db #0x00	; 0
      000264                        664 _PacmanEatenDown_metasprite5:
      000264 F8                     665 	.db #0xf8	; -8
      000265 F8                     666 	.db #0xf8	; -8
      000266 14                     667 	.db #0x14	; 20
      000267 00                     668 	.db #0x00	; 0
      000268 00                     669 	.db #0x00	;  0
      000269 08                     670 	.db #0x08	;  8
      00026A 16                     671 	.db #0x16	; 22
      00026B 00                     672 	.db #0x00	; 0
      00026C 80                     673 	.db #0x80	; -128
      00026D 00                     674 	.db #0x00	;  0
      00026E 00                     675 	.db #0x00	; 0
      00026F 00                     676 	.db #0x00	; 0
      000270                        677 _PacmanEatenDown_metasprite6:
      000270 F8                     678 	.db #0xf8	; -8
      000271 F8                     679 	.db #0xf8	; -8
      000272 18                     680 	.db #0x18	; 24
      000273 00                     681 	.db #0x00	; 0
      000274 00                     682 	.db #0x00	;  0
      000275 08                     683 	.db #0x08	;  8
      000276 1A                     684 	.db #0x1a	; 26
      000277 00                     685 	.db #0x00	; 0
      000278 80                     686 	.db #0x80	; -128
      000279 00                     687 	.db #0x00	;  0
      00027A 00                     688 	.db #0x00	; 0
      00027B 00                     689 	.db #0x00	; 0
      00027C                        690 _PacmanEatenDown_metasprite7:
      00027C F8                     691 	.db #0xf8	; -8
      00027D F8                     692 	.db #0xf8	; -8
      00027E 1C                     693 	.db #0x1c	; 28
      00027F 00                     694 	.db #0x00	; 0
      000280 00                     695 	.db #0x00	;  0
      000281 08                     696 	.db #0x08	;  8
      000282 1E                     697 	.db #0x1e	; 30
      000283 00                     698 	.db #0x00	; 0
      000284 80                     699 	.db #0x80	; -128
      000285 00                     700 	.db #0x00	;  0
      000286 00                     701 	.db #0x00	; 0
      000287 00                     702 	.db #0x00	; 0
      000288                        703 _PacmanEatenDown_metasprites:
      000288r28r02                  704 	.dw _PacmanEatenDown_metasprite0
      00028Ar34r02                  705 	.dw _PacmanEatenDown_metasprite1
      00028Cr40r02                  706 	.dw _PacmanEatenDown_metasprite2
      00028Er4Cr02                  707 	.dw _PacmanEatenDown_metasprite3
      000290r58r02                  708 	.dw _PacmanEatenDown_metasprite4
      000292r64r02                  709 	.dw _PacmanEatenDown_metasprite5
      000294r70r02                  710 	.dw _PacmanEatenDown_metasprite6
      000296r7Cr02                  711 	.dw _PacmanEatenDown_metasprite7
                                    712 	.area _INITIALIZER
                                    713 	.area _CABS (ABS)
