                                      1 ;--------------------------------------------------------
                                      2 ; File Created by SDCC : free open source ISO C Compiler 
                                      3 ; Version 4.2.2 #13350 (MINGW64)
                                      4 ;--------------------------------------------------------
                                      5 	.module HighText
                                      6 	.optsdcc -msm83
                                      7 	
                                      8 ;--------------------------------------------------------
                                      9 ; Public variables in this module
                                     10 ;--------------------------------------------------------
                                     11 	.globl _HighText_map_attributes
                                     12 	.globl _HighText_map
                                     13 	.globl _HighText_tiles
                                     14 	.globl _HighText_palettes
                                     15 	.globl b___func_HighText
                                     16 	.globl ___func_HighText
                                     17 ;--------------------------------------------------------
                                     18 ; special function registers
                                     19 ;--------------------------------------------------------
                                     20 ;--------------------------------------------------------
                                     21 ; ram data
                                     22 ;--------------------------------------------------------
                                     23 	.area _DATA
                                     24 ;--------------------------------------------------------
                                     25 ; ram data
                                     26 ;--------------------------------------------------------
                                     27 	.area _INITIALIZED
                                     28 ;--------------------------------------------------------
                                     29 ; absolute external ram data
                                     30 ;--------------------------------------------------------
                                     31 	.area _DABS (ABS)
                                     32 ;--------------------------------------------------------
                                     33 ; global & static initialisations
                                     34 ;--------------------------------------------------------
                                     35 	.area _HOME
                                     36 	.area _GSINIT
                                     37 	.area _GSFINAL
                                     38 	.area _GSINIT
                                     39 ;--------------------------------------------------------
                                     40 ; Home
                                     41 ;--------------------------------------------------------
                                     42 	.area _HOME
                                     43 	.area _HOME
                                     44 ;--------------------------------------------------------
                                     45 ; code
                                     46 ;--------------------------------------------------------
                                     47 	.area _CODE
                                     48 ;D:\Github\Gameboy-Homebrew\GBDK-Tutorials\Games\Pacman-From-Scratch\source\gen\default\graphics\HighText.c:7: BANKREF(HighText)
                                     49 ;	---------------------------------
                                     50 ; Function __func_HighText
                                     51 ; ---------------------------------
                           000000    52 	b___func_HighText	= 0
      000000                         53 ___func_HighText::
                                     54 	.local b___func_HighText 
                           000000    55 	___bank_HighText = b___func_HighText 
                                     56 	.globl ___bank_HighText 
                                     57 	.area _CODE
      000000                         58 _HighText_palettes:
      000000 00 00                   59 	.dw #0x0000
      000002 00 68                   60 	.dw #0x6800
      000004 1F 46                   61 	.dw #0x461f
      000006 1F 03                   62 	.dw #0x031f
      000008 00 00                   63 	.dw #0x0000
      00000A 31 46                   64 	.dw #0x4631
      00000C 1A 00                   65 	.dw #0x001a
      00000E FF 7F                   66 	.dw #0x7fff
      000010 00 00                   67 	.dw #0x0000
      000012 FF 7F                   68 	.dw #0x7fff
      000014 1F 46                   69 	.dw #0x461f
      000016 1A 00                   70 	.dw #0x001a
      000018 00 68                   71 	.dw #0x6800
      00001A 00 00                   72 	.dw #0x0000
      00001C 00 00                   73 	.dw #0x0000
      00001E FF 7F                   74 	.dw #0x7fff
      000020 00 68                   75 	.dw #0x6800
      000022 00 00                   76 	.dw #0x0000
      000024 00 00                   77 	.dw #0x0000
      000026 1A 00                   78 	.dw #0x001a
      000028                         79 _HighText_tiles:
      000028 FF                      80 	.db #0xff	; 255
      000029 C6                      81 	.db #0xc6	; 198
      00002A FF                      82 	.db #0xff	; 255
      00002B C6                      83 	.db #0xc6	; 198
      00002C FF                      84 	.db #0xff	; 255
      00002D C6                      85 	.db #0xc6	; 198
      00002E FF                      86 	.db #0xff	; 255
      00002F FE                      87 	.db #0xfe	; 254
      000030 FF                      88 	.db #0xff	; 255
      000031 C6                      89 	.db #0xc6	; 198
      000032 FF                      90 	.db #0xff	; 255
      000033 C6                      91 	.db #0xc6	; 198
      000034 FF                      92 	.db #0xff	; 255
      000035 C6                      93 	.db #0xc6	; 198
      000036 FF                      94 	.db #0xff	; 255
      000037 00                      95 	.db #0x00	; 0
      000038 FF                      96 	.db #0xff	; 255
      000039 7E                      97 	.db #0x7e	; 126
      00003A FF                      98 	.db #0xff	; 255
      00003B 18                      99 	.db #0x18	; 24
      00003C FF                     100 	.db #0xff	; 255
      00003D 18                     101 	.db #0x18	; 24
      00003E FF                     102 	.db #0xff	; 255
      00003F 18                     103 	.db #0x18	; 24
      000040 FF                     104 	.db #0xff	; 255
      000041 18                     105 	.db #0x18	; 24
      000042 FF                     106 	.db #0xff	; 255
      000043 18                     107 	.db #0x18	; 24
      000044 FF                     108 	.db #0xff	; 255
      000045 7E                     109 	.db #0x7e	; 126
      000046 FF                     110 	.db #0xff	; 255
      000047 00                     111 	.db #0x00	; 0
      000048 FF                     112 	.db #0xff	; 255
      000049 3E                     113 	.db #0x3e	; 62
      00004A FF                     114 	.db #0xff	; 255
      00004B 60                     115 	.db #0x60	; 96
      00004C FF                     116 	.db #0xff	; 255
      00004D C0                     117 	.db #0xc0	; 192
      00004E FF                     118 	.db #0xff	; 255
      00004F CE                     119 	.db #0xce	; 206
      000050 FF                     120 	.db #0xff	; 255
      000051 C6                     121 	.db #0xc6	; 198
      000052 FF                     122 	.db #0xff	; 255
      000053 66                     123 	.db #0x66	; 102	'f'
      000054 FF                     124 	.db #0xff	; 255
      000055 3E                     125 	.db #0x3e	; 62
      000056 FF                     126 	.db #0xff	; 255
      000057 00                     127 	.db #0x00	; 0
      000058                        128 _HighText_map:
      000058 00                     129 	.db #0x00	; 0
      000059 01                     130 	.db #0x01	; 1
      00005A 02                     131 	.db #0x02	; 2
      00005B 00                     132 	.db #0x00	; 0
      00005C                        133 _HighText_map_attributes:
      00005C 04                     134 	.db #0x04	; 4
      00005D 04                     135 	.db #0x04	; 4
      00005E 04                     136 	.db #0x04	; 4
      00005F 04                     137 	.db #0x04	; 4
                                    138 	.area _INITIALIZER
                                    139 	.area _CABS (ABS)
