                                      1 ;--------------------------------------------------------
                                      2 ; File Created by SDCC : free open source ISO C Compiler 
                                      3 ; Version 4.2.2 #13350 (MINGW64)
                                      4 ;--------------------------------------------------------
                                      5 	.module PacmanEatenLeft
                                      6 	.optsdcc -msm83
                                      7 	
                                      8 ;--------------------------------------------------------
                                      9 ; Public variables in this module
                                     10 ;--------------------------------------------------------
                                     11 	.globl _PacmanEatenLeft_metasprites
                                     12 	.globl _PacmanEatenLeft_metasprite9
                                     13 	.globl _PacmanEatenLeft_metasprite8
                                     14 	.globl _PacmanEatenLeft_metasprite7
                                     15 	.globl _PacmanEatenLeft_metasprite6
                                     16 	.globl _PacmanEatenLeft_metasprite5
                                     17 	.globl _PacmanEatenLeft_metasprite4
                                     18 	.globl _PacmanEatenLeft_metasprite3
                                     19 	.globl _PacmanEatenLeft_metasprite2
                                     20 	.globl _PacmanEatenLeft_metasprite1
                                     21 	.globl _PacmanEatenLeft_metasprite0
                                     22 	.globl _PacmanEatenLeft_tiles
                                     23 	.globl _PacmanEatenLeft_palettes
                                     24 	.globl b___func_PacmanEatenLeft
                                     25 	.globl ___func_PacmanEatenLeft
                                     26 ;--------------------------------------------------------
                                     27 ; special function registers
                                     28 ;--------------------------------------------------------
                                     29 ;--------------------------------------------------------
                                     30 ; ram data
                                     31 ;--------------------------------------------------------
                                     32 	.area _DATA
                                     33 ;--------------------------------------------------------
                                     34 ; ram data
                                     35 ;--------------------------------------------------------
                                     36 	.area _INITIALIZED
                                     37 ;--------------------------------------------------------
                                     38 ; absolute external ram data
                                     39 ;--------------------------------------------------------
                                     40 	.area _DABS (ABS)
                                     41 ;--------------------------------------------------------
                                     42 ; global & static initialisations
                                     43 ;--------------------------------------------------------
                                     44 	.area _HOME
                                     45 	.area _GSINIT
                                     46 	.area _GSFINAL
                                     47 	.area _GSINIT
                                     48 ;--------------------------------------------------------
                                     49 ; Home
                                     50 ;--------------------------------------------------------
                                     51 	.area _HOME
                                     52 	.area _HOME
                                     53 ;--------------------------------------------------------
                                     54 ; code
                                     55 ;--------------------------------------------------------
                                     56 	.area _CODE
                                     57 ;D:\Github\Gameboy-Homebrew\GBDK-Tutorials\Games\Pacman-From-Scratch\source\gen\default\graphics\PacmanEatenLeft.c:7: BANKREF(PacmanEatenLeft)
                                     58 ;	---------------------------------
                                     59 ; Function __func_PacmanEatenLeft
                                     60 ; ---------------------------------
                           000000    61 	b___func_PacmanEatenLeft	= 0
      000000                         62 ___func_PacmanEatenLeft::
                                     63 	.local b___func_PacmanEatenLeft 
                           000000    64 	___bank_PacmanEatenLeft = b___func_PacmanEatenLeft 
                                     65 	.globl ___bank_PacmanEatenLeft 
                                     66 	.area _CODE
      000000                         67 _PacmanEatenLeft_palettes:
      000000 00 41                   68 	.dw #0x4100
      000002 FF 03                   69 	.dw #0x03ff
      000004 FF 7F                   70 	.dw #0x7fff
      000006 00 00                   71 	.dw #0x0000
      000008 00 41                   72 	.dw #0x4100
      00000A 1F 00                   73 	.dw #0x001f
      00000C 00 68                   74 	.dw #0x6800
      00000E FF 7F                   75 	.dw #0x7fff
      000010 00 41                   76 	.dw #0x4100
      000012 3F 4E                   77 	.dw #0x4e3f
      000014 00 68                   78 	.dw #0x6800
      000016 FF 7F                   79 	.dw #0x7fff
      000018 00 41                   80 	.dw #0x4100
      00001A 00 7F                   81 	.dw #0x7f00
      00001C 00 68                   82 	.dw #0x6800
      00001E FF 7F                   83 	.dw #0x7fff
      000020 00 41                   84 	.dw #0x4100
      000022 5F 02                   85 	.dw #0x025f
      000024 00 68                   86 	.dw #0x6800
      000026 FF 7F                   87 	.dw #0x7fff
      000028                         88 _PacmanEatenLeft_tiles:
      000028 00                      89 	.db #0x00	; 0
      000029 00                      90 	.db #0x00	; 0
      00002A 00                      91 	.db #0x00	; 0
      00002B 00                      92 	.db #0x00	; 0
      00002C 07                      93 	.db #0x07	; 7
      00002D 00                      94 	.db #0x00	; 0
      00002E 1F                      95 	.db #0x1f	; 31
      00002F 00                      96 	.db #0x00	; 0
      000030 0F                      97 	.db #0x0f	; 15
      000031 00                      98 	.db #0x00	; 0
      000032 03                      99 	.db #0x03	; 3
      000033 00                     100 	.db #0x00	; 0
      000034 00                     101 	.db #0x00	; 0
      000035 00                     102 	.db #0x00	; 0
      000036 00                     103 	.db #0x00	; 0
      000037 00                     104 	.db #0x00	; 0
      000038 00                     105 	.db #0x00	; 0
      000039 00                     106 	.db #0x00	; 0
      00003A 00                     107 	.db #0x00	; 0
      00003B 00                     108 	.db #0x00	; 0
      00003C 03                     109 	.db #0x03	; 3
      00003D 00                     110 	.db #0x00	; 0
      00003E 0F                     111 	.db #0x0f	; 15
      00003F 00                     112 	.db #0x00	; 0
      000040 1F                     113 	.db #0x1f	; 31
      000041 00                     114 	.db #0x00	; 0
      000042 07                     115 	.db #0x07	; 7
      000043 00                     116 	.db #0x00	; 0
      000044 00                     117 	.db #0x00	; 0
      000045 00                     118 	.db #0x00	; 0
      000046 00                     119 	.db #0x00	; 0
      000047 00                     120 	.db #0x00	; 0
      000048 00                     121 	.db #0x00	; 0
      000049 00                     122 	.db #0x00	; 0
      00004A 00                     123 	.db #0x00	; 0
      00004B 00                     124 	.db #0x00	; 0
      00004C C0                     125 	.db #0xc0	; 192
      00004D 00                     126 	.db #0x00	; 0
      00004E F0                     127 	.db #0xf0	; 240
      00004F 00                     128 	.db #0x00	; 0
      000050 F8                     129 	.db #0xf8	; 248
      000051 00                     130 	.db #0x00	; 0
      000052 F8                     131 	.db #0xf8	; 248
      000053 00                     132 	.db #0x00	; 0
      000054 FC                     133 	.db #0xfc	; 252
      000055 00                     134 	.db #0x00	; 0
      000056 7C                     135 	.db #0x7c	; 124
      000057 00                     136 	.db #0x00	; 0
      000058 7C                     137 	.db #0x7c	; 124
      000059 00                     138 	.db #0x00	; 0
      00005A FC                     139 	.db #0xfc	; 252
      00005B 00                     140 	.db #0x00	; 0
      00005C F8                     141 	.db #0xf8	; 248
      00005D 00                     142 	.db #0x00	; 0
      00005E F8                     143 	.db #0xf8	; 248
      00005F 00                     144 	.db #0x00	; 0
      000060 F0                     145 	.db #0xf0	; 240
      000061 00                     146 	.db #0x00	; 0
      000062 C0                     147 	.db #0xc0	; 192
      000063 00                     148 	.db #0x00	; 0
      000064 00                     149 	.db #0x00	; 0
      000065 00                     150 	.db #0x00	; 0
      000066 00                     151 	.db #0x00	; 0
      000067 00                     152 	.db #0x00	; 0
      000068 00                     153 	.db #0x00	; 0
      000069 00                     154 	.db #0x00	; 0
      00006A 00                     155 	.db #0x00	; 0
      00006B 00                     156 	.db #0x00	; 0
      00006C 0F                     157 	.db #0x0f	; 15
      00006D 00                     158 	.db #0x00	; 0
      00006E 07                     159 	.db #0x07	; 7
      00006F 00                     160 	.db #0x00	; 0
      000070 03                     161 	.db #0x03	; 3
      000071 00                     162 	.db #0x00	; 0
      000072 01                     163 	.db #0x01	; 1
      000073 00                     164 	.db #0x00	; 0
      000074 00                     165 	.db #0x00	; 0
      000075 00                     166 	.db #0x00	; 0
      000076 00                     167 	.db #0x00	; 0
      000077 00                     168 	.db #0x00	; 0
      000078 00                     169 	.db #0x00	; 0
      000079 00                     170 	.db #0x00	; 0
      00007A 00                     171 	.db #0x00	; 0
      00007B 00                     172 	.db #0x00	; 0
      00007C 01                     173 	.db #0x01	; 1
      00007D 00                     174 	.db #0x00	; 0
      00007E 03                     175 	.db #0x03	; 3
      00007F 00                     176 	.db #0x00	; 0
      000080 07                     177 	.db #0x07	; 7
      000081 00                     178 	.db #0x00	; 0
      000082 0F                     179 	.db #0x0f	; 15
      000083 00                     180 	.db #0x00	; 0
      000084 00                     181 	.db #0x00	; 0
      000085 00                     182 	.db #0x00	; 0
      000086 00                     183 	.db #0x00	; 0
      000087 00                     184 	.db #0x00	; 0
      000088 00                     185 	.db #0x00	; 0
      000089 00                     186 	.db #0x00	; 0
      00008A 00                     187 	.db #0x00	; 0
      00008B 00                     188 	.db #0x00	; 0
      00008C 00                     189 	.db #0x00	; 0
      00008D 00                     190 	.db #0x00	; 0
      00008E C0                     191 	.db #0xc0	; 192
      00008F 00                     192 	.db #0x00	; 0
      000090 E0                     193 	.db #0xe0	; 224
      000091 00                     194 	.db #0x00	; 0
      000092 E0                     195 	.db #0xe0	; 224
      000093 00                     196 	.db #0x00	; 0
      000094 F0                     197 	.db #0xf0	; 240
      000095 00                     198 	.db #0x00	; 0
      000096 70                     199 	.db #0x70	; 112	'p'
      000097 00                     200 	.db #0x00	; 0
      000098 70                     201 	.db #0x70	; 112	'p'
      000099 00                     202 	.db #0x00	; 0
      00009A F0                     203 	.db #0xf0	; 240
      00009B 00                     204 	.db #0x00	; 0
      00009C E0                     205 	.db #0xe0	; 224
      00009D 00                     206 	.db #0x00	; 0
      00009E E0                     207 	.db #0xe0	; 224
      00009F 00                     208 	.db #0x00	; 0
      0000A0 C0                     209 	.db #0xc0	; 192
      0000A1 00                     210 	.db #0x00	; 0
      0000A2 00                     211 	.db #0x00	; 0
      0000A3 00                     212 	.db #0x00	; 0
      0000A4 00                     213 	.db #0x00	; 0
      0000A5 00                     214 	.db #0x00	; 0
      0000A6 00                     215 	.db #0x00	; 0
      0000A7 00                     216 	.db #0x00	; 0
      0000A8 00                     217 	.db #0x00	; 0
      0000A9 00                     218 	.db #0x00	; 0
      0000AA 01                     219 	.db #0x01	; 1
      0000AB 00                     220 	.db #0x00	; 0
      0000AC 00                     221 	.db #0x00	; 0
      0000AD 00                     222 	.db #0x00	; 0
      0000AE 00                     223 	.db #0x00	; 0
      0000AF 00                     224 	.db #0x00	; 0
      0000B0 00                     225 	.db #0x00	; 0
      0000B1 00                     226 	.db #0x00	; 0
      0000B2 00                     227 	.db #0x00	; 0
      0000B3 00                     228 	.db #0x00	; 0
      0000B4 00                     229 	.db #0x00	; 0
      0000B5 00                     230 	.db #0x00	; 0
      0000B6 00                     231 	.db #0x00	; 0
      0000B7 00                     232 	.db #0x00	; 0
      0000B8 00                     233 	.db #0x00	; 0
      0000B9 00                     234 	.db #0x00	; 0
      0000BA 00                     235 	.db #0x00	; 0
      0000BB 00                     236 	.db #0x00	; 0
      0000BC 00                     237 	.db #0x00	; 0
      0000BD 00                     238 	.db #0x00	; 0
      0000BE 00                     239 	.db #0x00	; 0
      0000BF 00                     240 	.db #0x00	; 0
      0000C0 00                     241 	.db #0x00	; 0
      0000C1 00                     242 	.db #0x00	; 0
      0000C2 01                     243 	.db #0x01	; 1
      0000C3 00                     244 	.db #0x00	; 0
      0000C4 01                     245 	.db #0x01	; 1
      0000C5 00                     246 	.db #0x00	; 0
      0000C6 00                     247 	.db #0x00	; 0
      0000C7 00                     248 	.db #0x00	; 0
      0000C8 00                     249 	.db #0x00	; 0
      0000C9 00                     250 	.db #0x00	; 0
      0000CA 80                     251 	.db #0x80	; 128
      0000CB 00                     252 	.db #0x00	; 0
      0000CC C0                     253 	.db #0xc0	; 192
      0000CD 00                     254 	.db #0x00	; 0
      0000CE C0                     255 	.db #0xc0	; 192
      0000CF 00                     256 	.db #0x00	; 0
      0000D0 E0                     257 	.db #0xe0	; 224
      0000D1 00                     258 	.db #0x00	; 0
      0000D2 E0                     259 	.db #0xe0	; 224
      0000D3 00                     260 	.db #0x00	; 0
      0000D4 60                     261 	.db #0x60	; 96
      0000D5 00                     262 	.db #0x00	; 0
      0000D6 40                     263 	.db #0x40	; 64
      0000D7 00                     264 	.db #0x00	; 0
      0000D8 40                     265 	.db #0x40	; 64
      0000D9 00                     266 	.db #0x00	; 0
      0000DA 60                     267 	.db #0x60	; 96
      0000DB 00                     268 	.db #0x00	; 0
      0000DC E0                     269 	.db #0xe0	; 224
      0000DD 00                     270 	.db #0x00	; 0
      0000DE E0                     271 	.db #0xe0	; 224
      0000DF 00                     272 	.db #0x00	; 0
      0000E0 C0                     273 	.db #0xc0	; 192
      0000E1 00                     274 	.db #0x00	; 0
      0000E2 C0                     275 	.db #0xc0	; 192
      0000E3 00                     276 	.db #0x00	; 0
      0000E4 80                     277 	.db #0x80	; 128
      0000E5 00                     278 	.db #0x00	; 0
      0000E6 00                     279 	.db #0x00	; 0
      0000E7 00                     280 	.db #0x00	; 0
      0000E8 00                     281 	.db #0x00	; 0
      0000E9 00                     282 	.db #0x00	; 0
      0000EA C0                     283 	.db #0xc0	; 192
      0000EB 00                     284 	.db #0x00	; 0
      0000EC C0                     285 	.db #0xc0	; 192
      0000ED 00                     286 	.db #0x00	; 0
      0000EE E0                     287 	.db #0xe0	; 224
      0000EF 00                     288 	.db #0x00	; 0
      0000F0 60                     289 	.db #0x60	; 96
      0000F1 00                     290 	.db #0x00	; 0
      0000F2 60                     291 	.db #0x60	; 96
      0000F3 00                     292 	.db #0x00	; 0
      0000F4 60                     293 	.db #0x60	; 96
      0000F5 00                     294 	.db #0x00	; 0
      0000F6 40                     295 	.db #0x40	; 64
      0000F7 00                     296 	.db #0x00	; 0
      0000F8 40                     297 	.db #0x40	; 64
      0000F9 00                     298 	.db #0x00	; 0
      0000FA 60                     299 	.db #0x60	; 96
      0000FB 00                     300 	.db #0x00	; 0
      0000FC 60                     301 	.db #0x60	; 96
      0000FD 00                     302 	.db #0x00	; 0
      0000FE 60                     303 	.db #0x60	; 96
      0000FF 00                     304 	.db #0x00	; 0
      000100 E0                     305 	.db #0xe0	; 224
      000101 00                     306 	.db #0x00	; 0
      000102 C0                     307 	.db #0xc0	; 192
      000103 00                     308 	.db #0x00	; 0
      000104 C0                     309 	.db #0xc0	; 192
      000105 00                     310 	.db #0x00	; 0
      000106 00                     311 	.db #0x00	; 0
      000107 00                     312 	.db #0x00	; 0
      000108 00                     313 	.db #0x00	; 0
      000109 00                     314 	.db #0x00	; 0
      00010A 20                     315 	.db #0x20	; 32
      00010B 00                     316 	.db #0x00	; 0
      00010C 20                     317 	.db #0x20	; 32
      00010D 00                     318 	.db #0x00	; 0
      00010E 30                     319 	.db #0x30	; 48	'0'
      00010F 00                     320 	.db #0x00	; 0
      000110 70                     321 	.db #0x70	; 112	'p'
      000111 00                     322 	.db #0x00	; 0
      000112 70                     323 	.db #0x70	; 112	'p'
      000113 00                     324 	.db #0x00	; 0
      000114 70                     325 	.db #0x70	; 112	'p'
      000115 00                     326 	.db #0x00	; 0
      000116 60                     327 	.db #0x60	; 96
      000117 00                     328 	.db #0x00	; 0
      000118 60                     329 	.db #0x60	; 96
      000119 00                     330 	.db #0x00	; 0
      00011A 70                     331 	.db #0x70	; 112	'p'
      00011B 00                     332 	.db #0x00	; 0
      00011C 70                     333 	.db #0x70	; 112	'p'
      00011D 00                     334 	.db #0x00	; 0
      00011E 70                     335 	.db #0x70	; 112	'p'
      00011F 00                     336 	.db #0x00	; 0
      000120 30                     337 	.db #0x30	; 48	'0'
      000121 00                     338 	.db #0x00	; 0
      000122 20                     339 	.db #0x20	; 32
      000123 00                     340 	.db #0x00	; 0
      000124 20                     341 	.db #0x20	; 32
      000125 00                     342 	.db #0x00	; 0
      000126 00                     343 	.db #0x00	; 0
      000127 00                     344 	.db #0x00	; 0
      000128 00                     345 	.db #0x00	; 0
      000129 00                     346 	.db #0x00	; 0
      00012A 10                     347 	.db #0x10	; 16
      00012B 00                     348 	.db #0x00	; 0
      00012C 10                     349 	.db #0x10	; 16
      00012D 00                     350 	.db #0x00	; 0
      00012E 18                     351 	.db #0x18	; 24
      00012F 00                     352 	.db #0x00	; 0
      000130 38                     353 	.db #0x38	; 56	'8'
      000131 00                     354 	.db #0x00	; 0
      000132 38                     355 	.db #0x38	; 56	'8'
      000133 00                     356 	.db #0x00	; 0
      000134 70                     357 	.db #0x70	; 112	'p'
      000135 00                     358 	.db #0x00	; 0
      000136 60                     359 	.db #0x60	; 96
      000137 00                     360 	.db #0x00	; 0
      000138 60                     361 	.db #0x60	; 96
      000139 00                     362 	.db #0x00	; 0
      00013A 70                     363 	.db #0x70	; 112	'p'
      00013B 00                     364 	.db #0x00	; 0
      00013C 38                     365 	.db #0x38	; 56	'8'
      00013D 00                     366 	.db #0x00	; 0
      00013E 38                     367 	.db #0x38	; 56	'8'
      00013F 00                     368 	.db #0x00	; 0
      000140 18                     369 	.db #0x18	; 24
      000141 00                     370 	.db #0x00	; 0
      000142 10                     371 	.db #0x10	; 16
      000143 00                     372 	.db #0x00	; 0
      000144 10                     373 	.db #0x10	; 16
      000145 00                     374 	.db #0x00	; 0
      000146 00                     375 	.db #0x00	; 0
      000147 00                     376 	.db #0x00	; 0
      000148 00                     377 	.db #0x00	; 0
      000149 00                     378 	.db #0x00	; 0
      00014A 00                     379 	.db #0x00	; 0
      00014B 00                     380 	.db #0x00	; 0
      00014C 04                     381 	.db #0x04	; 4
      00014D 00                     382 	.db #0x00	; 0
      00014E 0C                     383 	.db #0x0c	; 12
      00014F 00                     384 	.db #0x00	; 0
      000150 1C                     385 	.db #0x1c	; 28
      000151 00                     386 	.db #0x00	; 0
      000152 1C                     387 	.db #0x1c	; 28
      000153 00                     388 	.db #0x00	; 0
      000154 38                     389 	.db #0x38	; 56	'8'
      000155 00                     390 	.db #0x00	; 0
      000156 70                     391 	.db #0x70	; 112	'p'
      000157 00                     392 	.db #0x00	; 0
      000158 70                     393 	.db #0x70	; 112	'p'
      000159 00                     394 	.db #0x00	; 0
      00015A 38                     395 	.db #0x38	; 56	'8'
      00015B 00                     396 	.db #0x00	; 0
      00015C 1C                     397 	.db #0x1c	; 28
      00015D 00                     398 	.db #0x00	; 0
      00015E 1C                     399 	.db #0x1c	; 28
      00015F 00                     400 	.db #0x00	; 0
      000160 0C                     401 	.db #0x0c	; 12
      000161 00                     402 	.db #0x00	; 0
      000162 04                     403 	.db #0x04	; 4
      000163 00                     404 	.db #0x00	; 0
      000164 00                     405 	.db #0x00	; 0
      000165 00                     406 	.db #0x00	; 0
      000166 00                     407 	.db #0x00	; 0
      000167 00                     408 	.db #0x00	; 0
      000168 00                     409 	.db #0x00	; 0
      000169 00                     410 	.db #0x00	; 0
      00016A 00                     411 	.db #0x00	; 0
      00016B 00                     412 	.db #0x00	; 0
      00016C 00                     413 	.db #0x00	; 0
      00016D 00                     414 	.db #0x00	; 0
      00016E 00                     415 	.db #0x00	; 0
      00016F 00                     416 	.db #0x00	; 0
      000170 04                     417 	.db #0x04	; 4
      000171 00                     418 	.db #0x00	; 0
      000172 0C                     419 	.db #0x0c	; 12
      000173 00                     420 	.db #0x00	; 0
      000174 3C                     421 	.db #0x3c	; 60
      000175 00                     422 	.db #0x00	; 0
      000176 78                     423 	.db #0x78	; 120	'x'
      000177 00                     424 	.db #0x00	; 0
      000178 78                     425 	.db #0x78	; 120	'x'
      000179 00                     426 	.db #0x00	; 0
      00017A 3C                     427 	.db #0x3c	; 60
      00017B 00                     428 	.db #0x00	; 0
      00017C 0C                     429 	.db #0x0c	; 12
      00017D 00                     430 	.db #0x00	; 0
      00017E 04                     431 	.db #0x04	; 4
      00017F 00                     432 	.db #0x00	; 0
      000180 00                     433 	.db #0x00	; 0
      000181 00                     434 	.db #0x00	; 0
      000182 00                     435 	.db #0x00	; 0
      000183 00                     436 	.db #0x00	; 0
      000184 00                     437 	.db #0x00	; 0
      000185 00                     438 	.db #0x00	; 0
      000186 00                     439 	.db #0x00	; 0
      000187 00                     440 	.db #0x00	; 0
      000188 00                     441 	.db #0x00	; 0
      000189 00                     442 	.db #0x00	; 0
      00018A 00                     443 	.db #0x00	; 0
      00018B 00                     444 	.db #0x00	; 0
      00018C 00                     445 	.db #0x00	; 0
      00018D 00                     446 	.db #0x00	; 0
      00018E 00                     447 	.db #0x00	; 0
      00018F 00                     448 	.db #0x00	; 0
      000190 00                     449 	.db #0x00	; 0
      000191 00                     450 	.db #0x00	; 0
      000192 00                     451 	.db #0x00	; 0
      000193 00                     452 	.db #0x00	; 0
      000194 08                     453 	.db #0x08	; 8
      000195 00                     454 	.db #0x00	; 0
      000196 70                     455 	.db #0x70	; 112	'p'
      000197 00                     456 	.db #0x00	; 0
      000198 70                     457 	.db #0x70	; 112	'p'
      000199 00                     458 	.db #0x00	; 0
      00019A 08                     459 	.db #0x08	; 8
      00019B 00                     460 	.db #0x00	; 0
      00019C 00                     461 	.db #0x00	; 0
      00019D 00                     462 	.db #0x00	; 0
      00019E 00                     463 	.db #0x00	; 0
      00019F 00                     464 	.db #0x00	; 0
      0001A0 00                     465 	.db #0x00	; 0
      0001A1 00                     466 	.db #0x00	; 0
      0001A2 00                     467 	.db #0x00	; 0
      0001A3 00                     468 	.db #0x00	; 0
      0001A4 00                     469 	.db #0x00	; 0
      0001A5 00                     470 	.db #0x00	; 0
      0001A6 00                     471 	.db #0x00	; 0
      0001A7 00                     472 	.db #0x00	; 0
      0001A8 00                     473 	.db #0x00	; 0
      0001A9 00                     474 	.db #0x00	; 0
      0001AA 00                     475 	.db #0x00	; 0
      0001AB 00                     476 	.db #0x00	; 0
      0001AC 00                     477 	.db #0x00	; 0
      0001AD 00                     478 	.db #0x00	; 0
      0001AE 04                     479 	.db #0x04	; 4
      0001AF 00                     480 	.db #0x00	; 0
      0001B0 02                     481 	.db #0x02	; 2
      0001B1 00                     482 	.db #0x00	; 0
      0001B2 10                     483 	.db #0x10	; 16
      0001B3 00                     484 	.db #0x00	; 0
      0001B4 08                     485 	.db #0x08	; 8
      0001B5 00                     486 	.db #0x00	; 0
      0001B6 00                     487 	.db #0x00	; 0
      0001B7 00                     488 	.db #0x00	; 0
      0001B8 30                     489 	.db #0x30	; 48	'0'
      0001B9 00                     490 	.db #0x00	; 0
      0001BA 00                     491 	.db #0x00	; 0
      0001BB 00                     492 	.db #0x00	; 0
      0001BC 08                     493 	.db #0x08	; 8
      0001BD 00                     494 	.db #0x00	; 0
      0001BE 12                     495 	.db #0x12	; 18
      0001BF 00                     496 	.db #0x00	; 0
      0001C0 04                     497 	.db #0x04	; 4
      0001C1 00                     498 	.db #0x00	; 0
      0001C2 00                     499 	.db #0x00	; 0
      0001C3 00                     500 	.db #0x00	; 0
      0001C4 00                     501 	.db #0x00	; 0
      0001C5 00                     502 	.db #0x00	; 0
      0001C6 00                     503 	.db #0x00	; 0
      0001C7 00                     504 	.db #0x00	; 0
      0001C8 00                     505 	.db #0x00	; 0
      0001C9 00                     506 	.db #0x00	; 0
      0001CA 00                     507 	.db #0x00	; 0
      0001CB 00                     508 	.db #0x00	; 0
      0001CC 00                     509 	.db #0x00	; 0
      0001CD 00                     510 	.db #0x00	; 0
      0001CE 20                     511 	.db #0x20	; 32
      0001CF 00                     512 	.db #0x00	; 0
      0001D0 48                     513 	.db #0x48	; 72	'H'
      0001D1 00                     514 	.db #0x00	; 0
      0001D2 10                     515 	.db #0x10	; 16
      0001D3 00                     516 	.db #0x00	; 0
      0001D4 00                     517 	.db #0x00	; 0
      0001D5 00                     518 	.db #0x00	; 0
      0001D6 0C                     519 	.db #0x0c	; 12
      0001D7 00                     520 	.db #0x00	; 0
      0001D8 00                     521 	.db #0x00	; 0
      0001D9 00                     522 	.db #0x00	; 0
      0001DA 10                     523 	.db #0x10	; 16
      0001DB 00                     524 	.db #0x00	; 0
      0001DC 08                     525 	.db #0x08	; 8
      0001DD 00                     526 	.db #0x00	; 0
      0001DE 40                     527 	.db #0x40	; 64
      0001DF 00                     528 	.db #0x00	; 0
      0001E0 20                     529 	.db #0x20	; 32
      0001E1 00                     530 	.db #0x00	; 0
      0001E2 00                     531 	.db #0x00	; 0
      0001E3 00                     532 	.db #0x00	; 0
      0001E4 00                     533 	.db #0x00	; 0
      0001E5 00                     534 	.db #0x00	; 0
      0001E6 00                     535 	.db #0x00	; 0
      0001E7 00                     536 	.db #0x00	; 0
      0001E8                        537 _PacmanEatenLeft_metasprite0:
      0001E8 F8                     538 	.db #0xf8	; -8
      0001E9 F8                     539 	.db #0xf8	; -8
      0001EA 00                     540 	.db #0x00	; 0
      0001EB 00                     541 	.db #0x00	; 0
      0001EC 00                     542 	.db #0x00	;  0
      0001ED 08                     543 	.db #0x08	;  8
      0001EE 02                     544 	.db #0x02	; 2
      0001EF 00                     545 	.db #0x00	; 0
      0001F0 80                     546 	.db #0x80	; -128
      0001F1 00                     547 	.db #0x00	;  0
      0001F2 00                     548 	.db #0x00	; 0
      0001F3 00                     549 	.db #0x00	; 0
      0001F4                        550 _PacmanEatenLeft_metasprite1:
      0001F4 F8                     551 	.db #0xf8	; -8
      0001F5 F8                     552 	.db #0xf8	; -8
      0001F6 04                     553 	.db #0x04	; 4
      0001F7 00                     554 	.db #0x00	; 0
      0001F8 00                     555 	.db #0x00	;  0
      0001F9 08                     556 	.db #0x08	;  8
      0001FA 06                     557 	.db #0x06	; 6
      0001FB 00                     558 	.db #0x00	; 0
      0001FC 80                     559 	.db #0x80	; -128
      0001FD 00                     560 	.db #0x00	;  0
      0001FE 00                     561 	.db #0x00	; 0
      0001FF 00                     562 	.db #0x00	; 0
      000200                        563 _PacmanEatenLeft_metasprite2:
      000200 F8                     564 	.db #0xf8	; -8
      000201 F8                     565 	.db #0xf8	; -8
      000202 08                     566 	.db #0x08	; 8
      000203 00                     567 	.db #0x00	; 0
      000204 00                     568 	.db #0x00	;  0
      000205 08                     569 	.db #0x08	;  8
      000206 0A                     570 	.db #0x0a	; 10
      000207 00                     571 	.db #0x00	; 0
      000208 80                     572 	.db #0x80	; -128
      000209 00                     573 	.db #0x00	;  0
      00020A 00                     574 	.db #0x00	; 0
      00020B 00                     575 	.db #0x00	; 0
      00020C                        576 _PacmanEatenLeft_metasprite3:
      00020C F8                     577 	.db #0xf8	; -8
      00020D 00                     578 	.db #0x00	;  0
      00020E 0C                     579 	.db #0x0c	; 12
      00020F 00                     580 	.db #0x00	; 0
      000210 80                     581 	.db #0x80	; -128
      000211 00                     582 	.db #0x00	;  0
      000212 00                     583 	.db #0x00	; 0
      000213 00                     584 	.db #0x00	; 0
      000214                        585 _PacmanEatenLeft_metasprite4:
      000214 F8                     586 	.db #0xf8	; -8
      000215 00                     587 	.db #0x00	;  0
      000216 0E                     588 	.db #0x0e	; 14
      000217 00                     589 	.db #0x00	; 0
      000218 80                     590 	.db #0x80	; -128
      000219 00                     591 	.db #0x00	;  0
      00021A 00                     592 	.db #0x00	; 0
      00021B 00                     593 	.db #0x00	; 0
      00021C                        594 _PacmanEatenLeft_metasprite5:
      00021C F8                     595 	.db #0xf8	; -8
      00021D 00                     596 	.db #0x00	;  0
      00021E 10                     597 	.db #0x10	; 16
      00021F 00                     598 	.db #0x00	; 0
      000220 80                     599 	.db #0x80	; -128
      000221 00                     600 	.db #0x00	;  0
      000222 00                     601 	.db #0x00	; 0
      000223 00                     602 	.db #0x00	; 0
      000224                        603 _PacmanEatenLeft_metasprite6:
      000224 F8                     604 	.db #0xf8	; -8
      000225 00                     605 	.db #0x00	;  0
      000226 12                     606 	.db #0x12	; 18
      000227 00                     607 	.db #0x00	; 0
      000228 80                     608 	.db #0x80	; -128
      000229 00                     609 	.db #0x00	;  0
      00022A 00                     610 	.db #0x00	; 0
      00022B 00                     611 	.db #0x00	; 0
      00022C                        612 _PacmanEatenLeft_metasprite7:
      00022C F8                     613 	.db #0xf8	; -8
      00022D 00                     614 	.db #0x00	;  0
      00022E 14                     615 	.db #0x14	; 20
      00022F 00                     616 	.db #0x00	; 0
      000230 80                     617 	.db #0x80	; -128
      000231 00                     618 	.db #0x00	;  0
      000232 00                     619 	.db #0x00	; 0
      000233 00                     620 	.db #0x00	; 0
      000234                        621 _PacmanEatenLeft_metasprite8:
      000234 F8                     622 	.db #0xf8	; -8
      000235 00                     623 	.db #0x00	;  0
      000236 16                     624 	.db #0x16	; 22
      000237 00                     625 	.db #0x00	; 0
      000238 80                     626 	.db #0x80	; -128
      000239 00                     627 	.db #0x00	;  0
      00023A 00                     628 	.db #0x00	; 0
      00023B 00                     629 	.db #0x00	; 0
      00023C                        630 _PacmanEatenLeft_metasprite9:
      00023C F8                     631 	.db #0xf8	; -8
      00023D F8                     632 	.db #0xf8	; -8
      00023E 18                     633 	.db #0x18	; 24
      00023F 00                     634 	.db #0x00	; 0
      000240 00                     635 	.db #0x00	;  0
      000241 08                     636 	.db #0x08	;  8
      000242 1A                     637 	.db #0x1a	; 26
      000243 00                     638 	.db #0x00	; 0
      000244 80                     639 	.db #0x80	; -128
      000245 00                     640 	.db #0x00	;  0
      000246 00                     641 	.db #0x00	; 0
      000247 00                     642 	.db #0x00	; 0
      000248                        643 _PacmanEatenLeft_metasprites:
      000248rE8r01                  644 	.dw _PacmanEatenLeft_metasprite0
      00024ArF4r01                  645 	.dw _PacmanEatenLeft_metasprite1
      00024Cr00r02                  646 	.dw _PacmanEatenLeft_metasprite2
      00024Er0Cr02                  647 	.dw _PacmanEatenLeft_metasprite3
      000250r14r02                  648 	.dw _PacmanEatenLeft_metasprite4
      000252r1Cr02                  649 	.dw _PacmanEatenLeft_metasprite5
      000254r24r02                  650 	.dw _PacmanEatenLeft_metasprite6
      000256r2Cr02                  651 	.dw _PacmanEatenLeft_metasprite7
      000258r34r02                  652 	.dw _PacmanEatenLeft_metasprite8
      00025Ar3Cr02                  653 	.dw _PacmanEatenLeft_metasprite9
                                    654 	.area _INITIALIZER
                                    655 	.area _CABS (ABS)
