                                      1 ;--------------------------------------------------------
                                      2 ; File Created by SDCC : free open source ISO C Compiler 
                                      3 ; Version 4.2.2 #13350 (MINGW64)
                                      4 ;--------------------------------------------------------
                                      5 	.module GhostsScared
                                      6 	.optsdcc -msm83
                                      7 	
                                      8 ;--------------------------------------------------------
                                      9 ; Public variables in this module
                                     10 ;--------------------------------------------------------
                                     11 	.globl _GhostsScared_metasprites
                                     12 	.globl _GhostsScared_metasprite3
                                     13 	.globl _GhostsScared_metasprite2
                                     14 	.globl _GhostsScared_metasprite1
                                     15 	.globl _GhostsScared_metasprite0
                                     16 	.globl _GhostsScared_tiles
                                     17 	.globl _GhostsScared_palettes
                                     18 	.globl b___func_GhostsScared
                                     19 	.globl ___func_GhostsScared
                                     20 ;--------------------------------------------------------
                                     21 ; special function registers
                                     22 ;--------------------------------------------------------
                                     23 ;--------------------------------------------------------
                                     24 ; ram data
                                     25 ;--------------------------------------------------------
                                     26 	.area _DATA
                                     27 ;--------------------------------------------------------
                                     28 ; ram data
                                     29 ;--------------------------------------------------------
                                     30 	.area _INITIALIZED
                                     31 ;--------------------------------------------------------
                                     32 ; absolute external ram data
                                     33 ;--------------------------------------------------------
                                     34 	.area _DABS (ABS)
                                     35 ;--------------------------------------------------------
                                     36 ; global & static initialisations
                                     37 ;--------------------------------------------------------
                                     38 	.area _HOME
                                     39 	.area _GSINIT
                                     40 	.area _GSFINAL
                                     41 	.area _GSINIT
                                     42 ;--------------------------------------------------------
                                     43 ; Home
                                     44 ;--------------------------------------------------------
                                     45 	.area _HOME
                                     46 	.area _HOME
                                     47 ;--------------------------------------------------------
                                     48 ; code
                                     49 ;--------------------------------------------------------
                                     50 	.area _CODE
                                     51 ;D:\Github\Gameboy-Homebrew\GBDK-Tutorials\Games\Pacman-From-Scratch\source\gen\default\graphics\GhostsScared.c:7: BANKREF(GhostsScared)
                                     52 ;	---------------------------------
                                     53 ; Function __func_GhostsScared
                                     54 ; ---------------------------------
                           000000    55 	b___func_GhostsScared	= 0
      000000                         56 ___func_GhostsScared::
                                     57 	.local b___func_GhostsScared 
                           000000    58 	___bank_GhostsScared = b___func_GhostsScared 
                                     59 	.globl ___bank_GhostsScared 
                                     60 	.area _CODE
      000000                         61 _GhostsScared_palettes:
      000000 00 41                   62 	.dw #0x4100
      000002 FF 03                   63 	.dw #0x03ff
      000004 FF 7F                   64 	.dw #0x7fff
      000006 00 00                   65 	.dw #0x0000
      000008 00 00                   66 	.dw #0x0000
      00000A 00 7F                   67 	.dw #0x7f00
      00000C 00 68                   68 	.dw #0x6800
      00000E FF 7F                   69 	.dw #0x7fff
      000010 00 00                   70 	.dw #0x0000
      000012 1F 00                   71 	.dw #0x001f
      000014 00 68                   72 	.dw #0x6800
      000016 FF 7F                   73 	.dw #0x7fff
      000018 00 00                   74 	.dw #0x0000
      00001A 3F 4E                   75 	.dw #0x4e3f
      00001C 00 68                   76 	.dw #0x6800
      00001E FF 7F                   77 	.dw #0x7fff
      000020 00 00                   78 	.dw #0x0000
      000022 5F 02                   79 	.dw #0x025f
      000024 00 68                   80 	.dw #0x6800
      000026 FF 7F                   81 	.dw #0x7fff
      000028                         82 _GhostsScared_tiles:
      000028 00                      83 	.db #0x00	; 0
      000029 00                      84 	.db #0x00	; 0
      00002A 00                      85 	.db #0x00	; 0
      00002B 00                      86 	.db #0x00	; 0
      00002C 00                      87 	.db #0x00	; 0
      00002D 03                      88 	.db #0x03	; 3
      00002E 00                      89 	.db #0x00	; 0
      00002F 0F                      90 	.db #0x0f	; 15
      000030 00                      91 	.db #0x00	; 0
      000031 1F                      92 	.db #0x1f	; 31
      000032 00                      93 	.db #0x00	; 0
      000033 3F                      94 	.db #0x3f	; 63
      000034 06                      95 	.db #0x06	; 6
      000035 3F                      96 	.db #0x3f	; 63
      000036 06                      97 	.db #0x06	; 6
      000037 3F                      98 	.db #0x3f	; 63
      000038 00                      99 	.db #0x00	; 0
      000039 7F                     100 	.db #0x7f	; 127
      00003A 00                     101 	.db #0x00	; 0
      00003B 7F                     102 	.db #0x7f	; 127
      00003C 19                     103 	.db #0x19	; 25
      00003D 7F                     104 	.db #0x7f	; 127
      00003E 26                     105 	.db #0x26	; 38
      00003F 7F                     106 	.db #0x7f	; 127
      000040 00                     107 	.db #0x00	; 0
      000041 7F                     108 	.db #0x7f	; 127
      000042 00                     109 	.db #0x00	; 0
      000043 6E                     110 	.db #0x6e	; 110	'n'
      000044 00                     111 	.db #0x00	; 0
      000045 46                     112 	.db #0x46	; 70	'F'
      000046 00                     113 	.db #0x00	; 0
      000047 00                     114 	.db #0x00	; 0
      000048 00                     115 	.db #0x00	; 0
      000049 00                     116 	.db #0x00	; 0
      00004A 00                     117 	.db #0x00	; 0
      00004B 00                     118 	.db #0x00	; 0
      00004C 00                     119 	.db #0x00	; 0
      00004D C0                     120 	.db #0xc0	; 192
      00004E 00                     121 	.db #0x00	; 0
      00004F F0                     122 	.db #0xf0	; 240
      000050 00                     123 	.db #0x00	; 0
      000051 F8                     124 	.db #0xf8	; 248
      000052 00                     125 	.db #0x00	; 0
      000053 FC                     126 	.db #0xfc	; 252
      000054 60                     127 	.db #0x60	; 96
      000055 FC                     128 	.db #0xfc	; 252
      000056 60                     129 	.db #0x60	; 96
      000057 FC                     130 	.db #0xfc	; 252
      000058 00                     131 	.db #0x00	; 0
      000059 FE                     132 	.db #0xfe	; 254
      00005A 00                     133 	.db #0x00	; 0
      00005B FE                     134 	.db #0xfe	; 254
      00005C 98                     135 	.db #0x98	; 152
      00005D FE                     136 	.db #0xfe	; 254
      00005E 64                     137 	.db #0x64	; 100	'd'
      00005F FE                     138 	.db #0xfe	; 254
      000060 00                     139 	.db #0x00	; 0
      000061 FE                     140 	.db #0xfe	; 254
      000062 00                     141 	.db #0x00	; 0
      000063 76                     142 	.db #0x76	; 118	'v'
      000064 00                     143 	.db #0x00	; 0
      000065 62                     144 	.db #0x62	; 98	'b'
      000066 00                     145 	.db #0x00	; 0
      000067 00                     146 	.db #0x00	; 0
      000068 00                     147 	.db #0x00	; 0
      000069 00                     148 	.db #0x00	; 0
      00006A 00                     149 	.db #0x00	; 0
      00006B 00                     150 	.db #0x00	; 0
      00006C 00                     151 	.db #0x00	; 0
      00006D 03                     152 	.db #0x03	; 3
      00006E 00                     153 	.db #0x00	; 0
      00006F 0F                     154 	.db #0x0f	; 15
      000070 00                     155 	.db #0x00	; 0
      000071 1F                     156 	.db #0x1f	; 31
      000072 00                     157 	.db #0x00	; 0
      000073 3F                     158 	.db #0x3f	; 63
      000074 06                     159 	.db #0x06	; 6
      000075 3F                     160 	.db #0x3f	; 63
      000076 06                     161 	.db #0x06	; 6
      000077 3F                     162 	.db #0x3f	; 63
      000078 00                     163 	.db #0x00	; 0
      000079 7F                     164 	.db #0x7f	; 127
      00007A 00                     165 	.db #0x00	; 0
      00007B 7F                     166 	.db #0x7f	; 127
      00007C 19                     167 	.db #0x19	; 25
      00007D 7F                     168 	.db #0x7f	; 127
      00007E 26                     169 	.db #0x26	; 38
      00007F 7F                     170 	.db #0x7f	; 127
      000080 00                     171 	.db #0x00	; 0
      000081 7F                     172 	.db #0x7f	; 127
      000082 00                     173 	.db #0x00	; 0
      000083 7B                     174 	.db #0x7b	; 123
      000084 00                     175 	.db #0x00	; 0
      000085 31                     176 	.db #0x31	; 49	'1'
      000086 00                     177 	.db #0x00	; 0
      000087 00                     178 	.db #0x00	; 0
      000088 00                     179 	.db #0x00	; 0
      000089 00                     180 	.db #0x00	; 0
      00008A 00                     181 	.db #0x00	; 0
      00008B 00                     182 	.db #0x00	; 0
      00008C 00                     183 	.db #0x00	; 0
      00008D C0                     184 	.db #0xc0	; 192
      00008E 00                     185 	.db #0x00	; 0
      00008F F0                     186 	.db #0xf0	; 240
      000090 00                     187 	.db #0x00	; 0
      000091 F8                     188 	.db #0xf8	; 248
      000092 00                     189 	.db #0x00	; 0
      000093 FC                     190 	.db #0xfc	; 252
      000094 60                     191 	.db #0x60	; 96
      000095 FC                     192 	.db #0xfc	; 252
      000096 60                     193 	.db #0x60	; 96
      000097 FC                     194 	.db #0xfc	; 252
      000098 00                     195 	.db #0x00	; 0
      000099 FE                     196 	.db #0xfe	; 254
      00009A 00                     197 	.db #0x00	; 0
      00009B FE                     198 	.db #0xfe	; 254
      00009C 98                     199 	.db #0x98	; 152
      00009D FE                     200 	.db #0xfe	; 254
      00009E 64                     201 	.db #0x64	; 100	'd'
      00009F FE                     202 	.db #0xfe	; 254
      0000A0 00                     203 	.db #0x00	; 0
      0000A1 FE                     204 	.db #0xfe	; 254
      0000A2 00                     205 	.db #0x00	; 0
      0000A3 DE                     206 	.db #0xde	; 222
      0000A4 00                     207 	.db #0x00	; 0
      0000A5 8C                     208 	.db #0x8c	; 140
      0000A6 00                     209 	.db #0x00	; 0
      0000A7 00                     210 	.db #0x00	; 0
      0000A8 00                     211 	.db #0x00	; 0
      0000A9 00                     212 	.db #0x00	; 0
      0000AA 00                     213 	.db #0x00	; 0
      0000AB 00                     214 	.db #0x00	; 0
      0000AC 03                     215 	.db #0x03	; 3
      0000AD 03                     216 	.db #0x03	; 3
      0000AE 0F                     217 	.db #0x0f	; 15
      0000AF 0F                     218 	.db #0x0f	; 15
      0000B0 1F                     219 	.db #0x1f	; 31
      0000B1 1F                     220 	.db #0x1f	; 31
      0000B2 3F                     221 	.db #0x3f	; 63
      0000B3 3F                     222 	.db #0x3f	; 63
      0000B4 39                     223 	.db #0x39	; 57	'9'
      0000B5 3F                     224 	.db #0x3f	; 63
      0000B6 39                     225 	.db #0x39	; 57	'9'
      0000B7 3F                     226 	.db #0x3f	; 63
      0000B8 7F                     227 	.db #0x7f	; 127
      0000B9 7F                     228 	.db #0x7f	; 127
      0000BA 7F                     229 	.db #0x7f	; 127
      0000BB 7F                     230 	.db #0x7f	; 127
      0000BC 66                     231 	.db #0x66	; 102	'f'
      0000BD 7F                     232 	.db #0x7f	; 127
      0000BE 59                     233 	.db #0x59	; 89	'Y'
      0000BF 7F                     234 	.db #0x7f	; 127
      0000C0 7F                     235 	.db #0x7f	; 127
      0000C1 7F                     236 	.db #0x7f	; 127
      0000C2 6E                     237 	.db #0x6e	; 110	'n'
      0000C3 6E                     238 	.db #0x6e	; 110	'n'
      0000C4 46                     239 	.db #0x46	; 70	'F'
      0000C5 46                     240 	.db #0x46	; 70	'F'
      0000C6 00                     241 	.db #0x00	; 0
      0000C7 00                     242 	.db #0x00	; 0
      0000C8 00                     243 	.db #0x00	; 0
      0000C9 00                     244 	.db #0x00	; 0
      0000CA 00                     245 	.db #0x00	; 0
      0000CB 00                     246 	.db #0x00	; 0
      0000CC C0                     247 	.db #0xc0	; 192
      0000CD C0                     248 	.db #0xc0	; 192
      0000CE F0                     249 	.db #0xf0	; 240
      0000CF F0                     250 	.db #0xf0	; 240
      0000D0 F8                     251 	.db #0xf8	; 248
      0000D1 F8                     252 	.db #0xf8	; 248
      0000D2 FC                     253 	.db #0xfc	; 252
      0000D3 FC                     254 	.db #0xfc	; 252
      0000D4 9C                     255 	.db #0x9c	; 156
      0000D5 FC                     256 	.db #0xfc	; 252
      0000D6 9C                     257 	.db #0x9c	; 156
      0000D7 FC                     258 	.db #0xfc	; 252
      0000D8 FE                     259 	.db #0xfe	; 254
      0000D9 FE                     260 	.db #0xfe	; 254
      0000DA FE                     261 	.db #0xfe	; 254
      0000DB FE                     262 	.db #0xfe	; 254
      0000DC 66                     263 	.db #0x66	; 102	'f'
      0000DD FE                     264 	.db #0xfe	; 254
      0000DE 9A                     265 	.db #0x9a	; 154
      0000DF FE                     266 	.db #0xfe	; 254
      0000E0 FE                     267 	.db #0xfe	; 254
      0000E1 FE                     268 	.db #0xfe	; 254
      0000E2 76                     269 	.db #0x76	; 118	'v'
      0000E3 76                     270 	.db #0x76	; 118	'v'
      0000E4 62                     271 	.db #0x62	; 98	'b'
      0000E5 62                     272 	.db #0x62	; 98	'b'
      0000E6 00                     273 	.db #0x00	; 0
      0000E7 00                     274 	.db #0x00	; 0
      0000E8 00                     275 	.db #0x00	; 0
      0000E9 00                     276 	.db #0x00	; 0
      0000EA 00                     277 	.db #0x00	; 0
      0000EB 00                     278 	.db #0x00	; 0
      0000EC 03                     279 	.db #0x03	; 3
      0000ED 03                     280 	.db #0x03	; 3
      0000EE 0F                     281 	.db #0x0f	; 15
      0000EF 0F                     282 	.db #0x0f	; 15
      0000F0 1F                     283 	.db #0x1f	; 31
      0000F1 1F                     284 	.db #0x1f	; 31
      0000F2 3F                     285 	.db #0x3f	; 63
      0000F3 3F                     286 	.db #0x3f	; 63
      0000F4 39                     287 	.db #0x39	; 57	'9'
      0000F5 3F                     288 	.db #0x3f	; 63
      0000F6 39                     289 	.db #0x39	; 57	'9'
      0000F7 3F                     290 	.db #0x3f	; 63
      0000F8 7F                     291 	.db #0x7f	; 127
      0000F9 7F                     292 	.db #0x7f	; 127
      0000FA 7F                     293 	.db #0x7f	; 127
      0000FB 7F                     294 	.db #0x7f	; 127
      0000FC 66                     295 	.db #0x66	; 102	'f'
      0000FD 7F                     296 	.db #0x7f	; 127
      0000FE 59                     297 	.db #0x59	; 89	'Y'
      0000FF 7F                     298 	.db #0x7f	; 127
      000100 7F                     299 	.db #0x7f	; 127
      000101 7F                     300 	.db #0x7f	; 127
      000102 7B                     301 	.db #0x7b	; 123
      000103 7B                     302 	.db #0x7b	; 123
      000104 31                     303 	.db #0x31	; 49	'1'
      000105 31                     304 	.db #0x31	; 49	'1'
      000106 00                     305 	.db #0x00	; 0
      000107 00                     306 	.db #0x00	; 0
      000108 00                     307 	.db #0x00	; 0
      000109 00                     308 	.db #0x00	; 0
      00010A 00                     309 	.db #0x00	; 0
      00010B 00                     310 	.db #0x00	; 0
      00010C C0                     311 	.db #0xc0	; 192
      00010D C0                     312 	.db #0xc0	; 192
      00010E F0                     313 	.db #0xf0	; 240
      00010F F0                     314 	.db #0xf0	; 240
      000110 F8                     315 	.db #0xf8	; 248
      000111 F8                     316 	.db #0xf8	; 248
      000112 FC                     317 	.db #0xfc	; 252
      000113 FC                     318 	.db #0xfc	; 252
      000114 9C                     319 	.db #0x9c	; 156
      000115 FC                     320 	.db #0xfc	; 252
      000116 9C                     321 	.db #0x9c	; 156
      000117 FC                     322 	.db #0xfc	; 252
      000118 FE                     323 	.db #0xfe	; 254
      000119 FE                     324 	.db #0xfe	; 254
      00011A FE                     325 	.db #0xfe	; 254
      00011B FE                     326 	.db #0xfe	; 254
      00011C 66                     327 	.db #0x66	; 102	'f'
      00011D FE                     328 	.db #0xfe	; 254
      00011E 9A                     329 	.db #0x9a	; 154
      00011F FE                     330 	.db #0xfe	; 254
      000120 FE                     331 	.db #0xfe	; 254
      000121 FE                     332 	.db #0xfe	; 254
      000122 DE                     333 	.db #0xde	; 222
      000123 DE                     334 	.db #0xde	; 222
      000124 8C                     335 	.db #0x8c	; 140
      000125 8C                     336 	.db #0x8c	; 140
      000126 00                     337 	.db #0x00	; 0
      000127 00                     338 	.db #0x00	; 0
      000128                        339 _GhostsScared_metasprite0:
      000128 F8                     340 	.db #0xf8	; -8
      000129 F8                     341 	.db #0xf8	; -8
      00012A 00                     342 	.db #0x00	; 0
      00012B 01                     343 	.db #0x01	; 1
      00012C 00                     344 	.db #0x00	;  0
      00012D 08                     345 	.db #0x08	;  8
      00012E 02                     346 	.db #0x02	; 2
      00012F 01                     347 	.db #0x01	; 1
      000130 80                     348 	.db #0x80	; -128
      000131 00                     349 	.db #0x00	;  0
      000132 00                     350 	.db #0x00	; 0
      000133 00                     351 	.db #0x00	; 0
      000134                        352 _GhostsScared_metasprite1:
      000134 F8                     353 	.db #0xf8	; -8
      000135 F8                     354 	.db #0xf8	; -8
      000136 04                     355 	.db #0x04	; 4
      000137 01                     356 	.db #0x01	; 1
      000138 00                     357 	.db #0x00	;  0
      000139 08                     358 	.db #0x08	;  8
      00013A 06                     359 	.db #0x06	; 6
      00013B 01                     360 	.db #0x01	; 1
      00013C 80                     361 	.db #0x80	; -128
      00013D 00                     362 	.db #0x00	;  0
      00013E 00                     363 	.db #0x00	; 0
      00013F 00                     364 	.db #0x00	; 0
      000140                        365 _GhostsScared_metasprite2:
      000140 F8                     366 	.db #0xf8	; -8
      000141 F8                     367 	.db #0xf8	; -8
      000142 08                     368 	.db #0x08	; 8
      000143 01                     369 	.db #0x01	; 1
      000144 00                     370 	.db #0x00	;  0
      000145 08                     371 	.db #0x08	;  8
      000146 0A                     372 	.db #0x0a	; 10
      000147 01                     373 	.db #0x01	; 1
      000148 80                     374 	.db #0x80	; -128
      000149 00                     375 	.db #0x00	;  0
      00014A 00                     376 	.db #0x00	; 0
      00014B 00                     377 	.db #0x00	; 0
      00014C                        378 _GhostsScared_metasprite3:
      00014C F8                     379 	.db #0xf8	; -8
      00014D F8                     380 	.db #0xf8	; -8
      00014E 0C                     381 	.db #0x0c	; 12
      00014F 01                     382 	.db #0x01	; 1
      000150 00                     383 	.db #0x00	;  0
      000151 08                     384 	.db #0x08	;  8
      000152 0E                     385 	.db #0x0e	; 14
      000153 01                     386 	.db #0x01	; 1
      000154 80                     387 	.db #0x80	; -128
      000155 00                     388 	.db #0x00	;  0
      000156 00                     389 	.db #0x00	; 0
      000157 00                     390 	.db #0x00	; 0
      000158                        391 _GhostsScared_metasprites:
      000158r28r01                  392 	.dw _GhostsScared_metasprite0
      00015Ar34r01                  393 	.dw _GhostsScared_metasprite1
      00015Cr40r01                  394 	.dw _GhostsScared_metasprite2
      00015Er4Cr01                  395 	.dw _GhostsScared_metasprite3
                                    396 	.area _INITIALIZER
                                    397 	.area _CABS (ABS)
