                                      1 ;--------------------------------------------------------
                                      2 ; File Created by SDCC : free open source ISO C Compiler 
                                      3 ; Version 4.2.2 #13350 (MINGW64)
                                      4 ;--------------------------------------------------------
                                      5 	.module TargetTiles
                                      6 	.optsdcc -msm83
                                      7 	
                                      8 ;--------------------------------------------------------
                                      9 ; Public variables in this module
                                     10 ;--------------------------------------------------------
                                     11 	.globl _TargetTiles_metasprites
                                     12 	.globl _TargetTiles_metasprite3
                                     13 	.globl _TargetTiles_metasprite2
                                     14 	.globl _TargetTiles_metasprite1
                                     15 	.globl _TargetTiles_metasprite0
                                     16 	.globl _TargetTiles_tiles
                                     17 	.globl _TargetTiles_palettes
                                     18 	.globl b___func_TargetTiles
                                     19 	.globl ___func_TargetTiles
                                     20 ;--------------------------------------------------------
                                     21 ; special function registers
                                     22 ;--------------------------------------------------------
                                     23 ;--------------------------------------------------------
                                     24 ; ram data
                                     25 ;--------------------------------------------------------
                                     26 	.area _DATA
                                     27 ;--------------------------------------------------------
                                     28 ; ram data
                                     29 ;--------------------------------------------------------
                                     30 	.area _INITIALIZED
                                     31 ;--------------------------------------------------------
                                     32 ; absolute external ram data
                                     33 ;--------------------------------------------------------
                                     34 	.area _DABS (ABS)
                                     35 ;--------------------------------------------------------
                                     36 ; global & static initialisations
                                     37 ;--------------------------------------------------------
                                     38 	.area _HOME
                                     39 	.area _GSINIT
                                     40 	.area _GSFINAL
                                     41 	.area _GSINIT
                                     42 ;--------------------------------------------------------
                                     43 ; Home
                                     44 ;--------------------------------------------------------
                                     45 	.area _HOME
                                     46 	.area _HOME
                                     47 ;--------------------------------------------------------
                                     48 ; code
                                     49 ;--------------------------------------------------------
                                     50 	.area _CODE
                                     51 ;D:\Github\Gameboy-Homebrew\GBDK-Tutorials\Games\Pacman-From-Scratch\source\gen\default\graphics\TargetTiles.c:7: BANKREF(TargetTiles)
                                     52 ;	---------------------------------
                                     53 ; Function __func_TargetTiles
                                     54 ; ---------------------------------
                           000000    55 	b___func_TargetTiles	= 0
      000000                         56 ___func_TargetTiles::
                                     57 	.local b___func_TargetTiles 
                           000000    58 	___bank_TargetTiles = b___func_TargetTiles 
                                     59 	.globl ___bank_TargetTiles 
                                     60 	.area _CODE
      000000                         61 _TargetTiles_palettes:
      000000 00 41                   62 	.dw #0x4100
      000002 FF 03                   63 	.dw #0x03ff
      000004 FF 7F                   64 	.dw #0x7fff
      000006 00 00                   65 	.dw #0x0000
      000008 00 00                   66 	.dw #0x0000
      00000A 00 7F                   67 	.dw #0x7f00
      00000C 00 68                   68 	.dw #0x6800
      00000E FF 7F                   69 	.dw #0x7fff
      000010 00 00                   70 	.dw #0x0000
      000012 1F 00                   71 	.dw #0x001f
      000014 00 68                   72 	.dw #0x6800
      000016 FF 7F                   73 	.dw #0x7fff
      000018 00 00                   74 	.dw #0x0000
      00001A 3F 4E                   75 	.dw #0x4e3f
      00001C 00 68                   76 	.dw #0x6800
      00001E FF 7F                   77 	.dw #0x7fff
      000020 00 00                   78 	.dw #0x0000
      000022 5F 02                   79 	.dw #0x025f
      000024 00 68                   80 	.dw #0x6800
      000026 FF 7F                   81 	.dw #0x7fff
      000028                         82 _TargetTiles_tiles:
      000028 F0                      83 	.db #0xf0	; 240
      000029 00                      84 	.db #0x00	; 0
      00002A F0                      85 	.db #0xf0	; 240
      00002B 00                      86 	.db #0x00	; 0
      00002C C0                      87 	.db #0xc0	; 192
      00002D 00                      88 	.db #0x00	; 0
      00002E C0                      89 	.db #0xc0	; 192
      00002F 00                      90 	.db #0x00	; 0
      000030 00                      91 	.db #0x00	; 0
      000031 00                      92 	.db #0x00	; 0
      000032 00                      93 	.db #0x00	; 0
      000033 00                      94 	.db #0x00	; 0
      000034 00                      95 	.db #0x00	; 0
      000035 00                      96 	.db #0x00	; 0
      000036 00                      97 	.db #0x00	; 0
      000037 00                      98 	.db #0x00	; 0
      000038 00                      99 	.db #0x00	; 0
      000039 00                     100 	.db #0x00	; 0
      00003A 00                     101 	.db #0x00	; 0
      00003B 00                     102 	.db #0x00	; 0
      00003C 00                     103 	.db #0x00	; 0
      00003D 00                     104 	.db #0x00	; 0
      00003E 00                     105 	.db #0x00	; 0
      00003F 00                     106 	.db #0x00	; 0
      000040 00                     107 	.db #0x00	; 0
      000041 00                     108 	.db #0x00	; 0
      000042 00                     109 	.db #0x00	; 0
      000043 00                     110 	.db #0x00	; 0
      000044 00                     111 	.db #0x00	; 0
      000045 00                     112 	.db #0x00	; 0
      000046 00                     113 	.db #0x00	; 0
      000047 00                     114 	.db #0x00	; 0
      000048 0F                     115 	.db #0x0f	; 15
      000049 00                     116 	.db #0x00	; 0
      00004A 0F                     117 	.db #0x0f	; 15
      00004B 00                     118 	.db #0x00	; 0
      00004C 03                     119 	.db #0x03	; 3
      00004D 00                     120 	.db #0x00	; 0
      00004E 03                     121 	.db #0x03	; 3
      00004F 00                     122 	.db #0x00	; 0
      000050 00                     123 	.db #0x00	; 0
      000051 00                     124 	.db #0x00	; 0
      000052 00                     125 	.db #0x00	; 0
      000053 00                     126 	.db #0x00	; 0
      000054 00                     127 	.db #0x00	; 0
      000055 00                     128 	.db #0x00	; 0
      000056 00                     129 	.db #0x00	; 0
      000057 00                     130 	.db #0x00	; 0
      000058 00                     131 	.db #0x00	; 0
      000059 00                     132 	.db #0x00	; 0
      00005A 00                     133 	.db #0x00	; 0
      00005B 00                     134 	.db #0x00	; 0
      00005C 00                     135 	.db #0x00	; 0
      00005D 00                     136 	.db #0x00	; 0
      00005E 00                     137 	.db #0x00	; 0
      00005F 00                     138 	.db #0x00	; 0
      000060 00                     139 	.db #0x00	; 0
      000061 00                     140 	.db #0x00	; 0
      000062 00                     141 	.db #0x00	; 0
      000063 00                     142 	.db #0x00	; 0
      000064 00                     143 	.db #0x00	; 0
      000065 00                     144 	.db #0x00	; 0
      000066 00                     145 	.db #0x00	; 0
      000067 00                     146 	.db #0x00	; 0
      000068 00                     147 	.db #0x00	; 0
      000069 00                     148 	.db #0x00	; 0
      00006A 00                     149 	.db #0x00	; 0
      00006B 00                     150 	.db #0x00	; 0
      00006C 00                     151 	.db #0x00	; 0
      00006D 00                     152 	.db #0x00	; 0
      00006E 00                     153 	.db #0x00	; 0
      00006F 00                     154 	.db #0x00	; 0
      000070 C0                     155 	.db #0xc0	; 192
      000071 00                     156 	.db #0x00	; 0
      000072 C0                     157 	.db #0xc0	; 192
      000073 00                     158 	.db #0x00	; 0
      000074 F0                     159 	.db #0xf0	; 240
      000075 00                     160 	.db #0x00	; 0
      000076 F0                     161 	.db #0xf0	; 240
      000077 00                     162 	.db #0x00	; 0
      000078 00                     163 	.db #0x00	; 0
      000079 00                     164 	.db #0x00	; 0
      00007A 00                     165 	.db #0x00	; 0
      00007B 00                     166 	.db #0x00	; 0
      00007C 00                     167 	.db #0x00	; 0
      00007D 00                     168 	.db #0x00	; 0
      00007E 00                     169 	.db #0x00	; 0
      00007F 00                     170 	.db #0x00	; 0
      000080 00                     171 	.db #0x00	; 0
      000081 00                     172 	.db #0x00	; 0
      000082 00                     173 	.db #0x00	; 0
      000083 00                     174 	.db #0x00	; 0
      000084 00                     175 	.db #0x00	; 0
      000085 00                     176 	.db #0x00	; 0
      000086 00                     177 	.db #0x00	; 0
      000087 00                     178 	.db #0x00	; 0
      000088 00                     179 	.db #0x00	; 0
      000089 00                     180 	.db #0x00	; 0
      00008A 00                     181 	.db #0x00	; 0
      00008B 00                     182 	.db #0x00	; 0
      00008C 00                     183 	.db #0x00	; 0
      00008D 00                     184 	.db #0x00	; 0
      00008E 00                     185 	.db #0x00	; 0
      00008F 00                     186 	.db #0x00	; 0
      000090 03                     187 	.db #0x03	; 3
      000091 00                     188 	.db #0x00	; 0
      000092 03                     189 	.db #0x03	; 3
      000093 00                     190 	.db #0x00	; 0
      000094 0F                     191 	.db #0x0f	; 15
      000095 00                     192 	.db #0x00	; 0
      000096 0F                     193 	.db #0x0f	; 15
      000097 00                     194 	.db #0x00	; 0
      000098 00                     195 	.db #0x00	; 0
      000099 00                     196 	.db #0x00	; 0
      00009A 00                     197 	.db #0x00	; 0
      00009B 00                     198 	.db #0x00	; 0
      00009C 00                     199 	.db #0x00	; 0
      00009D 00                     200 	.db #0x00	; 0
      00009E 00                     201 	.db #0x00	; 0
      00009F 00                     202 	.db #0x00	; 0
      0000A0 00                     203 	.db #0x00	; 0
      0000A1 00                     204 	.db #0x00	; 0
      0000A2 00                     205 	.db #0x00	; 0
      0000A3 00                     206 	.db #0x00	; 0
      0000A4 00                     207 	.db #0x00	; 0
      0000A5 00                     208 	.db #0x00	; 0
      0000A6 00                     209 	.db #0x00	; 0
      0000A7 00                     210 	.db #0x00	; 0
      0000A8                        211 _TargetTiles_metasprite0:
      0000A8 F8                     212 	.db #0xf8	; -8
      0000A9 FC                     213 	.db #0xfc	; -4
      0000AA 00                     214 	.db #0x00	; 0
      0000AB 01                     215 	.db #0x01	; 1
      0000AC 80                     216 	.db #0x80	; -128
      0000AD 00                     217 	.db #0x00	;  0
      0000AE 00                     218 	.db #0x00	; 0
      0000AF 00                     219 	.db #0x00	; 0
      0000B0                        220 _TargetTiles_metasprite1:
      0000B0 F8                     221 	.db #0xf8	; -8
      0000B1 FC                     222 	.db #0xfc	; -4
      0000B2 02                     223 	.db #0x02	; 2
      0000B3 02                     224 	.db #0x02	; 2
      0000B4 80                     225 	.db #0x80	; -128
      0000B5 00                     226 	.db #0x00	;  0
      0000B6 00                     227 	.db #0x00	; 0
      0000B7 00                     228 	.db #0x00	; 0
      0000B8                        229 _TargetTiles_metasprite2:
      0000B8 F8                     230 	.db #0xf8	; -8
      0000B9 FC                     231 	.db #0xfc	; -4
      0000BA 04                     232 	.db #0x04	; 4
      0000BB 03                     233 	.db #0x03	; 3
      0000BC 80                     234 	.db #0x80	; -128
      0000BD 00                     235 	.db #0x00	;  0
      0000BE 00                     236 	.db #0x00	; 0
      0000BF 00                     237 	.db #0x00	; 0
      0000C0                        238 _TargetTiles_metasprite3:
      0000C0 F8                     239 	.db #0xf8	; -8
      0000C1 FC                     240 	.db #0xfc	; -4
      0000C2 06                     241 	.db #0x06	; 6
      0000C3 04                     242 	.db #0x04	; 4
      0000C4 80                     243 	.db #0x80	; -128
      0000C5 00                     244 	.db #0x00	;  0
      0000C6 00                     245 	.db #0x00	; 0
      0000C7 00                     246 	.db #0x00	; 0
      0000C8                        247 _TargetTiles_metasprites:
      0000C8rA8r00                  248 	.dw _TargetTiles_metasprite0
      0000CArB0r00                  249 	.dw _TargetTiles_metasprite1
      0000CCrB8r00                  250 	.dw _TargetTiles_metasprite2
      0000CErC0r00                  251 	.dw _TargetTiles_metasprite3
                                    252 	.area _INITIALIZER
                                    253 	.area _CABS (ABS)
