                                      1 ;--------------------------------------------------------
                                      2 ; File Created by SDCC : free open source ISO C Compiler 
                                      3 ; Version 4.2.2 #13350 (MINGW64)
                                      4 ;--------------------------------------------------------
                                      5 	.module ReadyText
                                      6 	.optsdcc -msm83
                                      7 	
                                      8 ;--------------------------------------------------------
                                      9 ; Public variables in this module
                                     10 ;--------------------------------------------------------
                                     11 	.globl _ReadyText_map_attributes
                                     12 	.globl _ReadyText_map
                                     13 	.globl _ReadyText_tiles
                                     14 	.globl _ReadyText_palettes
                                     15 	.globl b___func_ReadyText
                                     16 	.globl ___func_ReadyText
                                     17 ;--------------------------------------------------------
                                     18 ; special function registers
                                     19 ;--------------------------------------------------------
                                     20 ;--------------------------------------------------------
                                     21 ; ram data
                                     22 ;--------------------------------------------------------
                                     23 	.area _DATA
                                     24 ;--------------------------------------------------------
                                     25 ; ram data
                                     26 ;--------------------------------------------------------
                                     27 	.area _INITIALIZED
                                     28 ;--------------------------------------------------------
                                     29 ; absolute external ram data
                                     30 ;--------------------------------------------------------
                                     31 	.area _DABS (ABS)
                                     32 ;--------------------------------------------------------
                                     33 ; global & static initialisations
                                     34 ;--------------------------------------------------------
                                     35 	.area _HOME
                                     36 	.area _GSINIT
                                     37 	.area _GSFINAL
                                     38 	.area _GSINIT
                                     39 ;--------------------------------------------------------
                                     40 ; Home
                                     41 ;--------------------------------------------------------
                                     42 	.area _HOME
                                     43 	.area _HOME
                                     44 ;--------------------------------------------------------
                                     45 ; code
                                     46 ;--------------------------------------------------------
                                     47 	.area _CODE
                                     48 ;D:\Github\Gameboy-Homebrew\GBDK-Tutorials\Games\Pacman-From-Scratch\source\gen\default\graphics\ReadyText.c:7: BANKREF(ReadyText)
                                     49 ;	---------------------------------
                                     50 ; Function __func_ReadyText
                                     51 ; ---------------------------------
                           000000    52 	b___func_ReadyText	= 0
      000000                         53 ___func_ReadyText::
                                     54 	.local b___func_ReadyText 
                           000000    55 	___bank_ReadyText = b___func_ReadyText 
                                     56 	.globl ___bank_ReadyText 
                                     57 	.area _CODE
      000000                         58 _ReadyText_palettes:
      000000 00 00                   59 	.dw #0x0000
      000002 00 68                   60 	.dw #0x6800
      000004 1F 46                   61 	.dw #0x461f
      000006 1F 03                   62 	.dw #0x031f
      000008 00 00                   63 	.dw #0x0000
      00000A 31 46                   64 	.dw #0x4631
      00000C 1A 00                   65 	.dw #0x001a
      00000E FF 7F                   66 	.dw #0x7fff
      000010 00 00                   67 	.dw #0x0000
      000012 FF 7F                   68 	.dw #0x7fff
      000014 1F 46                   69 	.dw #0x461f
      000016 1A 00                   70 	.dw #0x001a
      000018                         71 _ReadyText_tiles:
      000018 3F                      72 	.db #0x3f	; 63
      000019 3F                      73 	.db #0x3f	; 63
      00001A 31                      74 	.db #0x31	; 49	'1'
      00001B 31                      75 	.db #0x31	; 49	'1'
      00001C 31                      76 	.db #0x31	; 49	'1'
      00001D 31                      77 	.db #0x31	; 49	'1'
      00001E 33                      78 	.db #0x33	; 51	'3'
      00001F 33                      79 	.db #0x33	; 51	'3'
      000020 3E                      80 	.db #0x3e	; 62
      000021 3E                      81 	.db #0x3e	; 62
      000022 37                      82 	.db #0x37	; 55	'7'
      000023 37                      83 	.db #0x37	; 55	'7'
      000024 33                      84 	.db #0x33	; 51	'3'
      000025 33                      85 	.db #0x33	; 51	'3'
      000026 00                      86 	.db #0x00	; 0
      000027 00                      87 	.db #0x00	; 0
      000028 3F                      88 	.db #0x3f	; 63
      000029 3F                      89 	.db #0x3f	; 63
      00002A B0                      90 	.db #0xb0	; 176
      00002B B0                      91 	.db #0xb0	; 176
      00002C B0                      92 	.db #0xb0	; 176
      00002D B0                      93 	.db #0xb0	; 176
      00002E BF                      94 	.db #0xbf	; 191
      00002F BF                      95 	.db #0xbf	; 191
      000030 30                      96 	.db #0x30	; 48	'0'
      000031 30                      97 	.db #0x30	; 48	'0'
      000032 30                      98 	.db #0x30	; 48	'0'
      000033 30                      99 	.db #0x30	; 48	'0'
      000034 BF                     100 	.db #0xbf	; 191
      000035 BF                     101 	.db #0xbf	; 191
      000036 00                     102 	.db #0x00	; 0
      000037 00                     103 	.db #0x00	; 0
      000038 8E                     104 	.db #0x8e	; 142
      000039 8E                     105 	.db #0x8e	; 142
      00003A 1B                     106 	.db #0x1b	; 27
      00003B 1B                     107 	.db #0x1b	; 27
      00003C 31                     108 	.db #0x31	; 49	'1'
      00003D 31                     109 	.db #0x31	; 49	'1'
      00003E 31                     110 	.db #0x31	; 49	'1'
      00003F 31                     111 	.db #0x31	; 49	'1'
      000040 3F                     112 	.db #0x3f	; 63
      000041 3F                     113 	.db #0x3f	; 63
      000042 31                     114 	.db #0x31	; 49	'1'
      000043 31                     115 	.db #0x31	; 49	'1'
      000044 B1                     116 	.db #0xb1	; 177
      000045 B1                     117 	.db #0xb1	; 177
      000046 00                     118 	.db #0x00	; 0
      000047 00                     119 	.db #0x00	; 0
      000048 3E                     120 	.db #0x3e	; 62
      000049 3E                     121 	.db #0x3e	; 62
      00004A 33                     122 	.db #0x33	; 51	'3'
      00004B 33                     123 	.db #0x33	; 51	'3'
      00004C B1                     124 	.db #0xb1	; 177
      00004D B1                     125 	.db #0xb1	; 177
      00004E B1                     126 	.db #0xb1	; 177
      00004F B1                     127 	.db #0xb1	; 177
      000050 B1                     128 	.db #0xb1	; 177
      000051 B1                     129 	.db #0xb1	; 177
      000052 B3                     130 	.db #0xb3	; 179
      000053 B3                     131 	.db #0xb3	; 179
      000054 BE                     132 	.db #0xbe	; 190
      000055 BE                     133 	.db #0xbe	; 190
      000056 00                     134 	.db #0x00	; 0
      000057 00                     135 	.db #0x00	; 0
      000058 19                     136 	.db #0x19	; 25
      000059 19                     137 	.db #0x19	; 25
      00005A 19                     138 	.db #0x19	; 25
      00005B 19                     139 	.db #0x19	; 25
      00005C 99                     140 	.db #0x99	; 153
      00005D 99                     141 	.db #0x99	; 153
      00005E 8F                     142 	.db #0x8f	; 143
      00005F 8F                     143 	.db #0x8f	; 143
      000060 86                     144 	.db #0x86	; 134
      000061 86                     145 	.db #0x86	; 134
      000062 06                     146 	.db #0x06	; 6
      000063 06                     147 	.db #0x06	; 6
      000064 06                     148 	.db #0x06	; 6
      000065 06                     149 	.db #0x06	; 6
      000066 00                     150 	.db #0x00	; 0
      000067 00                     151 	.db #0x00	; 0
      000068 8E                     152 	.db #0x8e	; 142
      000069 8E                     153 	.db #0x8e	; 142
      00006A 8E                     154 	.db #0x8e	; 142
      00006B 8E                     155 	.db #0x8e	; 142
      00006C 8E                     156 	.db #0x8e	; 142
      00006D 8E                     157 	.db #0x8e	; 142
      00006E 0C                     158 	.db #0x0c	; 12
      00006F 0C                     159 	.db #0x0c	; 12
      000070 0C                     160 	.db #0x0c	; 12
      000071 0C                     161 	.db #0x0c	; 12
      000072 00                     162 	.db #0x00	; 0
      000073 00                     163 	.db #0x00	; 0
      000074 0C                     164 	.db #0x0c	; 12
      000075 0C                     165 	.db #0x0c	; 12
      000076 00                     166 	.db #0x00	; 0
      000077 00                     167 	.db #0x00	; 0
      000078                        168 _ReadyText_map:
      000078 00                     169 	.db #0x00	; 0
      000079 01                     170 	.db #0x01	; 1
      00007A 02                     171 	.db #0x02	; 2
      00007B 03                     172 	.db #0x03	; 3
      00007C 04                     173 	.db #0x04	; 4
      00007D 05                     174 	.db #0x05	; 5
      00007E                        175 _ReadyText_map_attributes:
      00007E 00                     176 	.db #0x00	; 0
      00007F 00                     177 	.db #0x00	; 0
      000080 00                     178 	.db #0x00	; 0
      000081 00                     179 	.db #0x00	; 0
      000082 00                     180 	.db #0x00	; 0
      000083 00                     181 	.db #0x00	; 0
                                    182 	.area _INITIALIZER
                                    183 	.area _CABS (ABS)
