                                      1 ;--------------------------------------------------------
                                      2 ; File Created by SDCC : free open source ISO C Compiler 
                                      3 ; Version 4.2.2 #13350 (MINGW64)
                                      4 ;--------------------------------------------------------
                                      5 	.module GhostsEaten
                                      6 	.optsdcc -msm83
                                      7 	
                                      8 ;--------------------------------------------------------
                                      9 ; Public variables in this module
                                     10 ;--------------------------------------------------------
                                     11 	.globl _GhostsEaten_metasprites
                                     12 	.globl _GhostsEaten_metasprite3
                                     13 	.globl _GhostsEaten_metasprite2
                                     14 	.globl _GhostsEaten_metasprite1
                                     15 	.globl _GhostsEaten_metasprite0
                                     16 	.globl _GhostsEaten_tiles
                                     17 	.globl _GhostsEaten_palettes
                                     18 	.globl b___func_GhostsEaten
                                     19 	.globl ___func_GhostsEaten
                                     20 ;--------------------------------------------------------
                                     21 ; special function registers
                                     22 ;--------------------------------------------------------
                                     23 ;--------------------------------------------------------
                                     24 ; ram data
                                     25 ;--------------------------------------------------------
                                     26 	.area _DATA
                                     27 ;--------------------------------------------------------
                                     28 ; ram data
                                     29 ;--------------------------------------------------------
                                     30 	.area _INITIALIZED
                                     31 ;--------------------------------------------------------
                                     32 ; absolute external ram data
                                     33 ;--------------------------------------------------------
                                     34 	.area _DABS (ABS)
                                     35 ;--------------------------------------------------------
                                     36 ; global & static initialisations
                                     37 ;--------------------------------------------------------
                                     38 	.area _HOME
                                     39 	.area _GSINIT
                                     40 	.area _GSFINAL
                                     41 	.area _GSINIT
                                     42 ;--------------------------------------------------------
                                     43 ; Home
                                     44 ;--------------------------------------------------------
                                     45 	.area _HOME
                                     46 	.area _HOME
                                     47 ;--------------------------------------------------------
                                     48 ; code
                                     49 ;--------------------------------------------------------
                                     50 	.area _CODE
                                     51 ;D:\Github\Gameboy-Homebrew\GBDK-Tutorials\Games\Pacman-From-Scratch\source\gen\default\graphics\GhostsEaten.c:7: BANKREF(GhostsEaten)
                                     52 ;	---------------------------------
                                     53 ; Function __func_GhostsEaten
                                     54 ; ---------------------------------
                           000000    55 	b___func_GhostsEaten	= 0
      000000                         56 ___func_GhostsEaten::
                                     57 	.local b___func_GhostsEaten 
                           000000    58 	___bank_GhostsEaten = b___func_GhostsEaten 
                                     59 	.globl ___bank_GhostsEaten 
                                     60 	.area _CODE
      000000                         61 _GhostsEaten_palettes:
      000000 00 41                   62 	.dw #0x4100
      000002 FF 03                   63 	.dw #0x03ff
      000004 FF 7F                   64 	.dw #0x7fff
      000006 00 00                   65 	.dw #0x0000
      000008 00 00                   66 	.dw #0x0000
      00000A 1F 00                   67 	.dw #0x001f
      00000C 00 68                   68 	.dw #0x6800
      00000E FF 7F                   69 	.dw #0x7fff
      000010 00 00                   70 	.dw #0x0000
      000012 3F 4E                   71 	.dw #0x4e3f
      000014 00 68                   72 	.dw #0x6800
      000016 FF 7F                   73 	.dw #0x7fff
      000018 00 00                   74 	.dw #0x0000
      00001A 00 7F                   75 	.dw #0x7f00
      00001C 00 68                   76 	.dw #0x6800
      00001E FF 7F                   77 	.dw #0x7fff
      000020 00 00                   78 	.dw #0x0000
      000022 5F 02                   79 	.dw #0x025f
      000024 00 68                   80 	.dw #0x6800
      000026 FF 7F                   81 	.dw #0x7fff
      000028                         82 _GhostsEaten_tiles:
      000028 00                      83 	.db #0x00	; 0
      000029 00                      84 	.db #0x00	; 0
      00002A 00                      85 	.db #0x00	; 0
      00002B 00                      86 	.db #0x00	; 0
      00002C 00                      87 	.db #0x00	; 0
      00002D 00                      88 	.db #0x00	; 0
      00002E 00                      89 	.db #0x00	; 0
      00002F 0C                      90 	.db #0x0c	; 12
      000030 12                      91 	.db #0x12	; 18
      000031 1E                      92 	.db #0x1e	; 30
      000032 1E                      93 	.db #0x1e	; 30
      000033 1E                      94 	.db #0x1e	; 30
      000034 1E                      95 	.db #0x1e	; 30
      000035 1E                      96 	.db #0x1e	; 30
      000036 0C                      97 	.db #0x0c	; 12
      000037 0C                      98 	.db #0x0c	; 12
      000038 00                      99 	.db #0x00	; 0
      000039 00                     100 	.db #0x00	; 0
      00003A 00                     101 	.db #0x00	; 0
      00003B 00                     102 	.db #0x00	; 0
      00003C 00                     103 	.db #0x00	; 0
      00003D 00                     104 	.db #0x00	; 0
      00003E 00                     105 	.db #0x00	; 0
      00003F 00                     106 	.db #0x00	; 0
      000040 00                     107 	.db #0x00	; 0
      000041 00                     108 	.db #0x00	; 0
      000042 00                     109 	.db #0x00	; 0
      000043 00                     110 	.db #0x00	; 0
      000044 00                     111 	.db #0x00	; 0
      000045 00                     112 	.db #0x00	; 0
      000046 00                     113 	.db #0x00	; 0
      000047 00                     114 	.db #0x00	; 0
      000048 00                     115 	.db #0x00	; 0
      000049 00                     116 	.db #0x00	; 0
      00004A 00                     117 	.db #0x00	; 0
      00004B 00                     118 	.db #0x00	; 0
      00004C 00                     119 	.db #0x00	; 0
      00004D 00                     120 	.db #0x00	; 0
      00004E 00                     121 	.db #0x00	; 0
      00004F 30                     122 	.db #0x30	; 48	'0'
      000050 48                     123 	.db #0x48	; 72	'H'
      000051 78                     124 	.db #0x78	; 120	'x'
      000052 78                     125 	.db #0x78	; 120	'x'
      000053 78                     126 	.db #0x78	; 120	'x'
      000054 78                     127 	.db #0x78	; 120	'x'
      000055 78                     128 	.db #0x78	; 120	'x'
      000056 30                     129 	.db #0x30	; 48	'0'
      000057 30                     130 	.db #0x30	; 48	'0'
      000058 00                     131 	.db #0x00	; 0
      000059 00                     132 	.db #0x00	; 0
      00005A 00                     133 	.db #0x00	; 0
      00005B 00                     134 	.db #0x00	; 0
      00005C 00                     135 	.db #0x00	; 0
      00005D 00                     136 	.db #0x00	; 0
      00005E 00                     137 	.db #0x00	; 0
      00005F 00                     138 	.db #0x00	; 0
      000060 00                     139 	.db #0x00	; 0
      000061 00                     140 	.db #0x00	; 0
      000062 00                     141 	.db #0x00	; 0
      000063 00                     142 	.db #0x00	; 0
      000064 00                     143 	.db #0x00	; 0
      000065 00                     144 	.db #0x00	; 0
      000066 00                     145 	.db #0x00	; 0
      000067 00                     146 	.db #0x00	; 0
      000068 00                     147 	.db #0x00	; 0
      000069 00                     148 	.db #0x00	; 0
      00006A 00                     149 	.db #0x00	; 0
      00006B 00                     150 	.db #0x00	; 0
      00006C 00                     151 	.db #0x00	; 0
      00006D 00                     152 	.db #0x00	; 0
      00006E 00                     153 	.db #0x00	; 0
      00006F 00                     154 	.db #0x00	; 0
      000070 06                     155 	.db #0x06	; 6
      000071 06                     156 	.db #0x06	; 6
      000072 0F                     157 	.db #0x0f	; 15
      000073 0F                     158 	.db #0x0f	; 15
      000074 0C                     159 	.db #0x0c	; 12
      000075 0F                     160 	.db #0x0f	; 15
      000076 0C                     161 	.db #0x0c	; 12
      000077 0F                     162 	.db #0x0f	; 15
      000078 06                     163 	.db #0x06	; 6
      000079 06                     164 	.db #0x06	; 6
      00007A 00                     165 	.db #0x00	; 0
      00007B 00                     166 	.db #0x00	; 0
      00007C 00                     167 	.db #0x00	; 0
      00007D 00                     168 	.db #0x00	; 0
      00007E 00                     169 	.db #0x00	; 0
      00007F 00                     170 	.db #0x00	; 0
      000080 00                     171 	.db #0x00	; 0
      000081 00                     172 	.db #0x00	; 0
      000082 00                     173 	.db #0x00	; 0
      000083 00                     174 	.db #0x00	; 0
      000084 00                     175 	.db #0x00	; 0
      000085 00                     176 	.db #0x00	; 0
      000086 00                     177 	.db #0x00	; 0
      000087 00                     178 	.db #0x00	; 0
      000088 00                     179 	.db #0x00	; 0
      000089 00                     180 	.db #0x00	; 0
      00008A 00                     181 	.db #0x00	; 0
      00008B 00                     182 	.db #0x00	; 0
      00008C 00                     183 	.db #0x00	; 0
      00008D 00                     184 	.db #0x00	; 0
      00008E 00                     185 	.db #0x00	; 0
      00008F 00                     186 	.db #0x00	; 0
      000090 18                     187 	.db #0x18	; 24
      000091 18                     188 	.db #0x18	; 24
      000092 3C                     189 	.db #0x3c	; 60
      000093 3C                     190 	.db #0x3c	; 60
      000094 30                     191 	.db #0x30	; 48	'0'
      000095 3C                     192 	.db #0x3c	; 60
      000096 30                     193 	.db #0x30	; 48	'0'
      000097 3C                     194 	.db #0x3c	; 60
      000098 18                     195 	.db #0x18	; 24
      000099 18                     196 	.db #0x18	; 24
      00009A 00                     197 	.db #0x00	; 0
      00009B 00                     198 	.db #0x00	; 0
      00009C 00                     199 	.db #0x00	; 0
      00009D 00                     200 	.db #0x00	; 0
      00009E 00                     201 	.db #0x00	; 0
      00009F 00                     202 	.db #0x00	; 0
      0000A0 00                     203 	.db #0x00	; 0
      0000A1 00                     204 	.db #0x00	; 0
      0000A2 00                     205 	.db #0x00	; 0
      0000A3 00                     206 	.db #0x00	; 0
      0000A4 00                     207 	.db #0x00	; 0
      0000A5 00                     208 	.db #0x00	; 0
      0000A6 00                     209 	.db #0x00	; 0
      0000A7 00                     210 	.db #0x00	; 0
      0000A8 00                     211 	.db #0x00	; 0
      0000A9 00                     212 	.db #0x00	; 0
      0000AA 00                     213 	.db #0x00	; 0
      0000AB 00                     214 	.db #0x00	; 0
      0000AC 00                     215 	.db #0x00	; 0
      0000AD 00                     216 	.db #0x00	; 0
      0000AE 00                     217 	.db #0x00	; 0
      0000AF 00                     218 	.db #0x00	; 0
      0000B0 00                     219 	.db #0x00	; 0
      0000B1 00                     220 	.db #0x00	; 0
      0000B2 0C                     221 	.db #0x0c	; 12
      0000B3 0C                     222 	.db #0x0c	; 12
      0000B4 1E                     223 	.db #0x1e	; 30
      0000B5 1E                     224 	.db #0x1e	; 30
      0000B6 1E                     225 	.db #0x1e	; 30
      0000B7 1E                     226 	.db #0x1e	; 30
      0000B8 12                     227 	.db #0x12	; 18
      0000B9 1E                     228 	.db #0x1e	; 30
      0000BA 00                     229 	.db #0x00	; 0
      0000BB 0C                     230 	.db #0x0c	; 12
      0000BC 00                     231 	.db #0x00	; 0
      0000BD 00                     232 	.db #0x00	; 0
      0000BE 00                     233 	.db #0x00	; 0
      0000BF 00                     234 	.db #0x00	; 0
      0000C0 00                     235 	.db #0x00	; 0
      0000C1 00                     236 	.db #0x00	; 0
      0000C2 00                     237 	.db #0x00	; 0
      0000C3 00                     238 	.db #0x00	; 0
      0000C4 00                     239 	.db #0x00	; 0
      0000C5 00                     240 	.db #0x00	; 0
      0000C6 00                     241 	.db #0x00	; 0
      0000C7 00                     242 	.db #0x00	; 0
      0000C8 00                     243 	.db #0x00	; 0
      0000C9 00                     244 	.db #0x00	; 0
      0000CA 00                     245 	.db #0x00	; 0
      0000CB 00                     246 	.db #0x00	; 0
      0000CC 00                     247 	.db #0x00	; 0
      0000CD 00                     248 	.db #0x00	; 0
      0000CE 00                     249 	.db #0x00	; 0
      0000CF 00                     250 	.db #0x00	; 0
      0000D0 00                     251 	.db #0x00	; 0
      0000D1 00                     252 	.db #0x00	; 0
      0000D2 30                     253 	.db #0x30	; 48	'0'
      0000D3 30                     254 	.db #0x30	; 48	'0'
      0000D4 78                     255 	.db #0x78	; 120	'x'
      0000D5 78                     256 	.db #0x78	; 120	'x'
      0000D6 78                     257 	.db #0x78	; 120	'x'
      0000D7 78                     258 	.db #0x78	; 120	'x'
      0000D8 48                     259 	.db #0x48	; 72	'H'
      0000D9 78                     260 	.db #0x78	; 120	'x'
      0000DA 00                     261 	.db #0x00	; 0
      0000DB 30                     262 	.db #0x30	; 48	'0'
      0000DC 00                     263 	.db #0x00	; 0
      0000DD 00                     264 	.db #0x00	; 0
      0000DE 00                     265 	.db #0x00	; 0
      0000DF 00                     266 	.db #0x00	; 0
      0000E0 00                     267 	.db #0x00	; 0
      0000E1 00                     268 	.db #0x00	; 0
      0000E2 00                     269 	.db #0x00	; 0
      0000E3 00                     270 	.db #0x00	; 0
      0000E4 00                     271 	.db #0x00	; 0
      0000E5 00                     272 	.db #0x00	; 0
      0000E6 00                     273 	.db #0x00	; 0
      0000E7 00                     274 	.db #0x00	; 0
      0000E8 00                     275 	.db #0x00	; 0
      0000E9 00                     276 	.db #0x00	; 0
      0000EA 00                     277 	.db #0x00	; 0
      0000EB 00                     278 	.db #0x00	; 0
      0000EC 00                     279 	.db #0x00	; 0
      0000ED 00                     280 	.db #0x00	; 0
      0000EE 00                     281 	.db #0x00	; 0
      0000EF 00                     282 	.db #0x00	; 0
      0000F0 18                     283 	.db #0x18	; 24
      0000F1 18                     284 	.db #0x18	; 24
      0000F2 3C                     285 	.db #0x3c	; 60
      0000F3 3C                     286 	.db #0x3c	; 60
      0000F4 0C                     287 	.db #0x0c	; 12
      0000F5 3C                     288 	.db #0x3c	; 60
      0000F6 0C                     289 	.db #0x0c	; 12
      0000F7 3C                     290 	.db #0x3c	; 60
      0000F8 18                     291 	.db #0x18	; 24
      0000F9 18                     292 	.db #0x18	; 24
      0000FA 00                     293 	.db #0x00	; 0
      0000FB 00                     294 	.db #0x00	; 0
      0000FC 00                     295 	.db #0x00	; 0
      0000FD 00                     296 	.db #0x00	; 0
      0000FE 00                     297 	.db #0x00	; 0
      0000FF 00                     298 	.db #0x00	; 0
      000100 00                     299 	.db #0x00	; 0
      000101 00                     300 	.db #0x00	; 0
      000102 00                     301 	.db #0x00	; 0
      000103 00                     302 	.db #0x00	; 0
      000104 00                     303 	.db #0x00	; 0
      000105 00                     304 	.db #0x00	; 0
      000106 00                     305 	.db #0x00	; 0
      000107 00                     306 	.db #0x00	; 0
      000108 00                     307 	.db #0x00	; 0
      000109 00                     308 	.db #0x00	; 0
      00010A 00                     309 	.db #0x00	; 0
      00010B 00                     310 	.db #0x00	; 0
      00010C 00                     311 	.db #0x00	; 0
      00010D 00                     312 	.db #0x00	; 0
      00010E 00                     313 	.db #0x00	; 0
      00010F 00                     314 	.db #0x00	; 0
      000110 60                     315 	.db #0x60	; 96
      000111 60                     316 	.db #0x60	; 96
      000112 F0                     317 	.db #0xf0	; 240
      000113 F0                     318 	.db #0xf0	; 240
      000114 30                     319 	.db #0x30	; 48	'0'
      000115 F0                     320 	.db #0xf0	; 240
      000116 30                     321 	.db #0x30	; 48	'0'
      000117 F0                     322 	.db #0xf0	; 240
      000118 60                     323 	.db #0x60	; 96
      000119 60                     324 	.db #0x60	; 96
      00011A 00                     325 	.db #0x00	; 0
      00011B 00                     326 	.db #0x00	; 0
      00011C 00                     327 	.db #0x00	; 0
      00011D 00                     328 	.db #0x00	; 0
      00011E 00                     329 	.db #0x00	; 0
      00011F 00                     330 	.db #0x00	; 0
      000120 00                     331 	.db #0x00	; 0
      000121 00                     332 	.db #0x00	; 0
      000122 00                     333 	.db #0x00	; 0
      000123 00                     334 	.db #0x00	; 0
      000124 00                     335 	.db #0x00	; 0
      000125 00                     336 	.db #0x00	; 0
      000126 00                     337 	.db #0x00	; 0
      000127 00                     338 	.db #0x00	; 0
      000128                        339 _GhostsEaten_metasprite0:
      000128 F8                     340 	.db #0xf8	; -8
      000129 F8                     341 	.db #0xf8	; -8
      00012A 00                     342 	.db #0x00	; 0
      00012B 01                     343 	.db #0x01	; 1
      00012C 00                     344 	.db #0x00	;  0
      00012D 08                     345 	.db #0x08	;  8
      00012E 02                     346 	.db #0x02	; 2
      00012F 01                     347 	.db #0x01	; 1
      000130 80                     348 	.db #0x80	; -128
      000131 00                     349 	.db #0x00	;  0
      000132 00                     350 	.db #0x00	; 0
      000133 00                     351 	.db #0x00	; 0
      000134                        352 _GhostsEaten_metasprite1:
      000134 F8                     353 	.db #0xf8	; -8
      000135 F8                     354 	.db #0xf8	; -8
      000136 04                     355 	.db #0x04	; 4
      000137 01                     356 	.db #0x01	; 1
      000138 00                     357 	.db #0x00	;  0
      000139 08                     358 	.db #0x08	;  8
      00013A 06                     359 	.db #0x06	; 6
      00013B 01                     360 	.db #0x01	; 1
      00013C 80                     361 	.db #0x80	; -128
      00013D 00                     362 	.db #0x00	;  0
      00013E 00                     363 	.db #0x00	; 0
      00013F 00                     364 	.db #0x00	; 0
      000140                        365 _GhostsEaten_metasprite2:
      000140 F8                     366 	.db #0xf8	; -8
      000141 F8                     367 	.db #0xf8	; -8
      000142 08                     368 	.db #0x08	; 8
      000143 01                     369 	.db #0x01	; 1
      000144 00                     370 	.db #0x00	;  0
      000145 08                     371 	.db #0x08	;  8
      000146 0A                     372 	.db #0x0a	; 10
      000147 01                     373 	.db #0x01	; 1
      000148 80                     374 	.db #0x80	; -128
      000149 00                     375 	.db #0x00	;  0
      00014A 00                     376 	.db #0x00	; 0
      00014B 00                     377 	.db #0x00	; 0
      00014C                        378 _GhostsEaten_metasprite3:
      00014C F8                     379 	.db #0xf8	; -8
      00014D F8                     380 	.db #0xf8	; -8
      00014E 0C                     381 	.db #0x0c	; 12
      00014F 01                     382 	.db #0x01	; 1
      000150 00                     383 	.db #0x00	;  0
      000151 08                     384 	.db #0x08	;  8
      000152 0E                     385 	.db #0x0e	; 14
      000153 01                     386 	.db #0x01	; 1
      000154 80                     387 	.db #0x80	; -128
      000155 00                     388 	.db #0x00	;  0
      000156 00                     389 	.db #0x00	; 0
      000157 00                     390 	.db #0x00	; 0
      000158                        391 _GhostsEaten_metasprites:
      000158r28r01                  392 	.dw _GhostsEaten_metasprite0
      00015Ar34r01                  393 	.dw _GhostsEaten_metasprite1
      00015Cr40r01                  394 	.dw _GhostsEaten_metasprite2
      00015Er4Cr01                  395 	.dw _GhostsEaten_metasprite3
                                    396 	.area _INITIALIZER
                                    397 	.area _CABS (ABS)
