                                      1 ;--------------------------------------------------------
                                      2 ; File Created by SDCC : free open source ISO C Compiler 
                                      3 ; Version 4.2.2 #13350 (MINGW64)
                                      4 ;--------------------------------------------------------
                                      5 	.module OneUpText
                                      6 	.optsdcc -msm83
                                      7 	
                                      8 ;--------------------------------------------------------
                                      9 ; Public variables in this module
                                     10 ;--------------------------------------------------------
                                     11 	.globl _OneUpText_map_attributes
                                     12 	.globl _OneUpText_map
                                     13 	.globl _OneUpText_tiles
                                     14 	.globl _OneUpText_palettes
                                     15 	.globl b___func_OneUpText
                                     16 	.globl ___func_OneUpText
                                     17 ;--------------------------------------------------------
                                     18 ; special function registers
                                     19 ;--------------------------------------------------------
                                     20 ;--------------------------------------------------------
                                     21 ; ram data
                                     22 ;--------------------------------------------------------
                                     23 	.area _DATA
                                     24 ;--------------------------------------------------------
                                     25 ; ram data
                                     26 ;--------------------------------------------------------
                                     27 	.area _INITIALIZED
                                     28 ;--------------------------------------------------------
                                     29 ; absolute external ram data
                                     30 ;--------------------------------------------------------
                                     31 	.area _DABS (ABS)
                                     32 ;--------------------------------------------------------
                                     33 ; global & static initialisations
                                     34 ;--------------------------------------------------------
                                     35 	.area _HOME
                                     36 	.area _GSINIT
                                     37 	.area _GSFINAL
                                     38 	.area _GSINIT
                                     39 ;--------------------------------------------------------
                                     40 ; Home
                                     41 ;--------------------------------------------------------
                                     42 	.area _HOME
                                     43 	.area _HOME
                                     44 ;--------------------------------------------------------
                                     45 ; code
                                     46 ;--------------------------------------------------------
                                     47 	.area _CODE
                                     48 ;D:\Github\Gameboy-Homebrew\GBDK-Tutorials\Games\Pacman-From-Scratch\source\gen\default\graphics\OneUpText.c:7: BANKREF(OneUpText)
                                     49 ;	---------------------------------
                                     50 ; Function __func_OneUpText
                                     51 ; ---------------------------------
                           000000    52 	b___func_OneUpText	= 0
      000000                         53 ___func_OneUpText::
                                     54 	.local b___func_OneUpText 
                           000000    55 	___bank_OneUpText = b___func_OneUpText 
                                     56 	.globl ___bank_OneUpText 
                                     57 	.area _CODE
      000000                         58 _OneUpText_palettes:
      000000 00 00                   59 	.dw #0x0000
      000002 00 68                   60 	.dw #0x6800
      000004 1F 46                   61 	.dw #0x461f
      000006 1F 03                   62 	.dw #0x031f
      000008 00 00                   63 	.dw #0x0000
      00000A 31 46                   64 	.dw #0x4631
      00000C 1A 00                   65 	.dw #0x001a
      00000E FF 7F                   66 	.dw #0x7fff
      000010 00 00                   67 	.dw #0x0000
      000012 FF 7F                   68 	.dw #0x7fff
      000014 1F 46                   69 	.dw #0x461f
      000016 1A 00                   70 	.dw #0x001a
      000018 00 68                   71 	.dw #0x6800
      00001A 00 00                   72 	.dw #0x0000
      00001C 00 00                   73 	.dw #0x0000
      00001E FF 7F                   74 	.dw #0x7fff
      000020 00 68                   75 	.dw #0x6800
      000022 00 00                   76 	.dw #0x0000
      000024 00 00                   77 	.dw #0x0000
      000026 1A 00                   78 	.dw #0x001a
      000028                         79 _OneUpText_tiles:
      000028 31                      80 	.db #0x31	; 49	'1'
      000029 FF                      81 	.db #0xff	; 255
      00002A 71                      82 	.db #0x71	; 113	'q'
      00002B FF                      83 	.db #0xff	; 255
      00002C 31                      84 	.db #0x31	; 49	'1'
      00002D FF                      85 	.db #0xff	; 255
      00002E 31                      86 	.db #0x31	; 49	'1'
      00002F FF                      87 	.db #0xff	; 255
      000030 31                      88 	.db #0x31	; 49	'1'
      000031 FF                      89 	.db #0xff	; 255
      000032 31                      90 	.db #0x31	; 49	'1'
      000033 FF                      91 	.db #0xff	; 255
      000034 FC                      92 	.db #0xfc	; 252
      000035 FF                      93 	.db #0xff	; 255
      000036 00                      94 	.db #0x00	; 0
      000037 FF                      95 	.db #0xff	; 255
      000038 8D                      96 	.db #0x8d	; 141
      000039 FF                      97 	.db #0xff	; 255
      00003A 8D                      98 	.db #0x8d	; 141
      00003B FF                      99 	.db #0xff	; 255
      00003C 8D                     100 	.db #0x8d	; 141
      00003D FF                     101 	.db #0xff	; 255
      00003E 8D                     102 	.db #0x8d	; 141
      00003F FF                     103 	.db #0xff	; 255
      000040 8D                     104 	.db #0x8d	; 141
      000041 FF                     105 	.db #0xff	; 255
      000042 8D                     106 	.db #0x8d	; 141
      000043 FF                     107 	.db #0xff	; 255
      000044 F9                     108 	.db #0xf9	; 249
      000045 FF                     109 	.db #0xff	; 255
      000046 00                     110 	.db #0x00	; 0
      000047 FF                     111 	.db #0xff	; 255
      000048 F8                     112 	.db #0xf8	; 248
      000049 FF                     113 	.db #0xff	; 255
      00004A 8C                     114 	.db #0x8c	; 140
      00004B FF                     115 	.db #0xff	; 255
      00004C 8C                     116 	.db #0x8c	; 140
      00004D FF                     117 	.db #0xff	; 255
      00004E 8C                     118 	.db #0x8c	; 140
      00004F FF                     119 	.db #0xff	; 255
      000050 F8                     120 	.db #0xf8	; 248
      000051 FF                     121 	.db #0xff	; 255
      000052 80                     122 	.db #0x80	; 128
      000053 FF                     123 	.db #0xff	; 255
      000054 80                     124 	.db #0x80	; 128
      000055 FF                     125 	.db #0xff	; 255
      000056 00                     126 	.db #0x00	; 0
      000057 FF                     127 	.db #0xff	; 255
      000058                        128 _OneUpText_map:
      000058 00                     129 	.db #0x00	; 0
      000059 01                     130 	.db #0x01	; 1
      00005A 02                     131 	.db #0x02	; 2
      00005B                        132 _OneUpText_map_attributes:
      00005B 03                     133 	.db #0x03	; 3
      00005C 03                     134 	.db #0x03	; 3
      00005D 03                     135 	.db #0x03	; 3
                                    136 	.area _INITIALIZER
                                    137 	.area _CABS (ABS)
