                                      1 ;--------------------------------------------------------
                                      2 ; File Created by SDCC : free open source ISO C Compiler 
                                      3 ; Version 4.2.2 #13350 (MINGW64)
                                      4 ;--------------------------------------------------------
                                      5 	.module Ghosts
                                      6 	.optsdcc -msm83
                                      7 	
                                      8 ;--------------------------------------------------------
                                      9 ; Public variables in this module
                                     10 ;--------------------------------------------------------
                                     11 	.globl _Ghosts_metasprites
                                     12 	.globl _Ghosts_metasprite31
                                     13 	.globl _Ghosts_metasprite30
                                     14 	.globl _Ghosts_metasprite29
                                     15 	.globl _Ghosts_metasprite28
                                     16 	.globl _Ghosts_metasprite27
                                     17 	.globl _Ghosts_metasprite26
                                     18 	.globl _Ghosts_metasprite25
                                     19 	.globl _Ghosts_metasprite24
                                     20 	.globl _Ghosts_metasprite23
                                     21 	.globl _Ghosts_metasprite22
                                     22 	.globl _Ghosts_metasprite21
                                     23 	.globl _Ghosts_metasprite20
                                     24 	.globl _Ghosts_metasprite19
                                     25 	.globl _Ghosts_metasprite18
                                     26 	.globl _Ghosts_metasprite17
                                     27 	.globl _Ghosts_metasprite16
                                     28 	.globl _Ghosts_metasprite15
                                     29 	.globl _Ghosts_metasprite14
                                     30 	.globl _Ghosts_metasprite13
                                     31 	.globl _Ghosts_metasprite12
                                     32 	.globl _Ghosts_metasprite11
                                     33 	.globl _Ghosts_metasprite10
                                     34 	.globl _Ghosts_metasprite9
                                     35 	.globl _Ghosts_metasprite8
                                     36 	.globl _Ghosts_metasprite7
                                     37 	.globl _Ghosts_metasprite6
                                     38 	.globl _Ghosts_metasprite5
                                     39 	.globl _Ghosts_metasprite4
                                     40 	.globl _Ghosts_metasprite3
                                     41 	.globl _Ghosts_metasprite2
                                     42 	.globl _Ghosts_metasprite1
                                     43 	.globl _Ghosts_metasprite0
                                     44 	.globl _Ghosts_tiles
                                     45 	.globl _Ghosts_palettes
                                     46 	.globl b___func_Ghosts
                                     47 	.globl ___func_Ghosts
                                     48 ;--------------------------------------------------------
                                     49 ; special function registers
                                     50 ;--------------------------------------------------------
                                     51 ;--------------------------------------------------------
                                     52 ; ram data
                                     53 ;--------------------------------------------------------
                                     54 	.area _DATA
                                     55 ;--------------------------------------------------------
                                     56 ; ram data
                                     57 ;--------------------------------------------------------
                                     58 	.area _INITIALIZED
                                     59 ;--------------------------------------------------------
                                     60 ; absolute external ram data
                                     61 ;--------------------------------------------------------
                                     62 	.area _DABS (ABS)
                                     63 ;--------------------------------------------------------
                                     64 ; global & static initialisations
                                     65 ;--------------------------------------------------------
                                     66 	.area _HOME
                                     67 	.area _GSINIT
                                     68 	.area _GSFINAL
                                     69 	.area _GSINIT
                                     70 ;--------------------------------------------------------
                                     71 ; Home
                                     72 ;--------------------------------------------------------
                                     73 	.area _HOME
                                     74 	.area _HOME
                                     75 ;--------------------------------------------------------
                                     76 ; code
                                     77 ;--------------------------------------------------------
                                     78 	.area _CODE
                                     79 ;D:\Github\Gameboy-Homebrew\GBDK-Tutorials\Games\Pacman-From-Scratch\source\gen\default\graphics\Ghosts.c:7: BANKREF(Ghosts)
                                     80 ;	---------------------------------
                                     81 ; Function __func_Ghosts
                                     82 ; ---------------------------------
                           000000    83 	b___func_Ghosts	= 0
      000000                         84 ___func_Ghosts::
                                     85 	.local b___func_Ghosts 
                           000000    86 	___bank_Ghosts = b___func_Ghosts 
                                     87 	.globl ___bank_Ghosts 
                                     88 	.area _CODE
      000000                         89 _Ghosts_palettes:
      000000 00 41                   90 	.dw #0x4100
      000002 FF 03                   91 	.dw #0x03ff
      000004 FF 7F                   92 	.dw #0x7fff
      000006 00 00                   93 	.dw #0x0000
      000008 00 00                   94 	.dw #0x0000
      00000A 00 7F                   95 	.dw #0x7f00
      00000C 00 68                   96 	.dw #0x6800
      00000E FF 7F                   97 	.dw #0x7fff
      000010 00 00                   98 	.dw #0x0000
      000012 1F 00                   99 	.dw #0x001f
      000014 00 68                  100 	.dw #0x6800
      000016 FF 7F                  101 	.dw #0x7fff
      000018 00 00                  102 	.dw #0x0000
      00001A 3F 4E                  103 	.dw #0x4e3f
      00001C 00 68                  104 	.dw #0x6800
      00001E FF 7F                  105 	.dw #0x7fff
      000020 00 00                  106 	.dw #0x0000
      000022 5F 02                  107 	.dw #0x025f
      000024 00 68                  108 	.dw #0x6800
      000026 FF 7F                  109 	.dw #0x7fff
      000028                        110 _Ghosts_tiles:
      000028 00                     111 	.db #0x00	; 0
      000029 00                     112 	.db #0x00	; 0
      00002A 00                     113 	.db #0x00	; 0
      00002B 00                     114 	.db #0x00	; 0
      00002C 03                     115 	.db #0x03	; 3
      00002D 00                     116 	.db #0x00	; 0
      00002E 03                     117 	.db #0x03	; 3
      00002F 0C                     118 	.db #0x0c	; 12
      000030 13                     119 	.db #0x13	; 19
      000031 1E                     120 	.db #0x1e	; 30
      000032 3F                     121 	.db #0x3f	; 63
      000033 1E                     122 	.db #0x1e	; 30
      000034 3F                     123 	.db #0x3f	; 63
      000035 1E                     124 	.db #0x1e	; 30
      000036 7F                     125 	.db #0x7f	; 127
      000037 0C                     126 	.db #0x0c	; 12
      000038 7F                     127 	.db #0x7f	; 127
      000039 00                     128 	.db #0x00	; 0
      00003A 7F                     129 	.db #0x7f	; 127
      00003B 00                     130 	.db #0x00	; 0
      00003C 7F                     131 	.db #0x7f	; 127
      00003D 00                     132 	.db #0x00	; 0
      00003E 7F                     133 	.db #0x7f	; 127
      00003F 00                     134 	.db #0x00	; 0
      000040 7B                     135 	.db #0x7b	; 123
      000041 00                     136 	.db #0x00	; 0
      000042 31                     137 	.db #0x31	; 49	'1'
      000043 00                     138 	.db #0x00	; 0
      000044 00                     139 	.db #0x00	; 0
      000045 00                     140 	.db #0x00	; 0
      000046 00                     141 	.db #0x00	; 0
      000047 00                     142 	.db #0x00	; 0
      000048 00                     143 	.db #0x00	; 0
      000049 00                     144 	.db #0x00	; 0
      00004A 00                     145 	.db #0x00	; 0
      00004B 00                     146 	.db #0x00	; 0
      00004C C0                     147 	.db #0xc0	; 192
      00004D 00                     148 	.db #0x00	; 0
      00004E C0                     149 	.db #0xc0	; 192
      00004F 30                     150 	.db #0x30	; 48	'0'
      000050 C8                     151 	.db #0xc8	; 200
      000051 78                     152 	.db #0x78	; 120	'x'
      000052 FC                     153 	.db #0xfc	; 252
      000053 78                     154 	.db #0x78	; 120	'x'
      000054 FC                     155 	.db #0xfc	; 252
      000055 78                     156 	.db #0x78	; 120	'x'
      000056 FE                     157 	.db #0xfe	; 254
      000057 30                     158 	.db #0x30	; 48	'0'
      000058 FE                     159 	.db #0xfe	; 254
      000059 00                     160 	.db #0x00	; 0
      00005A FE                     161 	.db #0xfe	; 254
      00005B 00                     162 	.db #0x00	; 0
      00005C FE                     163 	.db #0xfe	; 254
      00005D 00                     164 	.db #0x00	; 0
      00005E FE                     165 	.db #0xfe	; 254
      00005F 00                     166 	.db #0x00	; 0
      000060 DE                     167 	.db #0xde	; 222
      000061 00                     168 	.db #0x00	; 0
      000062 8C                     169 	.db #0x8c	; 140
      000063 00                     170 	.db #0x00	; 0
      000064 00                     171 	.db #0x00	; 0
      000065 00                     172 	.db #0x00	; 0
      000066 00                     173 	.db #0x00	; 0
      000067 00                     174 	.db #0x00	; 0
      000068 00                     175 	.db #0x00	; 0
      000069 00                     176 	.db #0x00	; 0
      00006A 00                     177 	.db #0x00	; 0
      00006B 00                     178 	.db #0x00	; 0
      00006C 03                     179 	.db #0x03	; 3
      00006D 00                     180 	.db #0x00	; 0
      00006E 03                     181 	.db #0x03	; 3
      00006F 0C                     182 	.db #0x0c	; 12
      000070 13                     183 	.db #0x13	; 19
      000071 1E                     184 	.db #0x1e	; 30
      000072 3F                     185 	.db #0x3f	; 63
      000073 1E                     186 	.db #0x1e	; 30
      000074 3F                     187 	.db #0x3f	; 63
      000075 1E                     188 	.db #0x1e	; 30
      000076 7F                     189 	.db #0x7f	; 127
      000077 0C                     190 	.db #0x0c	; 12
      000078 7F                     191 	.db #0x7f	; 127
      000079 00                     192 	.db #0x00	; 0
      00007A 7F                     193 	.db #0x7f	; 127
      00007B 00                     194 	.db #0x00	; 0
      00007C 7F                     195 	.db #0x7f	; 127
      00007D 00                     196 	.db #0x00	; 0
      00007E 7F                     197 	.db #0x7f	; 127
      00007F 00                     198 	.db #0x00	; 0
      000080 6E                     199 	.db #0x6e	; 110	'n'
      000081 00                     200 	.db #0x00	; 0
      000082 46                     201 	.db #0x46	; 70	'F'
      000083 00                     202 	.db #0x00	; 0
      000084 00                     203 	.db #0x00	; 0
      000085 00                     204 	.db #0x00	; 0
      000086 00                     205 	.db #0x00	; 0
      000087 00                     206 	.db #0x00	; 0
      000088 00                     207 	.db #0x00	; 0
      000089 00                     208 	.db #0x00	; 0
      00008A 00                     209 	.db #0x00	; 0
      00008B 00                     210 	.db #0x00	; 0
      00008C C0                     211 	.db #0xc0	; 192
      00008D 00                     212 	.db #0x00	; 0
      00008E C0                     213 	.db #0xc0	; 192
      00008F 30                     214 	.db #0x30	; 48	'0'
      000090 C8                     215 	.db #0xc8	; 200
      000091 78                     216 	.db #0x78	; 120	'x'
      000092 FC                     217 	.db #0xfc	; 252
      000093 78                     218 	.db #0x78	; 120	'x'
      000094 FC                     219 	.db #0xfc	; 252
      000095 78                     220 	.db #0x78	; 120	'x'
      000096 FE                     221 	.db #0xfe	; 254
      000097 30                     222 	.db #0x30	; 48	'0'
      000098 FE                     223 	.db #0xfe	; 254
      000099 00                     224 	.db #0x00	; 0
      00009A FE                     225 	.db #0xfe	; 254
      00009B 00                     226 	.db #0x00	; 0
      00009C FE                     227 	.db #0xfe	; 254
      00009D 00                     228 	.db #0x00	; 0
      00009E FE                     229 	.db #0xfe	; 254
      00009F 00                     230 	.db #0x00	; 0
      0000A0 76                     231 	.db #0x76	; 118	'v'
      0000A1 00                     232 	.db #0x00	; 0
      0000A2 62                     233 	.db #0x62	; 98	'b'
      0000A3 00                     234 	.db #0x00	; 0
      0000A4 00                     235 	.db #0x00	; 0
      0000A5 00                     236 	.db #0x00	; 0
      0000A6 00                     237 	.db #0x00	; 0
      0000A7 00                     238 	.db #0x00	; 0
      0000A8 00                     239 	.db #0x00	; 0
      0000A9 00                     240 	.db #0x00	; 0
      0000AA 00                     241 	.db #0x00	; 0
      0000AB 00                     242 	.db #0x00	; 0
      0000AC 03                     243 	.db #0x03	; 3
      0000AD 00                     244 	.db #0x00	; 0
      0000AE 0F                     245 	.db #0x0f	; 15
      0000AF 00                     246 	.db #0x00	; 0
      0000B0 1F                     247 	.db #0x1f	; 31
      0000B1 00                     248 	.db #0x00	; 0
      0000B2 3F                     249 	.db #0x3f	; 63
      0000B3 06                     250 	.db #0x06	; 6
      0000B4 3F                     251 	.db #0x3f	; 63
      0000B5 0F                     252 	.db #0x0f	; 15
      0000B6 3C                     253 	.db #0x3c	; 60
      0000B7 0F                     254 	.db #0x0f	; 15
      0000B8 7C                     255 	.db #0x7c	; 124
      0000B9 0F                     256 	.db #0x0f	; 15
      0000BA 7F                     257 	.db #0x7f	; 127
      0000BB 06                     258 	.db #0x06	; 6
      0000BC 7F                     259 	.db #0x7f	; 127
      0000BD 00                     260 	.db #0x00	; 0
      0000BE 7F                     261 	.db #0x7f	; 127
      0000BF 00                     262 	.db #0x00	; 0
      0000C0 7F                     263 	.db #0x7f	; 127
      0000C1 00                     264 	.db #0x00	; 0
      0000C2 6E                     265 	.db #0x6e	; 110	'n'
      0000C3 00                     266 	.db #0x00	; 0
      0000C4 46                     267 	.db #0x46	; 70	'F'
      0000C5 00                     268 	.db #0x00	; 0
      0000C6 00                     269 	.db #0x00	; 0
      0000C7 00                     270 	.db #0x00	; 0
      0000C8 00                     271 	.db #0x00	; 0
      0000C9 00                     272 	.db #0x00	; 0
      0000CA 00                     273 	.db #0x00	; 0
      0000CB 00                     274 	.db #0x00	; 0
      0000CC C0                     275 	.db #0xc0	; 192
      0000CD 00                     276 	.db #0x00	; 0
      0000CE F0                     277 	.db #0xf0	; 240
      0000CF 00                     278 	.db #0x00	; 0
      0000D0 F8                     279 	.db #0xf8	; 248
      0000D1 00                     280 	.db #0x00	; 0
      0000D2 FC                     281 	.db #0xfc	; 252
      0000D3 18                     282 	.db #0x18	; 24
      0000D4 FC                     283 	.db #0xfc	; 252
      0000D5 3C                     284 	.db #0x3c	; 60
      0000D6 F0                     285 	.db #0xf0	; 240
      0000D7 3C                     286 	.db #0x3c	; 60
      0000D8 F2                     287 	.db #0xf2	; 242
      0000D9 3C                     288 	.db #0x3c	; 60
      0000DA FE                     289 	.db #0xfe	; 254
      0000DB 18                     290 	.db #0x18	; 24
      0000DC FE                     291 	.db #0xfe	; 254
      0000DD 00                     292 	.db #0x00	; 0
      0000DE FE                     293 	.db #0xfe	; 254
      0000DF 00                     294 	.db #0x00	; 0
      0000E0 FE                     295 	.db #0xfe	; 254
      0000E1 00                     296 	.db #0x00	; 0
      0000E2 76                     297 	.db #0x76	; 118	'v'
      0000E3 00                     298 	.db #0x00	; 0
      0000E4 62                     299 	.db #0x62	; 98	'b'
      0000E5 00                     300 	.db #0x00	; 0
      0000E6 00                     301 	.db #0x00	; 0
      0000E7 00                     302 	.db #0x00	; 0
      0000E8 00                     303 	.db #0x00	; 0
      0000E9 00                     304 	.db #0x00	; 0
      0000EA 00                     305 	.db #0x00	; 0
      0000EB 00                     306 	.db #0x00	; 0
      0000EC 03                     307 	.db #0x03	; 3
      0000ED 00                     308 	.db #0x00	; 0
      0000EE 0F                     309 	.db #0x0f	; 15
      0000EF 00                     310 	.db #0x00	; 0
      0000F0 1F                     311 	.db #0x1f	; 31
      0000F1 00                     312 	.db #0x00	; 0
      0000F2 3F                     313 	.db #0x3f	; 63
      0000F3 06                     314 	.db #0x06	; 6
      0000F4 3F                     315 	.db #0x3f	; 63
      0000F5 0F                     316 	.db #0x0f	; 15
      0000F6 3C                     317 	.db #0x3c	; 60
      0000F7 0F                     318 	.db #0x0f	; 15
      0000F8 7C                     319 	.db #0x7c	; 124
      0000F9 0F                     320 	.db #0x0f	; 15
      0000FA 7F                     321 	.db #0x7f	; 127
      0000FB 06                     322 	.db #0x06	; 6
      0000FC 7F                     323 	.db #0x7f	; 127
      0000FD 00                     324 	.db #0x00	; 0
      0000FE 7F                     325 	.db #0x7f	; 127
      0000FF 00                     326 	.db #0x00	; 0
      000100 7F                     327 	.db #0x7f	; 127
      000101 00                     328 	.db #0x00	; 0
      000102 7B                     329 	.db #0x7b	; 123
      000103 00                     330 	.db #0x00	; 0
      000104 31                     331 	.db #0x31	; 49	'1'
      000105 00                     332 	.db #0x00	; 0
      000106 00                     333 	.db #0x00	; 0
      000107 00                     334 	.db #0x00	; 0
      000108 00                     335 	.db #0x00	; 0
      000109 00                     336 	.db #0x00	; 0
      00010A 00                     337 	.db #0x00	; 0
      00010B 00                     338 	.db #0x00	; 0
      00010C C0                     339 	.db #0xc0	; 192
      00010D 00                     340 	.db #0x00	; 0
      00010E F0                     341 	.db #0xf0	; 240
      00010F 00                     342 	.db #0x00	; 0
      000110 F8                     343 	.db #0xf8	; 248
      000111 00                     344 	.db #0x00	; 0
      000112 FC                     345 	.db #0xfc	; 252
      000113 18                     346 	.db #0x18	; 24
      000114 FC                     347 	.db #0xfc	; 252
      000115 3C                     348 	.db #0x3c	; 60
      000116 F0                     349 	.db #0xf0	; 240
      000117 3C                     350 	.db #0x3c	; 60
      000118 F2                     351 	.db #0xf2	; 242
      000119 3C                     352 	.db #0x3c	; 60
      00011A FE                     353 	.db #0xfe	; 254
      00011B 18                     354 	.db #0x18	; 24
      00011C FE                     355 	.db #0xfe	; 254
      00011D 00                     356 	.db #0x00	; 0
      00011E FE                     357 	.db #0xfe	; 254
      00011F 00                     358 	.db #0x00	; 0
      000120 FE                     359 	.db #0xfe	; 254
      000121 00                     360 	.db #0x00	; 0
      000122 DE                     361 	.db #0xde	; 222
      000123 00                     362 	.db #0x00	; 0
      000124 8C                     363 	.db #0x8c	; 140
      000125 00                     364 	.db #0x00	; 0
      000126 00                     365 	.db #0x00	; 0
      000127 00                     366 	.db #0x00	; 0
      000128 00                     367 	.db #0x00	; 0
      000129 00                     368 	.db #0x00	; 0
      00012A 00                     369 	.db #0x00	; 0
      00012B 00                     370 	.db #0x00	; 0
      00012C 03                     371 	.db #0x03	; 3
      00012D 00                     372 	.db #0x00	; 0
      00012E 0F                     373 	.db #0x0f	; 15
      00012F 00                     374 	.db #0x00	; 0
      000130 1F                     375 	.db #0x1f	; 31
      000131 00                     376 	.db #0x00	; 0
      000132 3F                     377 	.db #0x3f	; 63
      000133 00                     378 	.db #0x00	; 0
      000134 3F                     379 	.db #0x3f	; 63
      000135 0C                     380 	.db #0x0c	; 12
      000136 3F                     381 	.db #0x3f	; 63
      000137 1E                     382 	.db #0x1e	; 30
      000138 7F                     383 	.db #0x7f	; 127
      000139 1E                     384 	.db #0x1e	; 30
      00013A 73                     385 	.db #0x73	; 115	's'
      00013B 1E                     386 	.db #0x1e	; 30
      00013C 73                     387 	.db #0x73	; 115	's'
      00013D 0C                     388 	.db #0x0c	; 12
      00013E 7F                     389 	.db #0x7f	; 127
      00013F 00                     390 	.db #0x00	; 0
      000140 7F                     391 	.db #0x7f	; 127
      000141 00                     392 	.db #0x00	; 0
      000142 77                     393 	.db #0x77	; 119	'w'
      000143 00                     394 	.db #0x00	; 0
      000144 23                     395 	.db #0x23	; 35
      000145 00                     396 	.db #0x00	; 0
      000146 00                     397 	.db #0x00	; 0
      000147 00                     398 	.db #0x00	; 0
      000148 00                     399 	.db #0x00	; 0
      000149 00                     400 	.db #0x00	; 0
      00014A 00                     401 	.db #0x00	; 0
      00014B 00                     402 	.db #0x00	; 0
      00014C C0                     403 	.db #0xc0	; 192
      00014D 00                     404 	.db #0x00	; 0
      00014E F0                     405 	.db #0xf0	; 240
      00014F 00                     406 	.db #0x00	; 0
      000150 F8                     407 	.db #0xf8	; 248
      000151 00                     408 	.db #0x00	; 0
      000152 FC                     409 	.db #0xfc	; 252
      000153 00                     410 	.db #0x00	; 0
      000154 FC                     411 	.db #0xfc	; 252
      000155 30                     412 	.db #0x30	; 48	'0'
      000156 FC                     413 	.db #0xfc	; 252
      000157 78                     414 	.db #0x78	; 120	'x'
      000158 FE                     415 	.db #0xfe	; 254
      000159 78                     416 	.db #0x78	; 120	'x'
      00015A CE                     417 	.db #0xce	; 206
      00015B 78                     418 	.db #0x78	; 120	'x'
      00015C CE                     419 	.db #0xce	; 206
      00015D 30                     420 	.db #0x30	; 48	'0'
      00015E FE                     421 	.db #0xfe	; 254
      00015F 00                     422 	.db #0x00	; 0
      000160 FE                     423 	.db #0xfe	; 254
      000161 00                     424 	.db #0x00	; 0
      000162 EE                     425 	.db #0xee	; 238
      000163 00                     426 	.db #0x00	; 0
      000164 C4                     427 	.db #0xc4	; 196
      000165 00                     428 	.db #0x00	; 0
      000166 00                     429 	.db #0x00	; 0
      000167 00                     430 	.db #0x00	; 0
      000168 00                     431 	.db #0x00	; 0
      000169 00                     432 	.db #0x00	; 0
      00016A 00                     433 	.db #0x00	; 0
      00016B 00                     434 	.db #0x00	; 0
      00016C 03                     435 	.db #0x03	; 3
      00016D 00                     436 	.db #0x00	; 0
      00016E 0F                     437 	.db #0x0f	; 15
      00016F 00                     438 	.db #0x00	; 0
      000170 1F                     439 	.db #0x1f	; 31
      000171 00                     440 	.db #0x00	; 0
      000172 3F                     441 	.db #0x3f	; 63
      000173 00                     442 	.db #0x00	; 0
      000174 3F                     443 	.db #0x3f	; 63
      000175 0C                     444 	.db #0x0c	; 12
      000176 3F                     445 	.db #0x3f	; 63
      000177 1E                     446 	.db #0x1e	; 30
      000178 7F                     447 	.db #0x7f	; 127
      000179 1E                     448 	.db #0x1e	; 30
      00017A 73                     449 	.db #0x73	; 115	's'
      00017B 1E                     450 	.db #0x1e	; 30
      00017C 73                     451 	.db #0x73	; 115	's'
      00017D 0C                     452 	.db #0x0c	; 12
      00017E 7F                     453 	.db #0x7f	; 127
      00017F 00                     454 	.db #0x00	; 0
      000180 7F                     455 	.db #0x7f	; 127
      000181 00                     456 	.db #0x00	; 0
      000182 6E                     457 	.db #0x6e	; 110	'n'
      000183 00                     458 	.db #0x00	; 0
      000184 46                     459 	.db #0x46	; 70	'F'
      000185 00                     460 	.db #0x00	; 0
      000186 00                     461 	.db #0x00	; 0
      000187 00                     462 	.db #0x00	; 0
      000188 00                     463 	.db #0x00	; 0
      000189 00                     464 	.db #0x00	; 0
      00018A 00                     465 	.db #0x00	; 0
      00018B 00                     466 	.db #0x00	; 0
      00018C C0                     467 	.db #0xc0	; 192
      00018D 00                     468 	.db #0x00	; 0
      00018E F0                     469 	.db #0xf0	; 240
      00018F 00                     470 	.db #0x00	; 0
      000190 F8                     471 	.db #0xf8	; 248
      000191 00                     472 	.db #0x00	; 0
      000192 FC                     473 	.db #0xfc	; 252
      000193 00                     474 	.db #0x00	; 0
      000194 FC                     475 	.db #0xfc	; 252
      000195 30                     476 	.db #0x30	; 48	'0'
      000196 FC                     477 	.db #0xfc	; 252
      000197 78                     478 	.db #0x78	; 120	'x'
      000198 FE                     479 	.db #0xfe	; 254
      000199 78                     480 	.db #0x78	; 120	'x'
      00019A CE                     481 	.db #0xce	; 206
      00019B 78                     482 	.db #0x78	; 120	'x'
      00019C CE                     483 	.db #0xce	; 206
      00019D 30                     484 	.db #0x30	; 48	'0'
      00019E FE                     485 	.db #0xfe	; 254
      00019F 00                     486 	.db #0x00	; 0
      0001A0 FE                     487 	.db #0xfe	; 254
      0001A1 00                     488 	.db #0x00	; 0
      0001A2 76                     489 	.db #0x76	; 118	'v'
      0001A3 00                     490 	.db #0x00	; 0
      0001A4 62                     491 	.db #0x62	; 98	'b'
      0001A5 00                     492 	.db #0x00	; 0
      0001A6 00                     493 	.db #0x00	; 0
      0001A7 00                     494 	.db #0x00	; 0
      0001A8 00                     495 	.db #0x00	; 0
      0001A9 00                     496 	.db #0x00	; 0
      0001AA 00                     497 	.db #0x00	; 0
      0001AB 00                     498 	.db #0x00	; 0
      0001AC 03                     499 	.db #0x03	; 3
      0001AD 00                     500 	.db #0x00	; 0
      0001AE 0F                     501 	.db #0x0f	; 15
      0001AF 00                     502 	.db #0x00	; 0
      0001B0 1F                     503 	.db #0x1f	; 31
      0001B1 00                     504 	.db #0x00	; 0
      0001B2 3F                     505 	.db #0x3f	; 63
      0001B3 18                     506 	.db #0x18	; 24
      0001B4 3F                     507 	.db #0x3f	; 63
      0001B5 3C                     508 	.db #0x3c	; 60
      0001B6 0F                     509 	.db #0x0f	; 15
      0001B7 3C                     510 	.db #0x3c	; 60
      0001B8 4F                     511 	.db #0x4f	; 79	'O'
      0001B9 3C                     512 	.db #0x3c	; 60
      0001BA 7F                     513 	.db #0x7f	; 127
      0001BB 18                     514 	.db #0x18	; 24
      0001BC 7F                     515 	.db #0x7f	; 127
      0001BD 00                     516 	.db #0x00	; 0
      0001BE 7F                     517 	.db #0x7f	; 127
      0001BF 00                     518 	.db #0x00	; 0
      0001C0 7F                     519 	.db #0x7f	; 127
      0001C1 00                     520 	.db #0x00	; 0
      0001C2 6E                     521 	.db #0x6e	; 110	'n'
      0001C3 00                     522 	.db #0x00	; 0
      0001C4 46                     523 	.db #0x46	; 70	'F'
      0001C5 00                     524 	.db #0x00	; 0
      0001C6 00                     525 	.db #0x00	; 0
      0001C7 00                     526 	.db #0x00	; 0
      0001C8 00                     527 	.db #0x00	; 0
      0001C9 00                     528 	.db #0x00	; 0
      0001CA 00                     529 	.db #0x00	; 0
      0001CB 00                     530 	.db #0x00	; 0
      0001CC C0                     531 	.db #0xc0	; 192
      0001CD 00                     532 	.db #0x00	; 0
      0001CE F0                     533 	.db #0xf0	; 240
      0001CF 00                     534 	.db #0x00	; 0
      0001D0 F8                     535 	.db #0xf8	; 248
      0001D1 00                     536 	.db #0x00	; 0
      0001D2 FC                     537 	.db #0xfc	; 252
      0001D3 60                     538 	.db #0x60	; 96
      0001D4 FC                     539 	.db #0xfc	; 252
      0001D5 F0                     540 	.db #0xf0	; 240
      0001D6 3C                     541 	.db #0x3c	; 60
      0001D7 F0                     542 	.db #0xf0	; 240
      0001D8 3E                     543 	.db #0x3e	; 62
      0001D9 F0                     544 	.db #0xf0	; 240
      0001DA FE                     545 	.db #0xfe	; 254
      0001DB 60                     546 	.db #0x60	; 96
      0001DC FE                     547 	.db #0xfe	; 254
      0001DD 00                     548 	.db #0x00	; 0
      0001DE FE                     549 	.db #0xfe	; 254
      0001DF 00                     550 	.db #0x00	; 0
      0001E0 FE                     551 	.db #0xfe	; 254
      0001E1 00                     552 	.db #0x00	; 0
      0001E2 76                     553 	.db #0x76	; 118	'v'
      0001E3 00                     554 	.db #0x00	; 0
      0001E4 62                     555 	.db #0x62	; 98	'b'
      0001E5 00                     556 	.db #0x00	; 0
      0001E6 00                     557 	.db #0x00	; 0
      0001E7 00                     558 	.db #0x00	; 0
      0001E8 00                     559 	.db #0x00	; 0
      0001E9 00                     560 	.db #0x00	; 0
      0001EA 00                     561 	.db #0x00	; 0
      0001EB 00                     562 	.db #0x00	; 0
      0001EC 03                     563 	.db #0x03	; 3
      0001ED 00                     564 	.db #0x00	; 0
      0001EE 0F                     565 	.db #0x0f	; 15
      0001EF 00                     566 	.db #0x00	; 0
      0001F0 1F                     567 	.db #0x1f	; 31
      0001F1 00                     568 	.db #0x00	; 0
      0001F2 3F                     569 	.db #0x3f	; 63
      0001F3 18                     570 	.db #0x18	; 24
      0001F4 3F                     571 	.db #0x3f	; 63
      0001F5 3C                     572 	.db #0x3c	; 60
      0001F6 0F                     573 	.db #0x0f	; 15
      0001F7 3C                     574 	.db #0x3c	; 60
      0001F8 4F                     575 	.db #0x4f	; 79	'O'
      0001F9 3C                     576 	.db #0x3c	; 60
      0001FA 7F                     577 	.db #0x7f	; 127
      0001FB 18                     578 	.db #0x18	; 24
      0001FC 7F                     579 	.db #0x7f	; 127
      0001FD 00                     580 	.db #0x00	; 0
      0001FE 7F                     581 	.db #0x7f	; 127
      0001FF 00                     582 	.db #0x00	; 0
      000200 7F                     583 	.db #0x7f	; 127
      000201 00                     584 	.db #0x00	; 0
      000202 7B                     585 	.db #0x7b	; 123
      000203 00                     586 	.db #0x00	; 0
      000204 31                     587 	.db #0x31	; 49	'1'
      000205 00                     588 	.db #0x00	; 0
      000206 00                     589 	.db #0x00	; 0
      000207 00                     590 	.db #0x00	; 0
      000208 00                     591 	.db #0x00	; 0
      000209 00                     592 	.db #0x00	; 0
      00020A 00                     593 	.db #0x00	; 0
      00020B 00                     594 	.db #0x00	; 0
      00020C C0                     595 	.db #0xc0	; 192
      00020D 00                     596 	.db #0x00	; 0
      00020E F0                     597 	.db #0xf0	; 240
      00020F 00                     598 	.db #0x00	; 0
      000210 F8                     599 	.db #0xf8	; 248
      000211 00                     600 	.db #0x00	; 0
      000212 FC                     601 	.db #0xfc	; 252
      000213 60                     602 	.db #0x60	; 96
      000214 FC                     603 	.db #0xfc	; 252
      000215 F0                     604 	.db #0xf0	; 240
      000216 3C                     605 	.db #0x3c	; 60
      000217 F0                     606 	.db #0xf0	; 240
      000218 3E                     607 	.db #0x3e	; 62
      000219 F0                     608 	.db #0xf0	; 240
      00021A FE                     609 	.db #0xfe	; 254
      00021B 60                     610 	.db #0x60	; 96
      00021C FE                     611 	.db #0xfe	; 254
      00021D 00                     612 	.db #0x00	; 0
      00021E FE                     613 	.db #0xfe	; 254
      00021F 00                     614 	.db #0x00	; 0
      000220 FE                     615 	.db #0xfe	; 254
      000221 00                     616 	.db #0x00	; 0
      000222 DE                     617 	.db #0xde	; 222
      000223 00                     618 	.db #0x00	; 0
      000224 8C                     619 	.db #0x8c	; 140
      000225 00                     620 	.db #0x00	; 0
      000226 00                     621 	.db #0x00	; 0
      000227 00                     622 	.db #0x00	; 0
      000228                        623 _Ghosts_metasprite0:
      000228 F8                     624 	.db #0xf8	; -8
      000229 F8                     625 	.db #0xf8	; -8
      00022A 00                     626 	.db #0x00	; 0
      00022B 01                     627 	.db #0x01	; 1
      00022C 00                     628 	.db #0x00	;  0
      00022D 08                     629 	.db #0x08	;  8
      00022E 02                     630 	.db #0x02	; 2
      00022F 01                     631 	.db #0x01	; 1
      000230 80                     632 	.db #0x80	; -128
      000231 00                     633 	.db #0x00	;  0
      000232 00                     634 	.db #0x00	; 0
      000233 00                     635 	.db #0x00	; 0
      000234                        636 _Ghosts_metasprite1:
      000234 F8                     637 	.db #0xf8	; -8
      000235 F8                     638 	.db #0xf8	; -8
      000236 04                     639 	.db #0x04	; 4
      000237 01                     640 	.db #0x01	; 1
      000238 00                     641 	.db #0x00	;  0
      000239 08                     642 	.db #0x08	;  8
      00023A 06                     643 	.db #0x06	; 6
      00023B 01                     644 	.db #0x01	; 1
      00023C 80                     645 	.db #0x80	; -128
      00023D 00                     646 	.db #0x00	;  0
      00023E 00                     647 	.db #0x00	; 0
      00023F 00                     648 	.db #0x00	; 0
      000240                        649 _Ghosts_metasprite2:
      000240 F8                     650 	.db #0xf8	; -8
      000241 F8                     651 	.db #0xf8	; -8
      000242 08                     652 	.db #0x08	; 8
      000243 01                     653 	.db #0x01	; 1
      000244 00                     654 	.db #0x00	;  0
      000245 08                     655 	.db #0x08	;  8
      000246 0A                     656 	.db #0x0a	; 10
      000247 01                     657 	.db #0x01	; 1
      000248 80                     658 	.db #0x80	; -128
      000249 00                     659 	.db #0x00	;  0
      00024A 00                     660 	.db #0x00	; 0
      00024B 00                     661 	.db #0x00	; 0
      00024C                        662 _Ghosts_metasprite3:
      00024C F8                     663 	.db #0xf8	; -8
      00024D F8                     664 	.db #0xf8	; -8
      00024E 0C                     665 	.db #0x0c	; 12
      00024F 01                     666 	.db #0x01	; 1
      000250 00                     667 	.db #0x00	;  0
      000251 08                     668 	.db #0x08	;  8
      000252 0E                     669 	.db #0x0e	; 14
      000253 01                     670 	.db #0x01	; 1
      000254 80                     671 	.db #0x80	; -128
      000255 00                     672 	.db #0x00	;  0
      000256 00                     673 	.db #0x00	; 0
      000257 00                     674 	.db #0x00	; 0
      000258                        675 _Ghosts_metasprite4:
      000258 F8                     676 	.db #0xf8	; -8
      000259 F8                     677 	.db #0xf8	; -8
      00025A 10                     678 	.db #0x10	; 16
      00025B 01                     679 	.db #0x01	; 1
      00025C 00                     680 	.db #0x00	;  0
      00025D 08                     681 	.db #0x08	;  8
      00025E 12                     682 	.db #0x12	; 18
      00025F 01                     683 	.db #0x01	; 1
      000260 80                     684 	.db #0x80	; -128
      000261 00                     685 	.db #0x00	;  0
      000262 00                     686 	.db #0x00	; 0
      000263 00                     687 	.db #0x00	; 0
      000264                        688 _Ghosts_metasprite5:
      000264 F8                     689 	.db #0xf8	; -8
      000265 F8                     690 	.db #0xf8	; -8
      000266 14                     691 	.db #0x14	; 20
      000267 01                     692 	.db #0x01	; 1
      000268 00                     693 	.db #0x00	;  0
      000269 08                     694 	.db #0x08	;  8
      00026A 16                     695 	.db #0x16	; 22
      00026B 01                     696 	.db #0x01	; 1
      00026C 80                     697 	.db #0x80	; -128
      00026D 00                     698 	.db #0x00	;  0
      00026E 00                     699 	.db #0x00	; 0
      00026F 00                     700 	.db #0x00	; 0
      000270                        701 _Ghosts_metasprite6:
      000270 F8                     702 	.db #0xf8	; -8
      000271 F8                     703 	.db #0xf8	; -8
      000272 18                     704 	.db #0x18	; 24
      000273 01                     705 	.db #0x01	; 1
      000274 00                     706 	.db #0x00	;  0
      000275 08                     707 	.db #0x08	;  8
      000276 1A                     708 	.db #0x1a	; 26
      000277 01                     709 	.db #0x01	; 1
      000278 80                     710 	.db #0x80	; -128
      000279 00                     711 	.db #0x00	;  0
      00027A 00                     712 	.db #0x00	; 0
      00027B 00                     713 	.db #0x00	; 0
      00027C                        714 _Ghosts_metasprite7:
      00027C F8                     715 	.db #0xf8	; -8
      00027D F8                     716 	.db #0xf8	; -8
      00027E 1C                     717 	.db #0x1c	; 28
      00027F 01                     718 	.db #0x01	; 1
      000280 00                     719 	.db #0x00	;  0
      000281 08                     720 	.db #0x08	;  8
      000282 1E                     721 	.db #0x1e	; 30
      000283 01                     722 	.db #0x01	; 1
      000284 80                     723 	.db #0x80	; -128
      000285 00                     724 	.db #0x00	;  0
      000286 00                     725 	.db #0x00	; 0
      000287 00                     726 	.db #0x00	; 0
      000288                        727 _Ghosts_metasprite8:
      000288 F8                     728 	.db #0xf8	; -8
      000289 F8                     729 	.db #0xf8	; -8
      00028A 00                     730 	.db #0x00	; 0
      00028B 02                     731 	.db #0x02	; 2
      00028C 00                     732 	.db #0x00	;  0
      00028D 08                     733 	.db #0x08	;  8
      00028E 02                     734 	.db #0x02	; 2
      00028F 02                     735 	.db #0x02	; 2
      000290 80                     736 	.db #0x80	; -128
      000291 00                     737 	.db #0x00	;  0
      000292 00                     738 	.db #0x00	; 0
      000293 00                     739 	.db #0x00	; 0
      000294                        740 _Ghosts_metasprite9:
      000294 F8                     741 	.db #0xf8	; -8
      000295 F8                     742 	.db #0xf8	; -8
      000296 04                     743 	.db #0x04	; 4
      000297 02                     744 	.db #0x02	; 2
      000298 00                     745 	.db #0x00	;  0
      000299 08                     746 	.db #0x08	;  8
      00029A 06                     747 	.db #0x06	; 6
      00029B 02                     748 	.db #0x02	; 2
      00029C 80                     749 	.db #0x80	; -128
      00029D 00                     750 	.db #0x00	;  0
      00029E 00                     751 	.db #0x00	; 0
      00029F 00                     752 	.db #0x00	; 0
      0002A0                        753 _Ghosts_metasprite10:
      0002A0 F8                     754 	.db #0xf8	; -8
      0002A1 F8                     755 	.db #0xf8	; -8
      0002A2 08                     756 	.db #0x08	; 8
      0002A3 02                     757 	.db #0x02	; 2
      0002A4 00                     758 	.db #0x00	;  0
      0002A5 08                     759 	.db #0x08	;  8
      0002A6 0A                     760 	.db #0x0a	; 10
      0002A7 02                     761 	.db #0x02	; 2
      0002A8 80                     762 	.db #0x80	; -128
      0002A9 00                     763 	.db #0x00	;  0
      0002AA 00                     764 	.db #0x00	; 0
      0002AB 00                     765 	.db #0x00	; 0
      0002AC                        766 _Ghosts_metasprite11:
      0002AC F8                     767 	.db #0xf8	; -8
      0002AD F8                     768 	.db #0xf8	; -8
      0002AE 0C                     769 	.db #0x0c	; 12
      0002AF 02                     770 	.db #0x02	; 2
      0002B0 00                     771 	.db #0x00	;  0
      0002B1 08                     772 	.db #0x08	;  8
      0002B2 0E                     773 	.db #0x0e	; 14
      0002B3 02                     774 	.db #0x02	; 2
      0002B4 80                     775 	.db #0x80	; -128
      0002B5 00                     776 	.db #0x00	;  0
      0002B6 00                     777 	.db #0x00	; 0
      0002B7 00                     778 	.db #0x00	; 0
      0002B8                        779 _Ghosts_metasprite12:
      0002B8 F8                     780 	.db #0xf8	; -8
      0002B9 F8                     781 	.db #0xf8	; -8
      0002BA 10                     782 	.db #0x10	; 16
      0002BB 02                     783 	.db #0x02	; 2
      0002BC 00                     784 	.db #0x00	;  0
      0002BD 08                     785 	.db #0x08	;  8
      0002BE 12                     786 	.db #0x12	; 18
      0002BF 02                     787 	.db #0x02	; 2
      0002C0 80                     788 	.db #0x80	; -128
      0002C1 00                     789 	.db #0x00	;  0
      0002C2 00                     790 	.db #0x00	; 0
      0002C3 00                     791 	.db #0x00	; 0
      0002C4                        792 _Ghosts_metasprite13:
      0002C4 F8                     793 	.db #0xf8	; -8
      0002C5 F8                     794 	.db #0xf8	; -8
      0002C6 14                     795 	.db #0x14	; 20
      0002C7 02                     796 	.db #0x02	; 2
      0002C8 00                     797 	.db #0x00	;  0
      0002C9 08                     798 	.db #0x08	;  8
      0002CA 16                     799 	.db #0x16	; 22
      0002CB 02                     800 	.db #0x02	; 2
      0002CC 80                     801 	.db #0x80	; -128
      0002CD 00                     802 	.db #0x00	;  0
      0002CE 00                     803 	.db #0x00	; 0
      0002CF 00                     804 	.db #0x00	; 0
      0002D0                        805 _Ghosts_metasprite14:
      0002D0 F8                     806 	.db #0xf8	; -8
      0002D1 F8                     807 	.db #0xf8	; -8
      0002D2 18                     808 	.db #0x18	; 24
      0002D3 02                     809 	.db #0x02	; 2
      0002D4 00                     810 	.db #0x00	;  0
      0002D5 08                     811 	.db #0x08	;  8
      0002D6 1A                     812 	.db #0x1a	; 26
      0002D7 02                     813 	.db #0x02	; 2
      0002D8 80                     814 	.db #0x80	; -128
      0002D9 00                     815 	.db #0x00	;  0
      0002DA 00                     816 	.db #0x00	; 0
      0002DB 00                     817 	.db #0x00	; 0
      0002DC                        818 _Ghosts_metasprite15:
      0002DC F8                     819 	.db #0xf8	; -8
      0002DD F8                     820 	.db #0xf8	; -8
      0002DE 1C                     821 	.db #0x1c	; 28
      0002DF 02                     822 	.db #0x02	; 2
      0002E0 00                     823 	.db #0x00	;  0
      0002E1 08                     824 	.db #0x08	;  8
      0002E2 1E                     825 	.db #0x1e	; 30
      0002E3 02                     826 	.db #0x02	; 2
      0002E4 80                     827 	.db #0x80	; -128
      0002E5 00                     828 	.db #0x00	;  0
      0002E6 00                     829 	.db #0x00	; 0
      0002E7 00                     830 	.db #0x00	; 0
      0002E8                        831 _Ghosts_metasprite16:
      0002E8 F8                     832 	.db #0xf8	; -8
      0002E9 F8                     833 	.db #0xf8	; -8
      0002EA 00                     834 	.db #0x00	; 0
      0002EB 03                     835 	.db #0x03	; 3
      0002EC 00                     836 	.db #0x00	;  0
      0002ED 08                     837 	.db #0x08	;  8
      0002EE 02                     838 	.db #0x02	; 2
      0002EF 03                     839 	.db #0x03	; 3
      0002F0 80                     840 	.db #0x80	; -128
      0002F1 00                     841 	.db #0x00	;  0
      0002F2 00                     842 	.db #0x00	; 0
      0002F3 00                     843 	.db #0x00	; 0
      0002F4                        844 _Ghosts_metasprite17:
      0002F4 F8                     845 	.db #0xf8	; -8
      0002F5 F8                     846 	.db #0xf8	; -8
      0002F6 04                     847 	.db #0x04	; 4
      0002F7 03                     848 	.db #0x03	; 3
      0002F8 00                     849 	.db #0x00	;  0
      0002F9 08                     850 	.db #0x08	;  8
      0002FA 06                     851 	.db #0x06	; 6
      0002FB 03                     852 	.db #0x03	; 3
      0002FC 80                     853 	.db #0x80	; -128
      0002FD 00                     854 	.db #0x00	;  0
      0002FE 00                     855 	.db #0x00	; 0
      0002FF 00                     856 	.db #0x00	; 0
      000300                        857 _Ghosts_metasprite18:
      000300 F8                     858 	.db #0xf8	; -8
      000301 F8                     859 	.db #0xf8	; -8
      000302 08                     860 	.db #0x08	; 8
      000303 03                     861 	.db #0x03	; 3
      000304 00                     862 	.db #0x00	;  0
      000305 08                     863 	.db #0x08	;  8
      000306 0A                     864 	.db #0x0a	; 10
      000307 03                     865 	.db #0x03	; 3
      000308 80                     866 	.db #0x80	; -128
      000309 00                     867 	.db #0x00	;  0
      00030A 00                     868 	.db #0x00	; 0
      00030B 00                     869 	.db #0x00	; 0
      00030C                        870 _Ghosts_metasprite19:
      00030C F8                     871 	.db #0xf8	; -8
      00030D F8                     872 	.db #0xf8	; -8
      00030E 0C                     873 	.db #0x0c	; 12
      00030F 03                     874 	.db #0x03	; 3
      000310 00                     875 	.db #0x00	;  0
      000311 08                     876 	.db #0x08	;  8
      000312 0E                     877 	.db #0x0e	; 14
      000313 03                     878 	.db #0x03	; 3
      000314 80                     879 	.db #0x80	; -128
      000315 00                     880 	.db #0x00	;  0
      000316 00                     881 	.db #0x00	; 0
      000317 00                     882 	.db #0x00	; 0
      000318                        883 _Ghosts_metasprite20:
      000318 F8                     884 	.db #0xf8	; -8
      000319 F8                     885 	.db #0xf8	; -8
      00031A 10                     886 	.db #0x10	; 16
      00031B 03                     887 	.db #0x03	; 3
      00031C 00                     888 	.db #0x00	;  0
      00031D 08                     889 	.db #0x08	;  8
      00031E 12                     890 	.db #0x12	; 18
      00031F 03                     891 	.db #0x03	; 3
      000320 80                     892 	.db #0x80	; -128
      000321 00                     893 	.db #0x00	;  0
      000322 00                     894 	.db #0x00	; 0
      000323 00                     895 	.db #0x00	; 0
      000324                        896 _Ghosts_metasprite21:
      000324 F8                     897 	.db #0xf8	; -8
      000325 F8                     898 	.db #0xf8	; -8
      000326 14                     899 	.db #0x14	; 20
      000327 03                     900 	.db #0x03	; 3
      000328 00                     901 	.db #0x00	;  0
      000329 08                     902 	.db #0x08	;  8
      00032A 16                     903 	.db #0x16	; 22
      00032B 03                     904 	.db #0x03	; 3
      00032C 80                     905 	.db #0x80	; -128
      00032D 00                     906 	.db #0x00	;  0
      00032E 00                     907 	.db #0x00	; 0
      00032F 00                     908 	.db #0x00	; 0
      000330                        909 _Ghosts_metasprite22:
      000330 F8                     910 	.db #0xf8	; -8
      000331 F8                     911 	.db #0xf8	; -8
      000332 18                     912 	.db #0x18	; 24
      000333 03                     913 	.db #0x03	; 3
      000334 00                     914 	.db #0x00	;  0
      000335 08                     915 	.db #0x08	;  8
      000336 1A                     916 	.db #0x1a	; 26
      000337 03                     917 	.db #0x03	; 3
      000338 80                     918 	.db #0x80	; -128
      000339 00                     919 	.db #0x00	;  0
      00033A 00                     920 	.db #0x00	; 0
      00033B 00                     921 	.db #0x00	; 0
      00033C                        922 _Ghosts_metasprite23:
      00033C F8                     923 	.db #0xf8	; -8
      00033D F8                     924 	.db #0xf8	; -8
      00033E 1C                     925 	.db #0x1c	; 28
      00033F 03                     926 	.db #0x03	; 3
      000340 00                     927 	.db #0x00	;  0
      000341 08                     928 	.db #0x08	;  8
      000342 1E                     929 	.db #0x1e	; 30
      000343 03                     930 	.db #0x03	; 3
      000344 80                     931 	.db #0x80	; -128
      000345 00                     932 	.db #0x00	;  0
      000346 00                     933 	.db #0x00	; 0
      000347 00                     934 	.db #0x00	; 0
      000348                        935 _Ghosts_metasprite24:
      000348 F8                     936 	.db #0xf8	; -8
      000349 F8                     937 	.db #0xf8	; -8
      00034A 00                     938 	.db #0x00	; 0
      00034B 04                     939 	.db #0x04	; 4
      00034C 00                     940 	.db #0x00	;  0
      00034D 08                     941 	.db #0x08	;  8
      00034E 02                     942 	.db #0x02	; 2
      00034F 04                     943 	.db #0x04	; 4
      000350 80                     944 	.db #0x80	; -128
      000351 00                     945 	.db #0x00	;  0
      000352 00                     946 	.db #0x00	; 0
      000353 00                     947 	.db #0x00	; 0
      000354                        948 _Ghosts_metasprite25:
      000354 F8                     949 	.db #0xf8	; -8
      000355 F8                     950 	.db #0xf8	; -8
      000356 04                     951 	.db #0x04	; 4
      000357 04                     952 	.db #0x04	; 4
      000358 00                     953 	.db #0x00	;  0
      000359 08                     954 	.db #0x08	;  8
      00035A 06                     955 	.db #0x06	; 6
      00035B 04                     956 	.db #0x04	; 4
      00035C 80                     957 	.db #0x80	; -128
      00035D 00                     958 	.db #0x00	;  0
      00035E 00                     959 	.db #0x00	; 0
      00035F 00                     960 	.db #0x00	; 0
      000360                        961 _Ghosts_metasprite26:
      000360 F8                     962 	.db #0xf8	; -8
      000361 F8                     963 	.db #0xf8	; -8
      000362 08                     964 	.db #0x08	; 8
      000363 04                     965 	.db #0x04	; 4
      000364 00                     966 	.db #0x00	;  0
      000365 08                     967 	.db #0x08	;  8
      000366 0A                     968 	.db #0x0a	; 10
      000367 04                     969 	.db #0x04	; 4
      000368 80                     970 	.db #0x80	; -128
      000369 00                     971 	.db #0x00	;  0
      00036A 00                     972 	.db #0x00	; 0
      00036B 00                     973 	.db #0x00	; 0
      00036C                        974 _Ghosts_metasprite27:
      00036C F8                     975 	.db #0xf8	; -8
      00036D F8                     976 	.db #0xf8	; -8
      00036E 0C                     977 	.db #0x0c	; 12
      00036F 04                     978 	.db #0x04	; 4
      000370 00                     979 	.db #0x00	;  0
      000371 08                     980 	.db #0x08	;  8
      000372 0E                     981 	.db #0x0e	; 14
      000373 04                     982 	.db #0x04	; 4
      000374 80                     983 	.db #0x80	; -128
      000375 00                     984 	.db #0x00	;  0
      000376 00                     985 	.db #0x00	; 0
      000377 00                     986 	.db #0x00	; 0
      000378                        987 _Ghosts_metasprite28:
      000378 F8                     988 	.db #0xf8	; -8
      000379 F8                     989 	.db #0xf8	; -8
      00037A 10                     990 	.db #0x10	; 16
      00037B 04                     991 	.db #0x04	; 4
      00037C 00                     992 	.db #0x00	;  0
      00037D 08                     993 	.db #0x08	;  8
      00037E 12                     994 	.db #0x12	; 18
      00037F 04                     995 	.db #0x04	; 4
      000380 80                     996 	.db #0x80	; -128
      000381 00                     997 	.db #0x00	;  0
      000382 00                     998 	.db #0x00	; 0
      000383 00                     999 	.db #0x00	; 0
      000384                       1000 _Ghosts_metasprite29:
      000384 F8                    1001 	.db #0xf8	; -8
      000385 F8                    1002 	.db #0xf8	; -8
      000386 14                    1003 	.db #0x14	; 20
      000387 04                    1004 	.db #0x04	; 4
      000388 00                    1005 	.db #0x00	;  0
      000389 08                    1006 	.db #0x08	;  8
      00038A 16                    1007 	.db #0x16	; 22
      00038B 04                    1008 	.db #0x04	; 4
      00038C 80                    1009 	.db #0x80	; -128
      00038D 00                    1010 	.db #0x00	;  0
      00038E 00                    1011 	.db #0x00	; 0
      00038F 00                    1012 	.db #0x00	; 0
      000390                       1013 _Ghosts_metasprite30:
      000390 F8                    1014 	.db #0xf8	; -8
      000391 F8                    1015 	.db #0xf8	; -8
      000392 18                    1016 	.db #0x18	; 24
      000393 04                    1017 	.db #0x04	; 4
      000394 00                    1018 	.db #0x00	;  0
      000395 08                    1019 	.db #0x08	;  8
      000396 1A                    1020 	.db #0x1a	; 26
      000397 04                    1021 	.db #0x04	; 4
      000398 80                    1022 	.db #0x80	; -128
      000399 00                    1023 	.db #0x00	;  0
      00039A 00                    1024 	.db #0x00	; 0
      00039B 00                    1025 	.db #0x00	; 0
      00039C                       1026 _Ghosts_metasprite31:
      00039C F8                    1027 	.db #0xf8	; -8
      00039D F8                    1028 	.db #0xf8	; -8
      00039E 1C                    1029 	.db #0x1c	; 28
      00039F 04                    1030 	.db #0x04	; 4
      0003A0 00                    1031 	.db #0x00	;  0
      0003A1 08                    1032 	.db #0x08	;  8
      0003A2 1E                    1033 	.db #0x1e	; 30
      0003A3 04                    1034 	.db #0x04	; 4
      0003A4 80                    1035 	.db #0x80	; -128
      0003A5 00                    1036 	.db #0x00	;  0
      0003A6 00                    1037 	.db #0x00	; 0
      0003A7 00                    1038 	.db #0x00	; 0
      0003A8                       1039 _Ghosts_metasprites:
      0003A8r28r02                 1040 	.dw _Ghosts_metasprite0
      0003AAr34r02                 1041 	.dw _Ghosts_metasprite1
      0003ACr40r02                 1042 	.dw _Ghosts_metasprite2
      0003AEr4Cr02                 1043 	.dw _Ghosts_metasprite3
      0003B0r58r02                 1044 	.dw _Ghosts_metasprite4
      0003B2r64r02                 1045 	.dw _Ghosts_metasprite5
      0003B4r70r02                 1046 	.dw _Ghosts_metasprite6
      0003B6r7Cr02                 1047 	.dw _Ghosts_metasprite7
      0003B8r88r02                 1048 	.dw _Ghosts_metasprite8
      0003BAr94r02                 1049 	.dw _Ghosts_metasprite9
      0003BCrA0r02                 1050 	.dw _Ghosts_metasprite10
      0003BErACr02                 1051 	.dw _Ghosts_metasprite11
      0003C0rB8r02                 1052 	.dw _Ghosts_metasprite12
      0003C2rC4r02                 1053 	.dw _Ghosts_metasprite13
      0003C4rD0r02                 1054 	.dw _Ghosts_metasprite14
      0003C6rDCr02                 1055 	.dw _Ghosts_metasprite15
      0003C8rE8r02                 1056 	.dw _Ghosts_metasprite16
      0003CArF4r02                 1057 	.dw _Ghosts_metasprite17
      0003CCr00r03                 1058 	.dw _Ghosts_metasprite18
      0003CEr0Cr03                 1059 	.dw _Ghosts_metasprite19
      0003D0r18r03                 1060 	.dw _Ghosts_metasprite20
      0003D2r24r03                 1061 	.dw _Ghosts_metasprite21
      0003D4r30r03                 1062 	.dw _Ghosts_metasprite22
      0003D6r3Cr03                 1063 	.dw _Ghosts_metasprite23
      0003D8r48r03                 1064 	.dw _Ghosts_metasprite24
      0003DAr54r03                 1065 	.dw _Ghosts_metasprite25
      0003DCr60r03                 1066 	.dw _Ghosts_metasprite26
      0003DEr6Cr03                 1067 	.dw _Ghosts_metasprite27
      0003E0r78r03                 1068 	.dw _Ghosts_metasprite28
      0003E2r84r03                 1069 	.dw _Ghosts_metasprite29
      0003E4r90r03                 1070 	.dw _Ghosts_metasprite30
      0003E6r9Cr03                 1071 	.dw _Ghosts_metasprite31
                                   1072 	.area _INITIALIZER
                                   1073 	.area _CABS (ABS)
