                                      1 ;--------------------------------------------------------
                                      2 ; File Created by SDCC : free open source ISO C Compiler 
                                      3 ; Version 4.2.2 #13350 (MINGW64)
                                      4 ;--------------------------------------------------------
                                      5 	.module Dots
                                      6 	.optsdcc -msm83
                                      7 	
                                      8 ;--------------------------------------------------------
                                      9 ; Public variables in this module
                                     10 ;--------------------------------------------------------
                                     11 	.globl _Dots_map_attributes
                                     12 	.globl _Dots_map
                                     13 	.globl _Dots_tiles
                                     14 	.globl _Dots_palettes
                                     15 	.globl b___func_Dots
                                     16 	.globl ___func_Dots
                                     17 ;--------------------------------------------------------
                                     18 ; special function registers
                                     19 ;--------------------------------------------------------
                                     20 ;--------------------------------------------------------
                                     21 ; ram data
                                     22 ;--------------------------------------------------------
                                     23 	.area _DATA
                                     24 ;--------------------------------------------------------
                                     25 ; ram data
                                     26 ;--------------------------------------------------------
                                     27 	.area _INITIALIZED
                                     28 ;--------------------------------------------------------
                                     29 ; absolute external ram data
                                     30 ;--------------------------------------------------------
                                     31 	.area _DABS (ABS)
                                     32 ;--------------------------------------------------------
                                     33 ; global & static initialisations
                                     34 ;--------------------------------------------------------
                                     35 	.area _HOME
                                     36 	.area _GSINIT
                                     37 	.area _GSFINAL
                                     38 	.area _GSINIT
                                     39 ;--------------------------------------------------------
                                     40 ; Home
                                     41 ;--------------------------------------------------------
                                     42 	.area _HOME
                                     43 	.area _HOME
                                     44 ;--------------------------------------------------------
                                     45 ; code
                                     46 ;--------------------------------------------------------
                                     47 	.area _CODE
                                     48 ;D:\Github\Gameboy-Homebrew\GBDK-Tutorials\Games\Pacman-From-Scratch\source\gen\default\graphics\Dots.c:7: BANKREF(Dots)
                                     49 ;	---------------------------------
                                     50 ; Function __func_Dots
                                     51 ; ---------------------------------
                           000000    52 	b___func_Dots	= 0
      000000                         53 ___func_Dots::
                                     54 	.local b___func_Dots 
                           000000    55 	___bank_Dots = b___func_Dots 
                                     56 	.globl ___bank_Dots 
                                     57 	.area _CODE
      000000                         58 _Dots_palettes:
      000000 00 00                   59 	.dw #0x0000
      000002 00 68                   60 	.dw #0x6800
      000004 1F 46                   61 	.dw #0x461f
      000006 1F 03                   62 	.dw #0x031f
      000008 00 00                   63 	.dw #0x0000
      00000A 00 00                   64 	.dw #0x0000
      00000C 1A 00                   65 	.dw #0x001a
      00000E FF 7F                   66 	.dw #0x7fff
      000010                         67 _Dots_tiles:
      000010 00                      68 	.db #0x00	; 0
      000011 00                      69 	.db #0x00	; 0
      000012 00                      70 	.db #0x00	; 0
      000013 00                      71 	.db #0x00	; 0
      000014 00                      72 	.db #0x00	; 0
      000015 00                      73 	.db #0x00	; 0
      000016 18                      74 	.db #0x18	; 24
      000017 18                      75 	.db #0x18	; 24
      000018 18                      76 	.db #0x18	; 24
      000019 18                      77 	.db #0x18	; 24
      00001A 00                      78 	.db #0x00	; 0
      00001B 00                      79 	.db #0x00	; 0
      00001C 00                      80 	.db #0x00	; 0
      00001D 00                      81 	.db #0x00	; 0
      00001E 00                      82 	.db #0x00	; 0
      00001F 00                      83 	.db #0x00	; 0
      000020 00                      84 	.db #0x00	; 0
      000021 00                      85 	.db #0x00	; 0
      000022 1C                      86 	.db #0x1c	; 28
      000023 1C                      87 	.db #0x1c	; 28
      000024 3E                      88 	.db #0x3e	; 62
      000025 3E                      89 	.db #0x3e	; 62
      000026 7F                      90 	.db #0x7f	; 127
      000027 7F                      91 	.db #0x7f	; 127
      000028 7F                      92 	.db #0x7f	; 127
      000029 7F                      93 	.db #0x7f	; 127
      00002A 7F                      94 	.db #0x7f	; 127
      00002B 7F                      95 	.db #0x7f	; 127
      00002C 3E                      96 	.db #0x3e	; 62
      00002D 3E                      97 	.db #0x3e	; 62
      00002E 1C                      98 	.db #0x1c	; 28
      00002F 1C                      99 	.db #0x1c	; 28
      000030 00                     100 	.db #0x00	; 0
      000031 00                     101 	.db #0x00	; 0
      000032 00                     102 	.db #0x00	; 0
      000033 00                     103 	.db #0x00	; 0
      000034 00                     104 	.db #0x00	; 0
      000035 00                     105 	.db #0x00	; 0
      000036 00                     106 	.db #0x00	; 0
      000037 00                     107 	.db #0x00	; 0
      000038 00                     108 	.db #0x00	; 0
      000039 00                     109 	.db #0x00	; 0
      00003A 00                     110 	.db #0x00	; 0
      00003B 00                     111 	.db #0x00	; 0
      00003C 00                     112 	.db #0x00	; 0
      00003D 00                     113 	.db #0x00	; 0
      00003E 00                     114 	.db #0x00	; 0
      00003F 00                     115 	.db #0x00	; 0
      000040                        116 _Dots_map:
      000040 00                     117 	.db #0x00	; 0
      000041 01                     118 	.db #0x01	; 1
      000042 02                     119 	.db #0x02	; 2
      000043                        120 _Dots_map_attributes:
      000043 00                     121 	.db #0x00	; 0
      000044 00                     122 	.db #0x00	; 0
      000045 00                     123 	.db #0x00	; 0
                                    124 	.area _INITIALIZER
                                    125 	.area _CABS (ABS)
