                                      1 ;--------------------------------------------------------
                                      2 ; File Created by SDCC : free open source ISO C Compiler 
                                      3 ; Version 4.2.2 #13350 (MINGW64)
                                      4 ;--------------------------------------------------------
                                      5 	.module Pacman
                                      6 	.optsdcc -msm83
                                      7 	
                                      8 ;--------------------------------------------------------
                                      9 ; Public variables in this module
                                     10 ;--------------------------------------------------------
                                     11 	.globl _Pacman_metasprites
                                     12 	.globl _Pacman_metasprite11
                                     13 	.globl _Pacman_metasprite10
                                     14 	.globl _Pacman_metasprite9
                                     15 	.globl _Pacman_metasprite8
                                     16 	.globl _Pacman_metasprite7
                                     17 	.globl _Pacman_metasprite6
                                     18 	.globl _Pacman_metasprite5
                                     19 	.globl _Pacman_metasprite4
                                     20 	.globl _Pacman_metasprite3
                                     21 	.globl _Pacman_metasprite2
                                     22 	.globl _Pacman_metasprite1
                                     23 	.globl _Pacman_metasprite0
                                     24 	.globl _Pacman_tiles
                                     25 	.globl _Pacman_palettes
                                     26 	.globl b___func_Pacman
                                     27 	.globl ___func_Pacman
                                     28 ;--------------------------------------------------------
                                     29 ; special function registers
                                     30 ;--------------------------------------------------------
                                     31 ;--------------------------------------------------------
                                     32 ; ram data
                                     33 ;--------------------------------------------------------
                                     34 	.area _DATA
                                     35 ;--------------------------------------------------------
                                     36 ; ram data
                                     37 ;--------------------------------------------------------
                                     38 	.area _INITIALIZED
                                     39 ;--------------------------------------------------------
                                     40 ; absolute external ram data
                                     41 ;--------------------------------------------------------
                                     42 	.area _DABS (ABS)
                                     43 ;--------------------------------------------------------
                                     44 ; global & static initialisations
                                     45 ;--------------------------------------------------------
                                     46 	.area _HOME
                                     47 	.area _GSINIT
                                     48 	.area _GSFINAL
                                     49 	.area _GSINIT
                                     50 ;--------------------------------------------------------
                                     51 ; Home
                                     52 ;--------------------------------------------------------
                                     53 	.area _HOME
                                     54 	.area _HOME
                                     55 ;--------------------------------------------------------
                                     56 ; code
                                     57 ;--------------------------------------------------------
                                     58 	.area _CODE
                                     59 ;D:\Github\Gameboy-Homebrew\GBDK-Tutorials\Games\Pacman-From-Scratch\source\gen\default\graphics\Pacman.c:7: BANKREF(Pacman)
                                     60 ;	---------------------------------
                                     61 ; Function __func_Pacman
                                     62 ; ---------------------------------
                           000000    63 	b___func_Pacman	= 0
      000000                         64 ___func_Pacman::
                                     65 	.local b___func_Pacman 
                           000000    66 	___bank_Pacman = b___func_Pacman 
                                     67 	.globl ___bank_Pacman 
                                     68 	.area _CODE
      000000                         69 _Pacman_palettes:
      000000 00 41                   70 	.dw #0x4100
      000002 FF 03                   71 	.dw #0x03ff
      000004 FF 7F                   72 	.dw #0x7fff
      000006 00 00                   73 	.dw #0x0000
      000008 00 00                   74 	.dw #0x0000
      00000A 00 7F                   75 	.dw #0x7f00
      00000C 00 68                   76 	.dw #0x6800
      00000E FF 7F                   77 	.dw #0x7fff
      000010 00 00                   78 	.dw #0x0000
      000012 1F 00                   79 	.dw #0x001f
      000014 00 68                   80 	.dw #0x6800
      000016 FF 7F                   81 	.dw #0x7fff
      000018 00 00                   82 	.dw #0x0000
      00001A 3F 4E                   83 	.dw #0x4e3f
      00001C 00 68                   84 	.dw #0x6800
      00001E FF 7F                   85 	.dw #0x7fff
      000020 00 00                   86 	.dw #0x0000
      000022 5F 02                   87 	.dw #0x025f
      000024 00 68                   88 	.dw #0x6800
      000026 FF 7F                   89 	.dw #0x7fff
      000028 00 00                   90 	.dw #0x0000
      00002A 00 00                   91 	.dw #0x0000
      00002C 00 00                   92 	.dw #0x0000
      00002E 00 00                   93 	.dw #0x0000
      000030                         94 _Pacman_tiles:
      000030 00                      95 	.db #0x00	; 0
      000031 00                      96 	.db #0x00	; 0
      000032 00                      97 	.db #0x00	; 0
      000033 00                      98 	.db #0x00	; 0
      000034 08                      99 	.db #0x08	; 8
      000035 00                     100 	.db #0x00	; 0
      000036 18                     101 	.db #0x18	; 24
      000037 00                     102 	.db #0x00	; 0
      000038 18                     103 	.db #0x18	; 24
      000039 00                     104 	.db #0x00	; 0
      00003A 3C                     105 	.db #0x3c	; 60
      00003B 00                     106 	.db #0x00	; 0
      00003C 3C                     107 	.db #0x3c	; 60
      00003D 00                     108 	.db #0x00	; 0
      00003E 3C                     109 	.db #0x3c	; 60
      00003F 00                     110 	.db #0x00	; 0
      000040 3E                     111 	.db #0x3e	; 62
      000041 00                     112 	.db #0x00	; 0
      000042 3F                     113 	.db #0x3f	; 63
      000043 00                     114 	.db #0x00	; 0
      000044 1F                     115 	.db #0x1f	; 31
      000045 00                     116 	.db #0x00	; 0
      000046 1F                     117 	.db #0x1f	; 31
      000047 00                     118 	.db #0x00	; 0
      000048 0F                     119 	.db #0x0f	; 15
      000049 00                     120 	.db #0x00	; 0
      00004A 03                     121 	.db #0x03	; 3
      00004B 00                     122 	.db #0x00	; 0
      00004C 00                     123 	.db #0x00	; 0
      00004D 00                     124 	.db #0x00	; 0
      00004E 00                     125 	.db #0x00	; 0
      00004F 00                     126 	.db #0x00	; 0
      000050 00                     127 	.db #0x00	; 0
      000051 00                     128 	.db #0x00	; 0
      000052 00                     129 	.db #0x00	; 0
      000053 00                     130 	.db #0x00	; 0
      000054 10                     131 	.db #0x10	; 16
      000055 00                     132 	.db #0x00	; 0
      000056 18                     133 	.db #0x18	; 24
      000057 00                     134 	.db #0x00	; 0
      000058 18                     135 	.db #0x18	; 24
      000059 00                     136 	.db #0x00	; 0
      00005A 3C                     137 	.db #0x3c	; 60
      00005B 00                     138 	.db #0x00	; 0
      00005C 3C                     139 	.db #0x3c	; 60
      00005D 00                     140 	.db #0x00	; 0
      00005E 3C                     141 	.db #0x3c	; 60
      00005F 00                     142 	.db #0x00	; 0
      000060 7C                     143 	.db #0x7c	; 124
      000061 00                     144 	.db #0x00	; 0
      000062 FC                     145 	.db #0xfc	; 252
      000063 00                     146 	.db #0x00	; 0
      000064 F8                     147 	.db #0xf8	; 248
      000065 00                     148 	.db #0x00	; 0
      000066 F8                     149 	.db #0xf8	; 248
      000067 00                     150 	.db #0x00	; 0
      000068 F0                     151 	.db #0xf0	; 240
      000069 00                     152 	.db #0x00	; 0
      00006A C0                     153 	.db #0xc0	; 192
      00006B 00                     154 	.db #0x00	; 0
      00006C 00                     155 	.db #0x00	; 0
      00006D 00                     156 	.db #0x00	; 0
      00006E 00                     157 	.db #0x00	; 0
      00006F 00                     158 	.db #0x00	; 0
      000070 00                     159 	.db #0x00	; 0
      000071 00                     160 	.db #0x00	; 0
      000072 00                     161 	.db #0x00	; 0
      000073 00                     162 	.db #0x00	; 0
      000074 00                     163 	.db #0x00	; 0
      000075 00                     164 	.db #0x00	; 0
      000076 00                     165 	.db #0x00	; 0
      000077 00                     166 	.db #0x00	; 0
      000078 10                     167 	.db #0x10	; 16
      000079 00                     168 	.db #0x00	; 0
      00007A 30                     169 	.db #0x30	; 48	'0'
      00007B 00                     170 	.db #0x00	; 0
      00007C 38                     171 	.db #0x38	; 56	'8'
      00007D 00                     172 	.db #0x00	; 0
      00007E 38                     173 	.db #0x38	; 56	'8'
      00007F 00                     174 	.db #0x00	; 0
      000080 3E                     175 	.db #0x3e	; 62
      000081 00                     176 	.db #0x00	; 0
      000082 3F                     177 	.db #0x3f	; 63
      000083 00                     178 	.db #0x00	; 0
      000084 1F                     179 	.db #0x1f	; 31
      000085 00                     180 	.db #0x00	; 0
      000086 1F                     181 	.db #0x1f	; 31
      000087 00                     182 	.db #0x00	; 0
      000088 0F                     183 	.db #0x0f	; 15
      000089 00                     184 	.db #0x00	; 0
      00008A 03                     185 	.db #0x03	; 3
      00008B 00                     186 	.db #0x00	; 0
      00008C 00                     187 	.db #0x00	; 0
      00008D 00                     188 	.db #0x00	; 0
      00008E 00                     189 	.db #0x00	; 0
      00008F 00                     190 	.db #0x00	; 0
      000090 00                     191 	.db #0x00	; 0
      000091 00                     192 	.db #0x00	; 0
      000092 00                     193 	.db #0x00	; 0
      000093 00                     194 	.db #0x00	; 0
      000094 00                     195 	.db #0x00	; 0
      000095 00                     196 	.db #0x00	; 0
      000096 00                     197 	.db #0x00	; 0
      000097 00                     198 	.db #0x00	; 0
      000098 08                     199 	.db #0x08	; 8
      000099 00                     200 	.db #0x00	; 0
      00009A 0C                     201 	.db #0x0c	; 12
      00009B 00                     202 	.db #0x00	; 0
      00009C 1C                     203 	.db #0x1c	; 28
      00009D 00                     204 	.db #0x00	; 0
      00009E 1C                     205 	.db #0x1c	; 28
      00009F 00                     206 	.db #0x00	; 0
      0000A0 7C                     207 	.db #0x7c	; 124
      0000A1 00                     208 	.db #0x00	; 0
      0000A2 FC                     209 	.db #0xfc	; 252
      0000A3 00                     210 	.db #0x00	; 0
      0000A4 F8                     211 	.db #0xf8	; 248
      0000A5 00                     212 	.db #0x00	; 0
      0000A6 F8                     213 	.db #0xf8	; 248
      0000A7 00                     214 	.db #0x00	; 0
      0000A8 F0                     215 	.db #0xf0	; 240
      0000A9 00                     216 	.db #0x00	; 0
      0000AA C0                     217 	.db #0xc0	; 192
      0000AB 00                     218 	.db #0x00	; 0
      0000AC 00                     219 	.db #0x00	; 0
      0000AD 00                     220 	.db #0x00	; 0
      0000AE 00                     221 	.db #0x00	; 0
      0000AF 00                     222 	.db #0x00	; 0
      0000B0 00                     223 	.db #0x00	; 0
      0000B1 00                     224 	.db #0x00	; 0
      0000B2 00                     225 	.db #0x00	; 0
      0000B3 00                     226 	.db #0x00	; 0
      0000B4 00                     227 	.db #0x00	; 0
      0000B5 00                     228 	.db #0x00	; 0
      0000B6 00                     229 	.db #0x00	; 0
      0000B7 00                     230 	.db #0x00	; 0
      0000B8 00                     231 	.db #0x00	; 0
      0000B9 00                     232 	.db #0x00	; 0
      0000BA 00                     233 	.db #0x00	; 0
      0000BB 00                     234 	.db #0x00	; 0
      0000BC 20                     235 	.db #0x20	; 32
      0000BD 00                     236 	.db #0x00	; 0
      0000BE 30                     237 	.db #0x30	; 48	'0'
      0000BF 00                     238 	.db #0x00	; 0
      0000C0 38                     239 	.db #0x38	; 56	'8'
      0000C1 00                     240 	.db #0x00	; 0
      0000C2 3C                     241 	.db #0x3c	; 60
      0000C3 00                     242 	.db #0x00	; 0
      0000C4 1E                     243 	.db #0x1e	; 30
      0000C5 00                     244 	.db #0x00	; 0
      0000C6 1F                     245 	.db #0x1f	; 31
      0000C7 00                     246 	.db #0x00	; 0
      0000C8 0F                     247 	.db #0x0f	; 15
      0000C9 00                     248 	.db #0x00	; 0
      0000CA 03                     249 	.db #0x03	; 3
      0000CB 00                     250 	.db #0x00	; 0
      0000CC 00                     251 	.db #0x00	; 0
      0000CD 00                     252 	.db #0x00	; 0
      0000CE 00                     253 	.db #0x00	; 0
      0000CF 00                     254 	.db #0x00	; 0
      0000D0 00                     255 	.db #0x00	; 0
      0000D1 00                     256 	.db #0x00	; 0
      0000D2 00                     257 	.db #0x00	; 0
      0000D3 00                     258 	.db #0x00	; 0
      0000D4 00                     259 	.db #0x00	; 0
      0000D5 00                     260 	.db #0x00	; 0
      0000D6 00                     261 	.db #0x00	; 0
      0000D7 00                     262 	.db #0x00	; 0
      0000D8 00                     263 	.db #0x00	; 0
      0000D9 00                     264 	.db #0x00	; 0
      0000DA 00                     265 	.db #0x00	; 0
      0000DB 00                     266 	.db #0x00	; 0
      0000DC 04                     267 	.db #0x04	; 4
      0000DD 00                     268 	.db #0x00	; 0
      0000DE 0C                     269 	.db #0x0c	; 12
      0000DF 00                     270 	.db #0x00	; 0
      0000E0 1C                     271 	.db #0x1c	; 28
      0000E1 00                     272 	.db #0x00	; 0
      0000E2 3C                     273 	.db #0x3c	; 60
      0000E3 00                     274 	.db #0x00	; 0
      0000E4 78                     275 	.db #0x78	; 120	'x'
      0000E5 00                     276 	.db #0x00	; 0
      0000E6 F8                     277 	.db #0xf8	; 248
      0000E7 00                     278 	.db #0x00	; 0
      0000E8 F0                     279 	.db #0xf0	; 240
      0000E9 00                     280 	.db #0x00	; 0
      0000EA C0                     281 	.db #0xc0	; 192
      0000EB 00                     282 	.db #0x00	; 0
      0000EC 00                     283 	.db #0x00	; 0
      0000ED 00                     284 	.db #0x00	; 0
      0000EE 00                     285 	.db #0x00	; 0
      0000EF 00                     286 	.db #0x00	; 0
      0000F0 00                     287 	.db #0x00	; 0
      0000F1 00                     288 	.db #0x00	; 0
      0000F2 00                     289 	.db #0x00	; 0
      0000F3 00                     290 	.db #0x00	; 0
      0000F4 03                     291 	.db #0x03	; 3
      0000F5 00                     292 	.db #0x00	; 0
      0000F6 0F                     293 	.db #0x0f	; 15
      0000F7 00                     294 	.db #0x00	; 0
      0000F8 1F                     295 	.db #0x1f	; 31
      0000F9 00                     296 	.db #0x00	; 0
      0000FA 1F                     297 	.db #0x1f	; 31
      0000FB 00                     298 	.db #0x00	; 0
      0000FC 3F                     299 	.db #0x3f	; 63
      0000FD 00                     300 	.db #0x00	; 0
      0000FE 3E                     301 	.db #0x3e	; 62
      0000FF 00                     302 	.db #0x00	; 0
      000100 3E                     303 	.db #0x3e	; 62
      000101 00                     304 	.db #0x00	; 0
      000102 3F                     305 	.db #0x3f	; 63
      000103 00                     306 	.db #0x00	; 0
      000104 1F                     307 	.db #0x1f	; 31
      000105 00                     308 	.db #0x00	; 0
      000106 1F                     309 	.db #0x1f	; 31
      000107 00                     310 	.db #0x00	; 0
      000108 0F                     311 	.db #0x0f	; 15
      000109 00                     312 	.db #0x00	; 0
      00010A 03                     313 	.db #0x03	; 3
      00010B 00                     314 	.db #0x00	; 0
      00010C 00                     315 	.db #0x00	; 0
      00010D 00                     316 	.db #0x00	; 0
      00010E 00                     317 	.db #0x00	; 0
      00010F 00                     318 	.db #0x00	; 0
      000110 00                     319 	.db #0x00	; 0
      000111 00                     320 	.db #0x00	; 0
      000112 00                     321 	.db #0x00	; 0
      000113 00                     322 	.db #0x00	; 0
      000114 E0                     323 	.db #0xe0	; 224
      000115 00                     324 	.db #0x00	; 0
      000116 F8                     325 	.db #0xf8	; 248
      000117 00                     326 	.db #0x00	; 0
      000118 FC                     327 	.db #0xfc	; 252
      000119 00                     328 	.db #0x00	; 0
      00011A E0                     329 	.db #0xe0	; 224
      00011B 00                     330 	.db #0x00	; 0
      00011C 00                     331 	.db #0x00	; 0
      00011D 00                     332 	.db #0x00	; 0
      00011E 00                     333 	.db #0x00	; 0
      00011F 00                     334 	.db #0x00	; 0
      000120 00                     335 	.db #0x00	; 0
      000121 00                     336 	.db #0x00	; 0
      000122 00                     337 	.db #0x00	; 0
      000123 00                     338 	.db #0x00	; 0
      000124 E0                     339 	.db #0xe0	; 224
      000125 00                     340 	.db #0x00	; 0
      000126 FC                     341 	.db #0xfc	; 252
      000127 00                     342 	.db #0x00	; 0
      000128 F8                     343 	.db #0xf8	; 248
      000129 00                     344 	.db #0x00	; 0
      00012A E0                     345 	.db #0xe0	; 224
      00012B 00                     346 	.db #0x00	; 0
      00012C 00                     347 	.db #0x00	; 0
      00012D 00                     348 	.db #0x00	; 0
      00012E 00                     349 	.db #0x00	; 0
      00012F 00                     350 	.db #0x00	; 0
      000130 00                     351 	.db #0x00	; 0
      000131 00                     352 	.db #0x00	; 0
      000132 00                     353 	.db #0x00	; 0
      000133 00                     354 	.db #0x00	; 0
      000134 E0                     355 	.db #0xe0	; 224
      000135 00                     356 	.db #0x00	; 0
      000136 F0                     357 	.db #0xf0	; 240
      000137 00                     358 	.db #0x00	; 0
      000138 C0                     359 	.db #0xc0	; 192
      000139 00                     360 	.db #0x00	; 0
      00013A 00                     361 	.db #0x00	; 0
      00013B 00                     362 	.db #0x00	; 0
      00013C 00                     363 	.db #0x00	; 0
      00013D 00                     364 	.db #0x00	; 0
      00013E 00                     365 	.db #0x00	; 0
      00013F 00                     366 	.db #0x00	; 0
      000140 00                     367 	.db #0x00	; 0
      000141 00                     368 	.db #0x00	; 0
      000142 00                     369 	.db #0x00	; 0
      000143 00                     370 	.db #0x00	; 0
      000144 00                     371 	.db #0x00	; 0
      000145 00                     372 	.db #0x00	; 0
      000146 C0                     373 	.db #0xc0	; 192
      000147 00                     374 	.db #0x00	; 0
      000148 F0                     375 	.db #0xf0	; 240
      000149 00                     376 	.db #0x00	; 0
      00014A E0                     377 	.db #0xe0	; 224
      00014B 00                     378 	.db #0x00	; 0
      00014C 00                     379 	.db #0x00	; 0
      00014D 00                     380 	.db #0x00	; 0
      00014E 00                     381 	.db #0x00	; 0
      00014F 00                     382 	.db #0x00	; 0
      000150 00                     383 	.db #0x00	; 0
      000151 00                     384 	.db #0x00	; 0
      000152 00                     385 	.db #0x00	; 0
      000153 00                     386 	.db #0x00	; 0
      000154 03                     387 	.db #0x03	; 3
      000155 00                     388 	.db #0x00	; 0
      000156 0F                     389 	.db #0x0f	; 15
      000157 00                     390 	.db #0x00	; 0
      000158 1F                     391 	.db #0x1f	; 31
      000159 00                     392 	.db #0x00	; 0
      00015A 1E                     393 	.db #0x1e	; 30
      00015B 00                     394 	.db #0x00	; 0
      00015C 3C                     395 	.db #0x3c	; 60
      00015D 00                     396 	.db #0x00	; 0
      00015E 38                     397 	.db #0x38	; 56	'8'
      00015F 00                     398 	.db #0x00	; 0
      000160 38                     399 	.db #0x38	; 56	'8'
      000161 00                     400 	.db #0x00	; 0
      000162 3C                     401 	.db #0x3c	; 60
      000163 00                     402 	.db #0x00	; 0
      000164 1E                     403 	.db #0x1e	; 30
      000165 00                     404 	.db #0x00	; 0
      000166 1F                     405 	.db #0x1f	; 31
      000167 00                     406 	.db #0x00	; 0
      000168 0F                     407 	.db #0x0f	; 15
      000169 00                     408 	.db #0x00	; 0
      00016A 03                     409 	.db #0x03	; 3
      00016B 00                     410 	.db #0x00	; 0
      00016C 00                     411 	.db #0x00	; 0
      00016D 00                     412 	.db #0x00	; 0
      00016E 00                     413 	.db #0x00	; 0
      00016F 00                     414 	.db #0x00	; 0
      000170 00                     415 	.db #0x00	; 0
      000171 00                     416 	.db #0x00	; 0
      000172 00                     417 	.db #0x00	; 0
      000173 00                     418 	.db #0x00	; 0
      000174 C0                     419 	.db #0xc0	; 192
      000175 00                     420 	.db #0x00	; 0
      000176 80                     421 	.db #0x80	; 128
      000177 00                     422 	.db #0x00	; 0
      000178 00                     423 	.db #0x00	; 0
      000179 00                     424 	.db #0x00	; 0
      00017A 00                     425 	.db #0x00	; 0
      00017B 00                     426 	.db #0x00	; 0
      00017C 00                     427 	.db #0x00	; 0
      00017D 00                     428 	.db #0x00	; 0
      00017E 00                     429 	.db #0x00	; 0
      00017F 00                     430 	.db #0x00	; 0
      000180 00                     431 	.db #0x00	; 0
      000181 00                     432 	.db #0x00	; 0
      000182 00                     433 	.db #0x00	; 0
      000183 00                     434 	.db #0x00	; 0
      000184 00                     435 	.db #0x00	; 0
      000185 00                     436 	.db #0x00	; 0
      000186 00                     437 	.db #0x00	; 0
      000187 00                     438 	.db #0x00	; 0
      000188 80                     439 	.db #0x80	; 128
      000189 00                     440 	.db #0x00	; 0
      00018A C0                     441 	.db #0xc0	; 192
      00018B 00                     442 	.db #0x00	; 0
      00018C 00                     443 	.db #0x00	; 0
      00018D 00                     444 	.db #0x00	; 0
      00018E 00                     445 	.db #0x00	; 0
      00018F 00                     446 	.db #0x00	; 0
      000190 00                     447 	.db #0x00	; 0
      000191 00                     448 	.db #0x00	; 0
      000192 00                     449 	.db #0x00	; 0
      000193 00                     450 	.db #0x00	; 0
      000194 03                     451 	.db #0x03	; 3
      000195 00                     452 	.db #0x00	; 0
      000196 0F                     453 	.db #0x0f	; 15
      000197 00                     454 	.db #0x00	; 0
      000198 1F                     455 	.db #0x1f	; 31
      000199 00                     456 	.db #0x00	; 0
      00019A 1F                     457 	.db #0x1f	; 31
      00019B 00                     458 	.db #0x00	; 0
      00019C 3F                     459 	.db #0x3f	; 63
      00019D 00                     460 	.db #0x00	; 0
      00019E 3E                     461 	.db #0x3e	; 62
      00019F 00                     462 	.db #0x00	; 0
      0001A0 3C                     463 	.db #0x3c	; 60
      0001A1 00                     464 	.db #0x00	; 0
      0001A2 3C                     465 	.db #0x3c	; 60
      0001A3 00                     466 	.db #0x00	; 0
      0001A4 3C                     467 	.db #0x3c	; 60
      0001A5 00                     468 	.db #0x00	; 0
      0001A6 18                     469 	.db #0x18	; 24
      0001A7 00                     470 	.db #0x00	; 0
      0001A8 18                     471 	.db #0x18	; 24
      0001A9 00                     472 	.db #0x00	; 0
      0001AA 08                     473 	.db #0x08	; 8
      0001AB 00                     474 	.db #0x00	; 0
      0001AC 00                     475 	.db #0x00	; 0
      0001AD 00                     476 	.db #0x00	; 0
      0001AE 00                     477 	.db #0x00	; 0
      0001AF 00                     478 	.db #0x00	; 0
      0001B0 00                     479 	.db #0x00	; 0
      0001B1 00                     480 	.db #0x00	; 0
      0001B2 00                     481 	.db #0x00	; 0
      0001B3 00                     482 	.db #0x00	; 0
      0001B4 C0                     483 	.db #0xc0	; 192
      0001B5 00                     484 	.db #0x00	; 0
      0001B6 F0                     485 	.db #0xf0	; 240
      0001B7 00                     486 	.db #0x00	; 0
      0001B8 F8                     487 	.db #0xf8	; 248
      0001B9 00                     488 	.db #0x00	; 0
      0001BA F8                     489 	.db #0xf8	; 248
      0001BB 00                     490 	.db #0x00	; 0
      0001BC FC                     491 	.db #0xfc	; 252
      0001BD 00                     492 	.db #0x00	; 0
      0001BE 7C                     493 	.db #0x7c	; 124
      0001BF 00                     494 	.db #0x00	; 0
      0001C0 3C                     495 	.db #0x3c	; 60
      0001C1 00                     496 	.db #0x00	; 0
      0001C2 3C                     497 	.db #0x3c	; 60
      0001C3 00                     498 	.db #0x00	; 0
      0001C4 3C                     499 	.db #0x3c	; 60
      0001C5 00                     500 	.db #0x00	; 0
      0001C6 18                     501 	.db #0x18	; 24
      0001C7 00                     502 	.db #0x00	; 0
      0001C8 18                     503 	.db #0x18	; 24
      0001C9 00                     504 	.db #0x00	; 0
      0001CA 10                     505 	.db #0x10	; 16
      0001CB 00                     506 	.db #0x00	; 0
      0001CC 00                     507 	.db #0x00	; 0
      0001CD 00                     508 	.db #0x00	; 0
      0001CE 00                     509 	.db #0x00	; 0
      0001CF 00                     510 	.db #0x00	; 0
      0001D0 00                     511 	.db #0x00	; 0
      0001D1 00                     512 	.db #0x00	; 0
      0001D2 00                     513 	.db #0x00	; 0
      0001D3 00                     514 	.db #0x00	; 0
      0001D4 03                     515 	.db #0x03	; 3
      0001D5 00                     516 	.db #0x00	; 0
      0001D6 0F                     517 	.db #0x0f	; 15
      0001D7 00                     518 	.db #0x00	; 0
      0001D8 1F                     519 	.db #0x1f	; 31
      0001D9 00                     520 	.db #0x00	; 0
      0001DA 1F                     521 	.db #0x1f	; 31
      0001DB 00                     522 	.db #0x00	; 0
      0001DC 3F                     523 	.db #0x3f	; 63
      0001DD 00                     524 	.db #0x00	; 0
      0001DE 3E                     525 	.db #0x3e	; 62
      0001DF 00                     526 	.db #0x00	; 0
      0001E0 38                     527 	.db #0x38	; 56	'8'
      0001E1 00                     528 	.db #0x00	; 0
      0001E2 38                     529 	.db #0x38	; 56	'8'
      0001E3 00                     530 	.db #0x00	; 0
      0001E4 30                     531 	.db #0x30	; 48	'0'
      0001E5 00                     532 	.db #0x00	; 0
      0001E6 10                     533 	.db #0x10	; 16
      0001E7 00                     534 	.db #0x00	; 0
      0001E8 00                     535 	.db #0x00	; 0
      0001E9 00                     536 	.db #0x00	; 0
      0001EA 00                     537 	.db #0x00	; 0
      0001EB 00                     538 	.db #0x00	; 0
      0001EC 00                     539 	.db #0x00	; 0
      0001ED 00                     540 	.db #0x00	; 0
      0001EE 00                     541 	.db #0x00	; 0
      0001EF 00                     542 	.db #0x00	; 0
      0001F0 00                     543 	.db #0x00	; 0
      0001F1 00                     544 	.db #0x00	; 0
      0001F2 00                     545 	.db #0x00	; 0
      0001F3 00                     546 	.db #0x00	; 0
      0001F4 C0                     547 	.db #0xc0	; 192
      0001F5 00                     548 	.db #0x00	; 0
      0001F6 F0                     549 	.db #0xf0	; 240
      0001F7 00                     550 	.db #0x00	; 0
      0001F8 F8                     551 	.db #0xf8	; 248
      0001F9 00                     552 	.db #0x00	; 0
      0001FA F8                     553 	.db #0xf8	; 248
      0001FB 00                     554 	.db #0x00	; 0
      0001FC FC                     555 	.db #0xfc	; 252
      0001FD 00                     556 	.db #0x00	; 0
      0001FE 7C                     557 	.db #0x7c	; 124
      0001FF 00                     558 	.db #0x00	; 0
      000200 1C                     559 	.db #0x1c	; 28
      000201 00                     560 	.db #0x00	; 0
      000202 1C                     561 	.db #0x1c	; 28
      000203 00                     562 	.db #0x00	; 0
      000204 0C                     563 	.db #0x0c	; 12
      000205 00                     564 	.db #0x00	; 0
      000206 08                     565 	.db #0x08	; 8
      000207 00                     566 	.db #0x00	; 0
      000208 00                     567 	.db #0x00	; 0
      000209 00                     568 	.db #0x00	; 0
      00020A 00                     569 	.db #0x00	; 0
      00020B 00                     570 	.db #0x00	; 0
      00020C 00                     571 	.db #0x00	; 0
      00020D 00                     572 	.db #0x00	; 0
      00020E 00                     573 	.db #0x00	; 0
      00020F 00                     574 	.db #0x00	; 0
      000210 00                     575 	.db #0x00	; 0
      000211 00                     576 	.db #0x00	; 0
      000212 00                     577 	.db #0x00	; 0
      000213 00                     578 	.db #0x00	; 0
      000214 03                     579 	.db #0x03	; 3
      000215 00                     580 	.db #0x00	; 0
      000216 0F                     581 	.db #0x0f	; 15
      000217 00                     582 	.db #0x00	; 0
      000218 1F                     583 	.db #0x1f	; 31
      000219 00                     584 	.db #0x00	; 0
      00021A 1E                     585 	.db #0x1e	; 30
      00021B 00                     586 	.db #0x00	; 0
      00021C 3C                     587 	.db #0x3c	; 60
      00021D 00                     588 	.db #0x00	; 0
      00021E 38                     589 	.db #0x38	; 56	'8'
      00021F 00                     590 	.db #0x00	; 0
      000220 30                     591 	.db #0x30	; 48	'0'
      000221 00                     592 	.db #0x00	; 0
      000222 20                     593 	.db #0x20	; 32
      000223 00                     594 	.db #0x00	; 0
      000224 00                     595 	.db #0x00	; 0
      000225 00                     596 	.db #0x00	; 0
      000226 00                     597 	.db #0x00	; 0
      000227 00                     598 	.db #0x00	; 0
      000228 00                     599 	.db #0x00	; 0
      000229 00                     600 	.db #0x00	; 0
      00022A 00                     601 	.db #0x00	; 0
      00022B 00                     602 	.db #0x00	; 0
      00022C 00                     603 	.db #0x00	; 0
      00022D 00                     604 	.db #0x00	; 0
      00022E 00                     605 	.db #0x00	; 0
      00022F 00                     606 	.db #0x00	; 0
      000230 00                     607 	.db #0x00	; 0
      000231 00                     608 	.db #0x00	; 0
      000232 00                     609 	.db #0x00	; 0
      000233 00                     610 	.db #0x00	; 0
      000234 C0                     611 	.db #0xc0	; 192
      000235 00                     612 	.db #0x00	; 0
      000236 F0                     613 	.db #0xf0	; 240
      000237 00                     614 	.db #0x00	; 0
      000238 F8                     615 	.db #0xf8	; 248
      000239 00                     616 	.db #0x00	; 0
      00023A 78                     617 	.db #0x78	; 120	'x'
      00023B 00                     618 	.db #0x00	; 0
      00023C 3C                     619 	.db #0x3c	; 60
      00023D 00                     620 	.db #0x00	; 0
      00023E 1C                     621 	.db #0x1c	; 28
      00023F 00                     622 	.db #0x00	; 0
      000240 0C                     623 	.db #0x0c	; 12
      000241 00                     624 	.db #0x00	; 0
      000242 04                     625 	.db #0x04	; 4
      000243 00                     626 	.db #0x00	; 0
      000244 00                     627 	.db #0x00	; 0
      000245 00                     628 	.db #0x00	; 0
      000246 00                     629 	.db #0x00	; 0
      000247 00                     630 	.db #0x00	; 0
      000248 00                     631 	.db #0x00	; 0
      000249 00                     632 	.db #0x00	; 0
      00024A 00                     633 	.db #0x00	; 0
      00024B 00                     634 	.db #0x00	; 0
      00024C 00                     635 	.db #0x00	; 0
      00024D 00                     636 	.db #0x00	; 0
      00024E 00                     637 	.db #0x00	; 0
      00024F 00                     638 	.db #0x00	; 0
      000250 00                     639 	.db #0x00	; 0
      000251 00                     640 	.db #0x00	; 0
      000252 00                     641 	.db #0x00	; 0
      000253 00                     642 	.db #0x00	; 0
      000254 07                     643 	.db #0x07	; 7
      000255 00                     644 	.db #0x00	; 0
      000256 1F                     645 	.db #0x1f	; 31
      000257 00                     646 	.db #0x00	; 0
      000258 3F                     647 	.db #0x3f	; 63
      000259 00                     648 	.db #0x00	; 0
      00025A 07                     649 	.db #0x07	; 7
      00025B 00                     650 	.db #0x00	; 0
      00025C 00                     651 	.db #0x00	; 0
      00025D 00                     652 	.db #0x00	; 0
      00025E 00                     653 	.db #0x00	; 0
      00025F 00                     654 	.db #0x00	; 0
      000260 00                     655 	.db #0x00	; 0
      000261 00                     656 	.db #0x00	; 0
      000262 00                     657 	.db #0x00	; 0
      000263 00                     658 	.db #0x00	; 0
      000264 07                     659 	.db #0x07	; 7
      000265 00                     660 	.db #0x00	; 0
      000266 3F                     661 	.db #0x3f	; 63
      000267 00                     662 	.db #0x00	; 0
      000268 1F                     663 	.db #0x1f	; 31
      000269 00                     664 	.db #0x00	; 0
      00026A 07                     665 	.db #0x07	; 7
      00026B 00                     666 	.db #0x00	; 0
      00026C 00                     667 	.db #0x00	; 0
      00026D 00                     668 	.db #0x00	; 0
      00026E 00                     669 	.db #0x00	; 0
      00026F 00                     670 	.db #0x00	; 0
      000270 00                     671 	.db #0x00	; 0
      000271 00                     672 	.db #0x00	; 0
      000272 00                     673 	.db #0x00	; 0
      000273 00                     674 	.db #0x00	; 0
      000274 C0                     675 	.db #0xc0	; 192
      000275 00                     676 	.db #0x00	; 0
      000276 F0                     677 	.db #0xf0	; 240
      000277 00                     678 	.db #0x00	; 0
      000278 F8                     679 	.db #0xf8	; 248
      000279 00                     680 	.db #0x00	; 0
      00027A F8                     681 	.db #0xf8	; 248
      00027B 00                     682 	.db #0x00	; 0
      00027C FC                     683 	.db #0xfc	; 252
      00027D 00                     684 	.db #0x00	; 0
      00027E 7C                     685 	.db #0x7c	; 124
      00027F 00                     686 	.db #0x00	; 0
      000280 7C                     687 	.db #0x7c	; 124
      000281 00                     688 	.db #0x00	; 0
      000282 FC                     689 	.db #0xfc	; 252
      000283 00                     690 	.db #0x00	; 0
      000284 F8                     691 	.db #0xf8	; 248
      000285 00                     692 	.db #0x00	; 0
      000286 F8                     693 	.db #0xf8	; 248
      000287 00                     694 	.db #0x00	; 0
      000288 F0                     695 	.db #0xf0	; 240
      000289 00                     696 	.db #0x00	; 0
      00028A C0                     697 	.db #0xc0	; 192
      00028B 00                     698 	.db #0x00	; 0
      00028C 00                     699 	.db #0x00	; 0
      00028D 00                     700 	.db #0x00	; 0
      00028E 00                     701 	.db #0x00	; 0
      00028F 00                     702 	.db #0x00	; 0
      000290 00                     703 	.db #0x00	; 0
      000291 00                     704 	.db #0x00	; 0
      000292 00                     705 	.db #0x00	; 0
      000293 00                     706 	.db #0x00	; 0
      000294 07                     707 	.db #0x07	; 7
      000295 00                     708 	.db #0x00	; 0
      000296 0F                     709 	.db #0x0f	; 15
      000297 00                     710 	.db #0x00	; 0
      000298 03                     711 	.db #0x03	; 3
      000299 00                     712 	.db #0x00	; 0
      00029A 00                     713 	.db #0x00	; 0
      00029B 00                     714 	.db #0x00	; 0
      00029C 00                     715 	.db #0x00	; 0
      00029D 00                     716 	.db #0x00	; 0
      00029E 00                     717 	.db #0x00	; 0
      00029F 00                     718 	.db #0x00	; 0
      0002A0 00                     719 	.db #0x00	; 0
      0002A1 00                     720 	.db #0x00	; 0
      0002A2 00                     721 	.db #0x00	; 0
      0002A3 00                     722 	.db #0x00	; 0
      0002A4 00                     723 	.db #0x00	; 0
      0002A5 00                     724 	.db #0x00	; 0
      0002A6 03                     725 	.db #0x03	; 3
      0002A7 00                     726 	.db #0x00	; 0
      0002A8 0F                     727 	.db #0x0f	; 15
      0002A9 00                     728 	.db #0x00	; 0
      0002AA 07                     729 	.db #0x07	; 7
      0002AB 00                     730 	.db #0x00	; 0
      0002AC 00                     731 	.db #0x00	; 0
      0002AD 00                     732 	.db #0x00	; 0
      0002AE 00                     733 	.db #0x00	; 0
      0002AF 00                     734 	.db #0x00	; 0
      0002B0 00                     735 	.db #0x00	; 0
      0002B1 00                     736 	.db #0x00	; 0
      0002B2 00                     737 	.db #0x00	; 0
      0002B3 00                     738 	.db #0x00	; 0
      0002B4 03                     739 	.db #0x03	; 3
      0002B5 00                     740 	.db #0x00	; 0
      0002B6 01                     741 	.db #0x01	; 1
      0002B7 00                     742 	.db #0x00	; 0
      0002B8 00                     743 	.db #0x00	; 0
      0002B9 00                     744 	.db #0x00	; 0
      0002BA 00                     745 	.db #0x00	; 0
      0002BB 00                     746 	.db #0x00	; 0
      0002BC 00                     747 	.db #0x00	; 0
      0002BD 00                     748 	.db #0x00	; 0
      0002BE 00                     749 	.db #0x00	; 0
      0002BF 00                     750 	.db #0x00	; 0
      0002C0 00                     751 	.db #0x00	; 0
      0002C1 00                     752 	.db #0x00	; 0
      0002C2 00                     753 	.db #0x00	; 0
      0002C3 00                     754 	.db #0x00	; 0
      0002C4 00                     755 	.db #0x00	; 0
      0002C5 00                     756 	.db #0x00	; 0
      0002C6 00                     757 	.db #0x00	; 0
      0002C7 00                     758 	.db #0x00	; 0
      0002C8 01                     759 	.db #0x01	; 1
      0002C9 00                     760 	.db #0x00	; 0
      0002CA 03                     761 	.db #0x03	; 3
      0002CB 00                     762 	.db #0x00	; 0
      0002CC 00                     763 	.db #0x00	; 0
      0002CD 00                     764 	.db #0x00	; 0
      0002CE 00                     765 	.db #0x00	; 0
      0002CF 00                     766 	.db #0x00	; 0
      0002D0 00                     767 	.db #0x00	; 0
      0002D1 00                     768 	.db #0x00	; 0
      0002D2 00                     769 	.db #0x00	; 0
      0002D3 00                     770 	.db #0x00	; 0
      0002D4 C0                     771 	.db #0xc0	; 192
      0002D5 00                     772 	.db #0x00	; 0
      0002D6 F0                     773 	.db #0xf0	; 240
      0002D7 00                     774 	.db #0x00	; 0
      0002D8 F8                     775 	.db #0xf8	; 248
      0002D9 00                     776 	.db #0x00	; 0
      0002DA 78                     777 	.db #0x78	; 120	'x'
      0002DB 00                     778 	.db #0x00	; 0
      0002DC 3C                     779 	.db #0x3c	; 60
      0002DD 00                     780 	.db #0x00	; 0
      0002DE 1C                     781 	.db #0x1c	; 28
      0002DF 00                     782 	.db #0x00	; 0
      0002E0 1C                     783 	.db #0x1c	; 28
      0002E1 00                     784 	.db #0x00	; 0
      0002E2 3C                     785 	.db #0x3c	; 60
      0002E3 00                     786 	.db #0x00	; 0
      0002E4 78                     787 	.db #0x78	; 120	'x'
      0002E5 00                     788 	.db #0x00	; 0
      0002E6 F8                     789 	.db #0xf8	; 248
      0002E7 00                     790 	.db #0x00	; 0
      0002E8 F0                     791 	.db #0xf0	; 240
      0002E9 00                     792 	.db #0x00	; 0
      0002EA C0                     793 	.db #0xc0	; 192
      0002EB 00                     794 	.db #0x00	; 0
      0002EC 00                     795 	.db #0x00	; 0
      0002ED 00                     796 	.db #0x00	; 0
      0002EE 00                     797 	.db #0x00	; 0
      0002EF 00                     798 	.db #0x00	; 0
      0002F0                        799 _Pacman_metasprite0:
      0002F0 F8                     800 	.db #0xf8	; -8
      0002F1 F8                     801 	.db #0xf8	; -8
      0002F2 00                     802 	.db #0x00	; 0
      0002F3 00                     803 	.db #0x00	; 0
      0002F4 00                     804 	.db #0x00	;  0
      0002F5 08                     805 	.db #0x08	;  8
      0002F6 02                     806 	.db #0x02	; 2
      0002F7 00                     807 	.db #0x00	; 0
      0002F8 80                     808 	.db #0x80	; -128
      0002F9 00                     809 	.db #0x00	;  0
      0002FA 00                     810 	.db #0x00	; 0
      0002FB 00                     811 	.db #0x00	; 0
      0002FC                        812 _Pacman_metasprite1:
      0002FC F8                     813 	.db #0xf8	; -8
      0002FD F8                     814 	.db #0xf8	; -8
      0002FE 04                     815 	.db #0x04	; 4
      0002FF 00                     816 	.db #0x00	; 0
      000300 00                     817 	.db #0x00	;  0
      000301 08                     818 	.db #0x08	;  8
      000302 06                     819 	.db #0x06	; 6
      000303 00                     820 	.db #0x00	; 0
      000304 80                     821 	.db #0x80	; -128
      000305 00                     822 	.db #0x00	;  0
      000306 00                     823 	.db #0x00	; 0
      000307 00                     824 	.db #0x00	; 0
      000308                        825 _Pacman_metasprite2:
      000308 F8                     826 	.db #0xf8	; -8
      000309 F8                     827 	.db #0xf8	; -8
      00030A 08                     828 	.db #0x08	; 8
      00030B 00                     829 	.db #0x00	; 0
      00030C 00                     830 	.db #0x00	;  0
      00030D 08                     831 	.db #0x08	;  8
      00030E 0A                     832 	.db #0x0a	; 10
      00030F 00                     833 	.db #0x00	; 0
      000310 80                     834 	.db #0x80	; -128
      000311 00                     835 	.db #0x00	;  0
      000312 00                     836 	.db #0x00	; 0
      000313 00                     837 	.db #0x00	; 0
      000314                        838 _Pacman_metasprite3:
      000314 F8                     839 	.db #0xf8	; -8
      000315 F8                     840 	.db #0xf8	; -8
      000316 0C                     841 	.db #0x0c	; 12
      000317 00                     842 	.db #0x00	; 0
      000318 00                     843 	.db #0x00	;  0
      000319 08                     844 	.db #0x08	;  8
      00031A 0E                     845 	.db #0x0e	; 14
      00031B 00                     846 	.db #0x00	; 0
      00031C 80                     847 	.db #0x80	; -128
      00031D 00                     848 	.db #0x00	;  0
      00031E 00                     849 	.db #0x00	; 0
      00031F 00                     850 	.db #0x00	; 0
      000320                        851 _Pacman_metasprite4:
      000320 F8                     852 	.db #0xf8	; -8
      000321 F8                     853 	.db #0xf8	; -8
      000322 0C                     854 	.db #0x0c	; 12
      000323 00                     855 	.db #0x00	; 0
      000324 00                     856 	.db #0x00	;  0
      000325 08                     857 	.db #0x08	;  8
      000326 10                     858 	.db #0x10	; 16
      000327 00                     859 	.db #0x00	; 0
      000328 80                     860 	.db #0x80	; -128
      000329 00                     861 	.db #0x00	;  0
      00032A 00                     862 	.db #0x00	; 0
      00032B 00                     863 	.db #0x00	; 0
      00032C                        864 _Pacman_metasprite5:
      00032C F8                     865 	.db #0xf8	; -8
      00032D F8                     866 	.db #0xf8	; -8
      00032E 12                     867 	.db #0x12	; 18
      00032F 00                     868 	.db #0x00	; 0
      000330 00                     869 	.db #0x00	;  0
      000331 08                     870 	.db #0x08	;  8
      000332 14                     871 	.db #0x14	; 20
      000333 00                     872 	.db #0x00	; 0
      000334 80                     873 	.db #0x80	; -128
      000335 00                     874 	.db #0x00	;  0
      000336 00                     875 	.db #0x00	; 0
      000337 00                     876 	.db #0x00	; 0
      000338                        877 _Pacman_metasprite6:
      000338 F8                     878 	.db #0xf8	; -8
      000339 F8                     879 	.db #0xf8	; -8
      00033A 16                     880 	.db #0x16	; 22
      00033B 00                     881 	.db #0x00	; 0
      00033C 00                     882 	.db #0x00	;  0
      00033D 08                     883 	.db #0x08	;  8
      00033E 18                     884 	.db #0x18	; 24
      00033F 00                     885 	.db #0x00	; 0
      000340 80                     886 	.db #0x80	; -128
      000341 00                     887 	.db #0x00	;  0
      000342 00                     888 	.db #0x00	; 0
      000343 00                     889 	.db #0x00	; 0
      000344                        890 _Pacman_metasprite7:
      000344 F8                     891 	.db #0xf8	; -8
      000345 F8                     892 	.db #0xf8	; -8
      000346 1A                     893 	.db #0x1a	; 26
      000347 00                     894 	.db #0x00	; 0
      000348 00                     895 	.db #0x00	;  0
      000349 08                     896 	.db #0x08	;  8
      00034A 1C                     897 	.db #0x1c	; 28
      00034B 00                     898 	.db #0x00	; 0
      00034C 80                     899 	.db #0x80	; -128
      00034D 00                     900 	.db #0x00	;  0
      00034E 00                     901 	.db #0x00	; 0
      00034F 00                     902 	.db #0x00	; 0
      000350                        903 _Pacman_metasprite8:
      000350 F8                     904 	.db #0xf8	; -8
      000351 F8                     905 	.db #0xf8	; -8
      000352 1E                     906 	.db #0x1e	; 30
      000353 00                     907 	.db #0x00	; 0
      000354 00                     908 	.db #0x00	;  0
      000355 08                     909 	.db #0x08	;  8
      000356 20                     910 	.db #0x20	; 32
      000357 00                     911 	.db #0x00	; 0
      000358 80                     912 	.db #0x80	; -128
      000359 00                     913 	.db #0x00	;  0
      00035A 00                     914 	.db #0x00	; 0
      00035B 00                     915 	.db #0x00	; 0
      00035C                        916 _Pacman_metasprite9:
      00035C F8                     917 	.db #0xf8	; -8
      00035D F8                     918 	.db #0xf8	; -8
      00035E 22                     919 	.db #0x22	; 34
      00035F 00                     920 	.db #0x00	; 0
      000360 00                     921 	.db #0x00	;  0
      000361 08                     922 	.db #0x08	;  8
      000362 24                     923 	.db #0x24	; 36
      000363 00                     924 	.db #0x00	; 0
      000364 80                     925 	.db #0x80	; -128
      000365 00                     926 	.db #0x00	;  0
      000366 00                     927 	.db #0x00	; 0
      000367 00                     928 	.db #0x00	; 0
      000368                        929 _Pacman_metasprite10:
      000368 F8                     930 	.db #0xf8	; -8
      000369 F8                     931 	.db #0xf8	; -8
      00036A 26                     932 	.db #0x26	; 38
      00036B 00                     933 	.db #0x00	; 0
      00036C 00                     934 	.db #0x00	;  0
      00036D 08                     935 	.db #0x08	;  8
      00036E 24                     936 	.db #0x24	; 36
      00036F 00                     937 	.db #0x00	; 0
      000370 80                     938 	.db #0x80	; -128
      000371 00                     939 	.db #0x00	;  0
      000372 00                     940 	.db #0x00	; 0
      000373 00                     941 	.db #0x00	; 0
      000374                        942 _Pacman_metasprite11:
      000374 F8                     943 	.db #0xf8	; -8
      000375 F8                     944 	.db #0xf8	; -8
      000376 28                     945 	.db #0x28	; 40
      000377 00                     946 	.db #0x00	; 0
      000378 00                     947 	.db #0x00	;  0
      000379 08                     948 	.db #0x08	;  8
      00037A 2A                     949 	.db #0x2a	; 42
      00037B 00                     950 	.db #0x00	; 0
      00037C 80                     951 	.db #0x80	; -128
      00037D 00                     952 	.db #0x00	;  0
      00037E 00                     953 	.db #0x00	; 0
      00037F 00                     954 	.db #0x00	; 0
      000380                        955 _Pacman_metasprites:
      000380rF0r02                  956 	.dw _Pacman_metasprite0
      000382rFCr02                  957 	.dw _Pacman_metasprite1
      000384r08r03                  958 	.dw _Pacman_metasprite2
      000386r14r03                  959 	.dw _Pacman_metasprite3
      000388r20r03                  960 	.dw _Pacman_metasprite4
      00038Ar2Cr03                  961 	.dw _Pacman_metasprite5
      00038Cr38r03                  962 	.dw _Pacman_metasprite6
      00038Er44r03                  963 	.dw _Pacman_metasprite7
      000390r50r03                  964 	.dw _Pacman_metasprite8
      000392r5Cr03                  965 	.dw _Pacman_metasprite9
      000394r68r03                  966 	.dw _Pacman_metasprite10
      000396r74r03                  967 	.dw _Pacman_metasprite11
                                    968 	.area _INITIALIZER
                                    969 	.area _CABS (ABS)
