                                      1 ;--------------------------------------------------------
                                      2 ; File Created by SDCC : free open source ISO C Compiler 
                                      3 ; Version 4.2.2 #13350 (MINGW64)
                                      4 ;--------------------------------------------------------
                                      5 	.module Numbers
                                      6 	.optsdcc -msm83
                                      7 	
                                      8 ;--------------------------------------------------------
                                      9 ; Public variables in this module
                                     10 ;--------------------------------------------------------
                                     11 	.globl _Numbers_map_attributes
                                     12 	.globl _Numbers_map
                                     13 	.globl _Numbers_tiles
                                     14 	.globl _Numbers_palettes
                                     15 	.globl b___func_Numbers
                                     16 	.globl ___func_Numbers
                                     17 ;--------------------------------------------------------
                                     18 ; special function registers
                                     19 ;--------------------------------------------------------
                                     20 ;--------------------------------------------------------
                                     21 ; ram data
                                     22 ;--------------------------------------------------------
                                     23 	.area _DATA
                                     24 ;--------------------------------------------------------
                                     25 ; ram data
                                     26 ;--------------------------------------------------------
                                     27 	.area _INITIALIZED
                                     28 ;--------------------------------------------------------
                                     29 ; absolute external ram data
                                     30 ;--------------------------------------------------------
                                     31 	.area _DABS (ABS)
                                     32 ;--------------------------------------------------------
                                     33 ; global & static initialisations
                                     34 ;--------------------------------------------------------
                                     35 	.area _HOME
                                     36 	.area _GSINIT
                                     37 	.area _GSFINAL
                                     38 	.area _GSINIT
                                     39 ;--------------------------------------------------------
                                     40 ; Home
                                     41 ;--------------------------------------------------------
                                     42 	.area _HOME
                                     43 	.area _HOME
                                     44 ;--------------------------------------------------------
                                     45 ; code
                                     46 ;--------------------------------------------------------
                                     47 	.area _CODE
                                     48 ;D:\Github\Gameboy-Homebrew\GBDK-Tutorials\Games\Pacman-From-Scratch\source\gen\default\graphics\Numbers.c:7: BANKREF(Numbers)
                                     49 ;	---------------------------------
                                     50 ; Function __func_Numbers
                                     51 ; ---------------------------------
                           000000    52 	b___func_Numbers	= 0
      000000                         53 ___func_Numbers::
                                     54 	.local b___func_Numbers 
                           000000    55 	___bank_Numbers = b___func_Numbers 
                                     56 	.globl ___bank_Numbers 
                                     57 	.area _CODE
      000000                         58 _Numbers_palettes:
      000000 00 00                   59 	.dw #0x0000
      000002 00 68                   60 	.dw #0x6800
      000004 1F 46                   61 	.dw #0x461f
      000006 1F 03                   62 	.dw #0x031f
      000008 00 00                   63 	.dw #0x0000
      00000A 31 46                   64 	.dw #0x4631
      00000C 1A 00                   65 	.dw #0x001a
      00000E FF 7F                   66 	.dw #0x7fff
      000010 00 00                   67 	.dw #0x0000
      000012 FF 7F                   68 	.dw #0x7fff
      000014 1F 46                   69 	.dw #0x461f
      000016 1A 00                   70 	.dw #0x001a
      000018                         71 _Numbers_tiles:
      000018 1C                      72 	.db #0x1c	; 28
      000019 1C                      73 	.db #0x1c	; 28
      00001A 26                      74 	.db #0x26	; 38
      00001B 26                      75 	.db #0x26	; 38
      00001C 63                      76 	.db #0x63	; 99	'c'
      00001D 63                      77 	.db #0x63	; 99	'c'
      00001E 63                      78 	.db #0x63	; 99	'c'
      00001F 63                      79 	.db #0x63	; 99	'c'
      000020 63                      80 	.db #0x63	; 99	'c'
      000021 63                      81 	.db #0x63	; 99	'c'
      000022 32                      82 	.db #0x32	; 50	'2'
      000023 32                      83 	.db #0x32	; 50	'2'
      000024 1C                      84 	.db #0x1c	; 28
      000025 1C                      85 	.db #0x1c	; 28
      000026 00                      86 	.db #0x00	; 0
      000027 00                      87 	.db #0x00	; 0
      000028 0C                      88 	.db #0x0c	; 12
      000029 0C                      89 	.db #0x0c	; 12
      00002A 1C                      90 	.db #0x1c	; 28
      00002B 1C                      91 	.db #0x1c	; 28
      00002C 0C                      92 	.db #0x0c	; 12
      00002D 0C                      93 	.db #0x0c	; 12
      00002E 0C                      94 	.db #0x0c	; 12
      00002F 0C                      95 	.db #0x0c	; 12
      000030 0C                      96 	.db #0x0c	; 12
      000031 0C                      97 	.db #0x0c	; 12
      000032 0C                      98 	.db #0x0c	; 12
      000033 0C                      99 	.db #0x0c	; 12
      000034 3F                     100 	.db #0x3f	; 63
      000035 3F                     101 	.db #0x3f	; 63
      000036 00                     102 	.db #0x00	; 0
      000037 00                     103 	.db #0x00	; 0
      000038 3E                     104 	.db #0x3e	; 62
      000039 3E                     105 	.db #0x3e	; 62
      00003A 63                     106 	.db #0x63	; 99	'c'
      00003B 63                     107 	.db #0x63	; 99	'c'
      00003C 07                     108 	.db #0x07	; 7
      00003D 07                     109 	.db #0x07	; 7
      00003E 1E                     110 	.db #0x1e	; 30
      00003F 1E                     111 	.db #0x1e	; 30
      000040 3C                     112 	.db #0x3c	; 60
      000041 3C                     113 	.db #0x3c	; 60
      000042 70                     114 	.db #0x70	; 112	'p'
      000043 70                     115 	.db #0x70	; 112	'p'
      000044 7F                     116 	.db #0x7f	; 127
      000045 7F                     117 	.db #0x7f	; 127
      000046 00                     118 	.db #0x00	; 0
      000047 00                     119 	.db #0x00	; 0
      000048 3F                     120 	.db #0x3f	; 63
      000049 3F                     121 	.db #0x3f	; 63
      00004A 06                     122 	.db #0x06	; 6
      00004B 06                     123 	.db #0x06	; 6
      00004C 0C                     124 	.db #0x0c	; 12
      00004D 0C                     125 	.db #0x0c	; 12
      00004E 1E                     126 	.db #0x1e	; 30
      00004F 1E                     127 	.db #0x1e	; 30
      000050 03                     128 	.db #0x03	; 3
      000051 03                     129 	.db #0x03	; 3
      000052 63                     130 	.db #0x63	; 99	'c'
      000053 63                     131 	.db #0x63	; 99	'c'
      000054 3E                     132 	.db #0x3e	; 62
      000055 3E                     133 	.db #0x3e	; 62
      000056 00                     134 	.db #0x00	; 0
      000057 00                     135 	.db #0x00	; 0
      000058 0E                     136 	.db #0x0e	; 14
      000059 0E                     137 	.db #0x0e	; 14
      00005A 1E                     138 	.db #0x1e	; 30
      00005B 1E                     139 	.db #0x1e	; 30
      00005C 36                     140 	.db #0x36	; 54	'6'
      00005D 36                     141 	.db #0x36	; 54	'6'
      00005E 66                     142 	.db #0x66	; 102	'f'
      00005F 66                     143 	.db #0x66	; 102	'f'
      000060 7F                     144 	.db #0x7f	; 127
      000061 7F                     145 	.db #0x7f	; 127
      000062 06                     146 	.db #0x06	; 6
      000063 06                     147 	.db #0x06	; 6
      000064 06                     148 	.db #0x06	; 6
      000065 06                     149 	.db #0x06	; 6
      000066 00                     150 	.db #0x00	; 0
      000067 00                     151 	.db #0x00	; 0
      000068 7E                     152 	.db #0x7e	; 126
      000069 7E                     153 	.db #0x7e	; 126
      00006A 60                     154 	.db #0x60	; 96
      00006B 60                     155 	.db #0x60	; 96
      00006C 7E                     156 	.db #0x7e	; 126
      00006D 7E                     157 	.db #0x7e	; 126
      00006E 03                     158 	.db #0x03	; 3
      00006F 03                     159 	.db #0x03	; 3
      000070 03                     160 	.db #0x03	; 3
      000071 03                     161 	.db #0x03	; 3
      000072 63                     162 	.db #0x63	; 99	'c'
      000073 63                     163 	.db #0x63	; 99	'c'
      000074 3E                     164 	.db #0x3e	; 62
      000075 3E                     165 	.db #0x3e	; 62
      000076 00                     166 	.db #0x00	; 0
      000077 00                     167 	.db #0x00	; 0
      000078 1E                     168 	.db #0x1e	; 30
      000079 1E                     169 	.db #0x1e	; 30
      00007A 30                     170 	.db #0x30	; 48	'0'
      00007B 30                     171 	.db #0x30	; 48	'0'
      00007C 60                     172 	.db #0x60	; 96
      00007D 60                     173 	.db #0x60	; 96
      00007E 7E                     174 	.db #0x7e	; 126
      00007F 7E                     175 	.db #0x7e	; 126
      000080 63                     176 	.db #0x63	; 99	'c'
      000081 63                     177 	.db #0x63	; 99	'c'
      000082 63                     178 	.db #0x63	; 99	'c'
      000083 63                     179 	.db #0x63	; 99	'c'
      000084 3E                     180 	.db #0x3e	; 62
      000085 3E                     181 	.db #0x3e	; 62
      000086 00                     182 	.db #0x00	; 0
      000087 00                     183 	.db #0x00	; 0
      000088 7F                     184 	.db #0x7f	; 127
      000089 7F                     185 	.db #0x7f	; 127
      00008A 63                     186 	.db #0x63	; 99	'c'
      00008B 63                     187 	.db #0x63	; 99	'c'
      00008C 06                     188 	.db #0x06	; 6
      00008D 06                     189 	.db #0x06	; 6
      00008E 0C                     190 	.db #0x0c	; 12
      00008F 0C                     191 	.db #0x0c	; 12
      000090 18                     192 	.db #0x18	; 24
      000091 18                     193 	.db #0x18	; 24
      000092 18                     194 	.db #0x18	; 24
      000093 18                     195 	.db #0x18	; 24
      000094 18                     196 	.db #0x18	; 24
      000095 18                     197 	.db #0x18	; 24
      000096 00                     198 	.db #0x00	; 0
      000097 00                     199 	.db #0x00	; 0
      000098 3C                     200 	.db #0x3c	; 60
      000099 3C                     201 	.db #0x3c	; 60
      00009A 62                     202 	.db #0x62	; 98	'b'
      00009B 62                     203 	.db #0x62	; 98	'b'
      00009C 72                     204 	.db #0x72	; 114	'r'
      00009D 72                     205 	.db #0x72	; 114	'r'
      00009E 3C                     206 	.db #0x3c	; 60
      00009F 3C                     207 	.db #0x3c	; 60
      0000A0 4F                     208 	.db #0x4f	; 79	'O'
      0000A1 4F                     209 	.db #0x4f	; 79	'O'
      0000A2 43                     210 	.db #0x43	; 67	'C'
      0000A3 43                     211 	.db #0x43	; 67	'C'
      0000A4 3E                     212 	.db #0x3e	; 62
      0000A5 3E                     213 	.db #0x3e	; 62
      0000A6 00                     214 	.db #0x00	; 0
      0000A7 00                     215 	.db #0x00	; 0
      0000A8 3E                     216 	.db #0x3e	; 62
      0000A9 3E                     217 	.db #0x3e	; 62
      0000AA 63                     218 	.db #0x63	; 99	'c'
      0000AB 63                     219 	.db #0x63	; 99	'c'
      0000AC 63                     220 	.db #0x63	; 99	'c'
      0000AD 63                     221 	.db #0x63	; 99	'c'
      0000AE 3F                     222 	.db #0x3f	; 63
      0000AF 3F                     223 	.db #0x3f	; 63
      0000B0 03                     224 	.db #0x03	; 3
      0000B1 03                     225 	.db #0x03	; 3
      0000B2 06                     226 	.db #0x06	; 6
      0000B3 06                     227 	.db #0x06	; 6
      0000B4 3C                     228 	.db #0x3c	; 60
      0000B5 3C                     229 	.db #0x3c	; 60
      0000B6 00                     230 	.db #0x00	; 0
      0000B7 00                     231 	.db #0x00	; 0
      0000B8                        232 _Numbers_map:
      0000B8 00                     233 	.db #0x00	; 0
      0000B9 01                     234 	.db #0x01	; 1
      0000BA 02                     235 	.db #0x02	; 2
      0000BB 03                     236 	.db #0x03	; 3
      0000BC 04                     237 	.db #0x04	; 4
      0000BD 05                     238 	.db #0x05	; 5
      0000BE 06                     239 	.db #0x06	; 6
      0000BF 07                     240 	.db #0x07	; 7
      0000C0 08                     241 	.db #0x08	; 8
      0000C1 09                     242 	.db #0x09	; 9
      0000C2                        243 _Numbers_map_attributes:
      0000C2 01                     244 	.db #0x01	; 1
      0000C3 01                     245 	.db #0x01	; 1
      0000C4 01                     246 	.db #0x01	; 1
      0000C5 01                     247 	.db #0x01	; 1
      0000C6 01                     248 	.db #0x01	; 1
      0000C7 01                     249 	.db #0x01	; 1
      0000C8 01                     250 	.db #0x01	; 1
      0000C9 01                     251 	.db #0x01	; 1
      0000CA 01                     252 	.db #0x01	; 1
      0000CB 01                     253 	.db #0x01	; 1
                                    254 	.area _INITIALIZER
                                    255 	.area _CABS (ABS)
